[2015.11.23-23.18.20:336][  0]Log file open, 11/23/15 17:18:20
[2015.11.23-23.18.20:336][  0]LogInit:Display: Running engine for game: ProjectOmega
[2015.11.23-23.18.20:336][  0]LogInit:Display: RandInit(1670366302) SRandInit(1670366302).
[2015.11.23-23.18.20:336][  0]LogTaskGraph: Started task graph with 4 named threads and 7 total threads.
[2015.11.23-23.18.20:336][  0]LogStats: Stats thread started at 0.073975
[2015.11.23-23.18.20:336][  0]LogInit: Version: 4.9.2-2707645+++depot+UE4-Releases+4.9
[2015.11.23-23.18.20:336][  0]LogInit: API Version: 2672455
[2015.11.23-23.18.20:336][  0]LogInit: Compiled (64-bit): Sep 28 2015 10:25:44
[2015.11.23-23.18.20:336][  0]LogInit: Compiled with Visual C++: 18.00.21005.01
[2015.11.23-23.18.20:336][  0]LogInit: Build Configuration: Development
[2015.11.23-23.18.20:336][  0]LogInit: Branch Name: ++depot+UE4-Releases+4.9
[2015.11.23-23.18.20:336][  0]LogInit: Command line: 
[2015.11.23-23.18.20:336][  0]LogInit: Base directory: E:/Program Files/Epic Games/4.9/Engine/Binaries/Win64/
[2015.11.23-23.18.20:336][  0]LogInit: Rocket: 1
[2015.11.23-23.18.20:343][  0]LogInit: Using libcurl 7.41.0
[2015.11.23-23.18.20:343][  0]LogInit:  - built for x86_64-pc-win32
[2015.11.23-23.18.20:343][  0]LogInit:  - supports SSL with WinSSL
[2015.11.23-23.18.20:343][  0]LogInit:  - other features:
[2015.11.23-23.18.20:343][  0]LogInit:      CURL_VERSION_SSL
[2015.11.23-23.18.20:343][  0]LogInit:      CURL_VERSION_IPV6
[2015.11.23-23.18.20:343][  0]LogInit:      CURL_VERSION_ASYNCHDNS
[2015.11.23-23.18.20:343][  0]LogInit:      CURL_VERSION_LARGEFILE
[2015.11.23-23.18.20:343][  0]LogInit:      CURL_VERSION_IDN
[2015.11.23-23.18.20:343][  0]LogInit:  CurlRequestOptions (configurable via config and command line):
[2015.11.23-23.18.20:343][  0]LogInit:  - bVerifyPeer = true  - Libcurl will verify peer certificate
[2015.11.23-23.18.20:343][  0]LogInit:  - bUseHttpProxy = false  - Libcurl will NOT use HTTP proxy
[2015.11.23-23.18.20:343][  0]LogInit:  - bDontReuseConnections = false  - Libcurl will reuse connections
[2015.11.23-23.18.20:343][  0]LogInit:  - CertBundlePath = nullptr  - Libcurl will use whatever was configured at build time.
[2015.11.23-23.18.20:349][  0]LogInit: Presizing for 0 objects not considered by GC, pre-allocating 0 bytes.
[2015.11.23-23.18.20:354][  0]LogInit: Object subsystem initialized
[2015.11.23-23.18.20:357][  0]LogInit: Selected Device Profile: [Windows]
[2015.11.23-23.18.20:357][  0]LogInit: Applying CVar settings loaded from the selected device profile: [Windows]
[2015.11.23-23.18.20:364][  0]LogInit: Computer: CPC
[2015.11.23-23.18.20:364][  0]LogInit: User: Christopher
[2015.11.23-23.18.20:364][  0]LogInit: CPU Page size=4096, Cores=4
[2015.11.23-23.18.20:364][  0]LogInit: High frequency timer resolution =3.320326 MHz
[2015.11.23-23.18.20:364][  0]LogMemory: Memory total: Physical=7.9GB (8GB approx)
[2015.11.23-23.18.20:364][  0]LogMemory: Platform Memory Stats for Windows
[2015.11.23-23.18.20:364][  0]LogMemory: Process Physical Memory: 53.72 MB used, 53.72 MB peak
[2015.11.23-23.18.20:364][  0]LogMemory: Process Virtual Memory: 54.25 MB used, 54.25 MB peak
[2015.11.23-23.18.20:364][  0]LogMemory: Physical Memory: 3544.43 MB used, 8136.01 MB total
[2015.11.23-23.18.20:364][  0]LogMemory: Virtual Memory: 366.02 MB used, 134217728.00 MB total
[2015.11.23-23.18.20:391][  0]LogTextLocalizationManager: No specific translations for ('en-US') exist, so ('en') translations will be used.
[2015.11.23-23.18.21:039][  0]LogD3D11RHI: Found D3D11 adapter 0: NVIDIA GeForce GTX 650 (Feature Level 11_0)
[2015.11.23-23.18.21:039][  0]LogD3D11RHI: Adapter has 971MB of dedicated video memory, 0MB of dedicated system memory, and 4068MB of shared system memory, 1 output[s]
[2015.11.23-23.18.21:040][  0]LogD3D11RHI: Found D3D11 adapter 1: Microsoft Basic Render Driver (Feature Level 11_0)
[2015.11.23-23.18.21:040][  0]LogD3D11RHI: Adapter has 0MB of dedicated video memory, 0MB of dedicated system memory, and 4068MB of shared system memory, 0 output[s]
[2015.11.23-23.18.21:040][  0]LogD3D11RHI: Chosen D3D11 Adapter Id = 0
[2015.11.23-23.18.21:043][  0]LogD3D11RHI: !Direct3DDevice
[2015.11.23-23.18.21:043][  0]LogRHI: Texture pool is 680 MB (70% of 971 MB)
[2015.11.23-23.18.21:053][  0]LogD3D11RHI: Async texture creation enabled
[2015.11.23-23.18.21:067][  0]LogShaderCompilers: Guid format shader working directory is 15 characters bigger than the processId version (../../../../../../UnrealProjects/GitHub/ProjectOmega/ProjectOmega/Intermediate/Shaders/WorkingDirectory/4420/).
[2015.11.23-23.18.21:067][  0]LogShaderCompilers: Cleaned the shader compiler working directory '../../../../../../UnrealProjects/GitHub/ProjectOmega/ProjectOmega/Intermediate/Shaders/tmp/76AEBC2648D65B538E9C7399D0D888BF/'.
[2015.11.23-23.18.21:067][  0]LogShaderCompilers:Display: Using Local Shader Compiler.
[2015.11.23-23.18.21:967][  0]LogTemp:Display: Loaded TP AllDesktopTargetPlatform
[2015.11.23-23.18.21:972][  0]LogTemp:Display: Loaded TP WindowsClientTargetPlatform
[2015.11.23-23.18.21:977][  0]LogTemp:Display: Loaded TP WindowsNoEditorTargetPlatform
[2015.11.23-23.18.21:981][  0]LogTemp:Display: Loaded TP WindowsServerTargetPlatform
[2015.11.23-23.18.21:985][  0]LogTemp:Display: Loaded TP WindowsTargetPlatform
[2015.11.23-23.18.21:989][  0]LogTemp:Display: Loaded TP AndroidTargetPlatform
[2015.11.23-23.18.21:991][  0]LogTemp:Display: Loaded TP Android_ASTCTargetPlatform
[2015.11.23-23.18.21:994][  0]LogTemp:Display: Loaded TP Android_ATCTargetPlatform
[2015.11.23-23.18.21:997][  0]LogTemp:Display: Loaded TP Android_DXTTargetPlatform
[2015.11.23-23.18.22:000][  0]LogTemp:Display: Loaded TP Android_ETC1TargetPlatform
[2015.11.23-23.18.22:003][  0]LogTemp:Display: Loaded TP Android_ETC2TargetPlatform
[2015.11.23-23.18.22:007][  0]LogTemp:Display: Loaded TP Android_PVRTCTargetPlatform
[2015.11.23-23.18.22:007][  0]LogTemp:Display: Loaded TP HTML5TargetPlatform
[2015.11.23-23.18.22:023][  0]LogTemp:Display: Loaded TP IOSTargetPlatform
[2015.11.23-23.18.22:026][  0]LogTemp:Display: Loaded TP LinuxNoEditorTargetPlatform
[2015.11.23-23.18.22:029][  0]LogTemp:Display: Loaded TP LinuxServerTargetPlatform
[2015.11.23-23.18.22:032][  0]LogTemp:Display: Loaded TP LinuxTargetPlatform
[2015.11.23-23.18.22:032][  0]LogTargetPlatformManager:Display: Building Assets For Windows
[2015.11.23-23.18.22:105][  0]LogDerivedDataCache:Display: Max Cache Size: 512 MB
[2015.11.23-23.18.22:146][  0]LogDerivedDataCache: Loaded boot cache 0.04s 41MB C:/Users/Christopher/AppData/Local/UnrealEngine/4.9/DerivedDataCache/Boot.ddc.
[2015.11.23-23.18.22:146][  0]LogDerivedDataCache:Display: Loaded Boot cache: C:/Users/Christopher/AppData/Local/UnrealEngine/4.9/DerivedDataCache/Boot.ddc
[2015.11.23-23.18.22:146][  0]LogDerivedDataCache: FDerivedDataBackendGraph:  Pak pak cache file ../../../../../../UnrealProjects/GitHub/ProjectOmega/ProjectOmega/DerivedDataCache/DDC.ddp not found, will not use a pak cache.
[2015.11.23-23.18.22:146][  0]LogDerivedDataCache: Unable to find inner node Pak for hierarchical cache Hierarchy.
[2015.11.23-23.18.22:147][  0]LogDerivedDataCache: FDerivedDataBackendGraph:  CompressedPak pak cache file ../../../../../../UnrealProjects/GitHub/ProjectOmega/ProjectOmega/DerivedDataCache/Compressed.ddp not found, will not use a pak cache.
[2015.11.23-23.18.22:147][  0]LogDerivedDataCache: Unable to find inner node CompressedPak for hierarchical cache Hierarchy.
[2015.11.23-23.18.22:271][  0]LogDerivedDataCache:Display: Pak cache opened for reading ../../../Engine/DerivedDataCache/Compressed.ddp.
[2015.11.23-23.18.22:283][  0]LogDerivedDataCache: Using Local data cache path C:/Users/Christopher/AppData/Local/UnrealEngine/Common/DerivedDataCache: Writable
[2015.11.23-23.18.22:430][  0]LogInit: Selected Device Profile: [Windows]
[2015.11.23-23.18.22:432][  0]LogContentStreaming: Texture pool size is 0.000000MB
[2015.11.23-23.18.22:558][  0]LogMeshUtilities: No automatic mesh reduction module available
[2015.11.23-23.18.22:558][  0]LogMeshUtilities: No automatic mesh merging module available
[2015.11.23-23.18.22:806][  0]LogInit: WinSock: version 1.1 (2.2), MaxSocks=32767, MaxUdp=65467
[2015.11.23-23.18.23:488][  0]UdpMessaging: Initializing bridge on interface 0.0.0.0:0 to multicast group 230.0.0.1:6666.
[2015.11.23-23.18.23:596][  0]LogAssetRegistry: FAssetRegistry took 0.0110 seconds to start up
[2015.11.23-23.18.23:726][  0]SourceControl: Info Source control is disabled
[2015.11.23-23.18.23:732][  0]SourceControl: Info Source control is disabled
[2015.11.23-23.18.23:740][  0]SourceControl: Info Source control is disabled
[2015.11.23-23.18.23:748][  0]SourceControl: Info Source control is disabled
[2015.11.23-23.18.23:863][  0]LogLinker:Warning: Asset '../../../Engine/Plugins/Runtime/LeapMotionController/Content/LM_PassthroughMaterial.uasset' has been saved with empty engine version. The asset will be loaded but may be incompatible.
[2015.11.23-23.18.23:933][  0]LogObj: 28361 objects as part of root set at end of initial load.
[2015.11.23-23.18.23:933][  0]LogUObjectAllocator: 6038864 out of 0 bytes used by permanent object pool.
[2015.11.23-23.18.23:982][  0]LogEngine: Initializing Engine...
[2015.11.23-23.18.23:984][  0]LogHMD: Can't find Oculus library dev build: is proper Runtime installed? Version: 0.7.0.0
[2015.11.23-23.18.23:985][  0]LogHMD: SteamVR failed to initialize.  Err: 110
[2015.11.23-23.18.24:084][  0]LogAIModule: Creating AISystem for world NewWorld
[2015.11.23-23.18.24:093][  0]LogInit: XAudio2 using 'Speakers (Logitech USB Headset)' : 2 channels at 44.1 kHz using 16 bits per sample (channel mask 0x3)
[2015.11.23-23.18.24:099][  0]LogInit: FAudioDevice initialized.
[2015.11.23-23.18.24:120][  0]LogDerivedDataCache: Saved boot cache 0.02s 41MB C:/Users/Christopher/AppData/Local/UnrealEngine/4.9/DerivedDataCache/Boot.ddc.
[2015.11.23-23.18.24:124][  0]LogInit: Texture streaming: Enabled
[2015.11.23-23.18.24:129][  0]LogAnalytics: Creating configured Analytics provider AnalyticsET
[2015.11.23-23.18.24:129][  0]LogAnalytics: [UEEditor.Rocket.Release] APIServer = http://et2.epicgames.com/ET2/. AppVersion = 4.9.2-2707645+++depot+UE4-Releases+4.9
[2015.11.23-23.18.24:129][  0]LogAnalytics: [UEEditor.Rocket.Release] SetUserId 1a7f85fe42524bfa077095a3d7021471|515b2367c1d84d6392e35afb326f6481|6e7f0f36-f898-41d8-81e2-21fd351845d2
[2015.11.23-23.18.24:129][  0]LogAnalytics: [UEEditor.Rocket.Release] AnalyticsET::StartSession
[2015.11.23-23.18.24:157][  0]LogInit: Transaction tracking system initialized
[2015.11.23-23.18.24:181][  0]BlueprintLog: New page: Editor Load
[2015.11.23-23.18.24:801][  0]LocalizationService: Info Localization service is disabled
[2015.11.23-23.18.24:964][  0]LogConsoleResponse:Display: 
[2015.11.23-23.18.25:124][  0]LogFileCache: Scanning file cache for directory 'E:/UnrealProjects/GitHub/ProjectOmega/ProjectOmega/Content/' took 0.01s
[2015.11.23-23.18.25:124][  0]LogCook:Display: Done creating registry. It took  0.00s.
[2015.11.23-23.18.25:176][  0]SourceControl: Info Source control is disabled
[2015.11.23-23.18.25:176][  0]Cmd: MAP LOAD FILE="../../../../../../UnrealProjects/GitHub/ProjectOmega/ProjectOmega/Content/ThirdPersonBP/Maps/ThirdPersonExampleMap.umap" TEMPLATE=0 SHOWPROGRESS=1 FEATURELEVEL=3
[2015.11.23-23.18.25:176][  0]LightingResults: New page: Lighting Build
[2015.11.23-23.18.25:179][  0]MapCheck: New page: Map Check
[2015.11.23-23.18.25:179][  0]LightingResults: New page: Lighting Build
[2015.11.23-23.18.25:187][  0]LogParticles: Destroying 0 GPU particle simulations for FXSystem 0x0000003D9CAF7CE0
[2015.11.23-23.18.25:189][  0]LogLinker:Warning: Asset '../../../../../../UnrealProjects/GitHub/ProjectOmega/ProjectOmega/Content/ThirdPersonBP/Blueprints/ThirdPersonCharacter.uasset' has been saved with empty engine version. The asset will be loaded but may be incompatible.
[2015.11.23-23.18.25:190][  0]LogLinker:Warning: Asset '../../../../../../UnrealProjects/GitHub/ProjectOmega/ProjectOmega/Content/Mannequin/Animations/ThirdPerson_AnimBP.uasset' has been saved with empty engine version. The asset will be loaded but may be incompatible.
[2015.11.23-23.18.25:191][  0]LogLinker:Warning: Asset '../../../../../../UnrealProjects/GitHub/ProjectOmega/ProjectOmega/Content/Mannequin/Animations/ThirdPerson_Jump.uasset' has been saved with empty engine version. The asset will be loaded but may be incompatible.
[2015.11.23-23.18.25:205][  0]LogLinker:Warning: Asset '../../../../../../UnrealProjects/GitHub/ProjectOmega/ProjectOmega/Content/Mannequin/Animations/ThirdPersonJump_Loop.uasset' has been saved with empty engine version. The asset will be loaded but may be incompatible.
[2015.11.23-23.18.25:206][  0]LogLinker:Warning: Asset '../../../../../../UnrealProjects/GitHub/ProjectOmega/ProjectOmega/Content/Mannequin/Animations/ThirdPersonJump_Start.uasset' has been saved with empty engine version. The asset will be loaded but may be incompatible.
[2015.11.23-23.18.25:207][  0]LogLinker:Warning: Asset '../../../../../../UnrealProjects/GitHub/ProjectOmega/ProjectOmega/Content/Mannequin/Animations/ThirdPerson_IdleRun_2D.uasset' has been saved with empty engine version. The asset will be loaded but may be incompatible.
[2015.11.23-23.18.25:207][  0]LogLinker:Warning: Asset '../../../../../../UnrealProjects/GitHub/ProjectOmega/ProjectOmega/Content/Mannequin/Animations/ThirdPersonIdle.uasset' has been saved with empty engine version. The asset will be loaded but may be incompatible.
[2015.11.23-23.18.25:208][  0]LogLinker:Warning: Asset '../../../../../../UnrealProjects/GitHub/ProjectOmega/ProjectOmega/Content/Mannequin/Animations/ThirdPersonRun.uasset' has been saved with empty engine version. The asset will be loaded but may be incompatible.
[2015.11.23-23.18.25:209][  0]LogLinker:Warning: Asset '../../../../../../UnrealProjects/GitHub/ProjectOmega/ProjectOmega/Content/Mannequin/Animations/ThirdPersonWalk.uasset' has been saved with empty engine version. The asset will be loaded but may be incompatible.
[2015.11.23-23.18.28:201][  0]LogAIModule: Creating AISystem for world ThirdPersonExampleMap
[2015.11.23-23.18.28:726][  0]LogEditorServer: Finished looking for orphan Actors (0.000 secs)
[2015.11.23-23.18.28:758][  0]Cmd: MAP CHECKDEP NOCLEARLOG
[2015.11.23-23.18.28:796][  0]MapCheck: Info Map check complete: 0 Error(s), 0 Warning(s), took 38.635ms to complete.
[2015.11.23-23.18.28:796][  0]LogFileHelpers: Loading map 'ThirdPersonExampleMap' took 3.620
[2015.11.23-23.18.30:253][  0]LogCollectionManager: Loaded 0 collections in 0.001995 seconds
[2015.11.23-23.18.30:411][  0]LogFileCache: Scanning file cache for directory 'E:/UnrealProjects/GitHub/ProjectOmega/ProjectOmega/Saved/Collections/' took 0.01s
[2015.11.23-23.18.30:411][  0]LogFileCache: Scanning file cache for directory 'E:/UnrealProjects/GitHub/ProjectOmega/ProjectOmega/Content/Developers/Christopher/Collections/' took 0.01s
[2015.11.23-23.18.30:411][  0]LogFileCache: Scanning file cache for directory 'E:/UnrealProjects/GitHub/ProjectOmega/ProjectOmega/Content/Collections/' took 0.01s
[2015.11.23-23.18.30:411][  0]LogContentBrowser: Native class hierarchy populated in 0.0081 seconds. Added 1867 classes and 333 folders.
[2015.11.23-23.18.30:473][  0]LogCollectionManager: Rebuilt the GUID cache for 0 collections in 0.000002 seconds
[2015.11.23-23.18.30:604][  0]LogContentBrowser: Native class hierarchy updated for 'WidgetCarousel' in 0.0003 seconds. Added 0 classes and 0 folders.
[2015.11.23-23.18.30:636][  0]LogContentBrowser: Native class hierarchy updated for 'AddContentDialog' in 0.0003 seconds. Added 0 classes and 0 folders.
[2015.11.23-23.18.30:698][  0]LogContentBrowser: Native class hierarchy updated for 'SceneOutliner' in 0.0003 seconds. Added 1 classes and 2 folders.
[2015.11.23-23.18.31:225][  0]LogCrashTracker: Crashtracker disabled due to settings.
[2015.11.23-23.18.31:592][  0]LogLoad: Full Startup: 11.69 seconds (BP compile: 0.47 seconds)
[2015.11.23-23.18.32:090][  0]LogContentStreaming: Texture pool size now 1000 MB
[2015.11.23-23.18.32:691][  0]LogRenderer: Reallocating scene render targets to support 852x372 (Frame:2).
[2015.11.23-23.18.33:303][  5]LogAssetRegistry: Asset discovery search completed in 9.7176 seconds
[2015.11.23-23.18.33:303][  5]LogCollectionManager: Rebuilt the object cache for 0 collections in 0.000001 seconds (found 0 objects)
[2015.11.23-23.18.33:303][  5]LogCollectionManager: Fixed up redirectors for 0 collections in 0.000019 seconds (updated 0 objects)
[2015.11.23-23.18.39:260][549]LogBlueprintUserMessages: Early PlayInEditor Detection: Level '/Game/ThirdPersonBP/Maps/ThirdPersonExampleMap.ThirdPersonExampleMap:PersistentLevel' has LevelScriptBlueprint '/Game/ThirdPersonBP/Maps/ThirdPersonExampleMap.ThirdPersonExampleMap:PersistentLevel.ThirdPersonExampleMap' with GeneratedClass '/Game/ThirdPersonBP/Maps/ThirdPersonExampleMap.ThirdPersonExampleMap_C' with ClassGeneratedBy '/Game/ThirdPersonBP/Maps/ThirdPersonExampleMap.ThirdPersonExampleMap:PersistentLevel.ThirdPersonExampleMap'
[2015.11.23-23.18.39:261][549]LogPlayLevel: PlayLevel: No blueprints needed recompiling
[2015.11.23-23.18.39:284][549]PIE: New page: PIE session: ThirdPersonExampleMap (Nov 23, 2015, 11:18:39 AM)
[2015.11.23-23.18.39:284][549]LogPlayLevel: Creating play world package: /Game/ThirdPersonBP/Maps/UEDPIE_0_ThirdPersonExampleMap
[2015.11.23-23.18.39:349][549]LogPlayLevel: PIE: StaticDuplicateObject took: (0.065703s)
[2015.11.23-23.18.39:350][549]LogAIModule: Creating AISystem for world ThirdPersonExampleMap
[2015.11.23-23.18.39:350][549]LogPlayLevel: PIE: World Init took: (0.000868s)
[2015.11.23-23.18.39:362][549]LogPlayLevel: PIE: Created PIE world by copying editor world from /Game/ThirdPersonBP/Maps/ThirdPersonExampleMap.ThirdPersonExampleMap to /Game/ThirdPersonBP/Maps/UEDPIE_0_ThirdPersonExampleMap.ThirdPersonExampleMap (0.079198s)
[2015.11.23-23.18.39:436][549]LogInit: XAudio2 using 'Speakers (Logitech USB Headset)' : 2 channels at 44.1 kHz using 16 bits per sample (channel mask 0x3)
[2015.11.23-23.18.39:441][549]LogInit: FAudioDevice initialized.
[2015.11.23-23.18.39:612][549]LogWorld: Game class is 'ThirdPersonGameMode_C'
[2015.11.23-23.18.39:707][549]LogWorld: Bringing World /Game/ThirdPersonBP/Maps/UEDPIE_0_ThirdPersonExampleMap.ThirdPersonExampleMap up for play (max tick rate 0) at 2015.11.23-17.18.39
[2015.11.23-23.18.39:707][549]LogActor:Warning: GameSession /Game/ThirdPersonBP/Maps/UEDPIE_0_ThirdPersonExampleMap.ThirdPersonExampleMap:PersistentLevel.GameSession_0 has natively added scene component(s), but none of them were set as the actor's RootComponent - picking one arbitrarily
[2015.11.23-23.18.39:726][549]LogActor:Warning: GameNetworkManager /Game/ThirdPersonBP/Maps/UEDPIE_0_ThirdPersonExampleMap.ThirdPersonExampleMap:PersistentLevel.GameNetworkManager_0 has natively added scene component(s), but none of them were set as the actor's RootComponent - picking one arbitrarily
[2015.11.23-23.18.39:761][549]LogWorld: Bringing up level for play took: 0.056928
[2015.11.23-23.18.39:912][549]PIE: Info Play in editor start time for /Game/ThirdPersonBP/Maps/UEDPIE_0_ThirdPersonExampleMap 0.846
[2015.11.23-23.18.39:912][549]LogBlueprintUserMessages: Late PlayInEditor Detection: Level '/Game/ThirdPersonBP/Maps/ThirdPersonExampleMap.ThirdPersonExampleMap:PersistentLevel' has LevelScriptBlueprint '/Game/ThirdPersonBP/Maps/ThirdPersonExampleMap.ThirdPersonExampleMap:PersistentLevel.ThirdPersonExampleMap' with GeneratedClass '/Game/ThirdPersonBP/Maps/ThirdPersonExampleMap.ThirdPersonExampleMap_C' with ClassGeneratedBy '/Game/ThirdPersonBP/Maps/ThirdPersonExampleMap.ThirdPersonExampleMap:PersistentLevel.ThirdPersonExampleMap'
[2015.11.23-23.19.56:182][206]LogBlueprintUserMessages: Early EndPlayMap Detection: Level '/Game/ThirdPersonBP/Maps/ThirdPersonExampleMap.ThirdPersonExampleMap:PersistentLevel' has LevelScriptBlueprint '/Game/ThirdPersonBP/Maps/ThirdPersonExampleMap.ThirdPersonExampleMap:PersistentLevel.ThirdPersonExampleMap' with GeneratedClass '/Game/ThirdPersonBP/Maps/ThirdPersonExampleMap.ThirdPersonExampleMap_C' with ClassGeneratedBy '/Game/ThirdPersonBP/Maps/ThirdPersonExampleMap.ThirdPersonExampleMap:PersistentLevel.ThirdPersonExampleMap'
[2015.11.23-23.19.56:279][206]LogBlueprintUserMessages: Late EndPlayMap Detection: Level '/Game/ThirdPersonBP/Maps/ThirdPersonExampleMap.ThirdPersonExampleMap:PersistentLevel' has LevelScriptBlueprint '/Game/ThirdPersonBP/Maps/ThirdPersonExampleMap.ThirdPersonExampleMap:PersistentLevel.ThirdPersonExampleMap' with GeneratedClass '/Game/ThirdPersonBP/Maps/ThirdPersonExampleMap.ThirdPersonExampleMap_C' with ClassGeneratedBy '/Game/ThirdPersonBP/Maps/ThirdPersonExampleMap.ThirdPersonExampleMap:PersistentLevel.ThirdPersonExampleMap'
[2015.11.23-23.19.56:314][206]LogParticles: Destroying 0 GPU particle simulations for FXSystem 0x0000003DAED43E20
[2015.11.23-23.19.57:420][304]LogWindowsTextInputMethodSystem:Display: IME system now deactivated.
[2015.11.23-23.19.57:764][305]Cmd: QUIT_EDITOR
[2015.11.23-23.19.58:401][305]LogExit: Preparing to exit.
[2015.11.23-23.19.58:615][305]LogExit: Editor shut down
[2015.11.23-23.19.58:615][305]LogExit: Transaction tracking system shut down
[2015.11.23-23.19.58:616][305]LogParticles: Destroying 0 GPU particle simulations for FXSystem 0x0000003D8DCC1260
[2015.11.23-23.19.58:616][305]LogParticles: Destroying 0 GPU particle simulations for FXSystem 0x0000003DAED41D00
[2015.11.23-23.19.58:719][305]LogExit: Object subsystem successfully closed.
[2015.11.23-23.19.58:729][305]LogD3D11RHI: Shutdown
[2015.11.23-23.19.58:729][305]LogD3D11RHI: CleanupD3DDevice
[2015.11.23-23.19.58:783][305]LogD3D11RHI: ~FD3D11DynamicRHI
[2015.11.23-23.19.58:799][305]LogModuleManager: Shutting down and abandoning module CrashTracker (197)
[2015.11.23-23.19.58:799][305]LogModuleManager: Shutting down and abandoning module SceneOutliner (196)
[2015.11.23-23.19.58:825][305]LogModuleManager: Shutting down and abandoning module SuperSearch (195)
[2015.11.23-23.19.58:825][305]LogModuleManager: Shutting down and abandoning module WidgetCarousel (194)
[2015.11.23-23.19.58:825][305]LogModuleManager: Shutting down and abandoning module AddContentDialog (193)
[2015.11.23-23.19.58:826][305]LogModuleManager: Shutting down and abandoning module EditorWidgets (192)
[2015.11.23-23.19.58:826][305]LogModuleManager: Shutting down and abandoning module CollectionManager (191)
[2015.11.23-23.19.58:826][305]LogModuleManager: Shutting down and abandoning module StatsViewer (190)
[2015.11.23-23.19.58:826][305]LogModuleManager: Shutting down and abandoning module FoliageEdit (189)
[2015.11.23-23.19.58:826][305]LogModuleManager: Shutting down and abandoning module LandscapeEditor (188)
[2015.11.23-23.19.58:826][305]LogModuleManager: Shutting down and abandoning module ActorPickerMode (187)
[2015.11.23-23.19.58:826][305]LogModuleManager: Shutting down and abandoning module GeometryMode (186)
[2015.11.23-23.19.58:826][305]LogModuleManager: Shutting down and abandoning module TextureAlignMode (185)
[2015.11.23-23.19.58:826][305]LogModuleManager: Shutting down and abandoning module BspMode (184)
[2015.11.23-23.19.58:826][305]LogModuleManager: Shutting down and abandoning module PlacementMode (183)
[2015.11.23-23.19.58:826][305]LogModuleManager: Shutting down and abandoning module AutomationWorker (182)
[2015.11.23-23.19.58:826][305]LogModuleManager: Shutting down and abandoning module CharacterAI (181)
[2015.11.23-23.19.58:826][305]LogModuleManager: Shutting down and abandoning module SmartSnapping (180)
[2015.11.23-23.19.58:827][305]LogModuleManager: Shutting down and abandoning module ViewportSnapping (179)
[2015.11.23-23.19.58:827][305]LogModuleManager: Shutting down and abandoning module LogVisualizer (178)
[2015.11.23-23.19.58:827][305]LogModuleManager: Shutting down and abandoning module GameProjectGeneration (177)
[2015.11.23-23.19.58:827][305]LogModuleManager: Shutting down and abandoning module IntroTutorials (176)
[2015.11.23-23.19.58:827][305]LogModuleManager: Shutting down and abandoning module EditorLiveStreaming (175)
[2015.11.23-23.19.58:827][305]LogModuleManager: Shutting down and abandoning module IOSPlatformEditor (174)
[2015.11.23-23.19.58:827][305]LogModuleManager: Shutting down and abandoning module HTML5PlatformEditor (173)
[2015.11.23-23.19.58:827][305]LogModuleManager: Shutting down and abandoning module AndroidDeviceDetection (172)
[2015.11.23-23.19.58:859][305]LogModuleManager: Shutting down and abandoning module AndroidPlatformEditor (171)
[2015.11.23-23.19.58:859][305]LogModuleManager: Shutting down and abandoning module IOSRuntimeSettings (170)
[2015.11.23-23.19.58:859][305]LogModuleManager: Shutting down and abandoning module AndroidRuntimeSettings (169)
[2015.11.23-23.19.58:859][305]LogModuleManager: Shutting down and abandoning module MergeActors (168)
[2015.11.23-23.19.58:859][305]LogModuleManager: Shutting down and abandoning module SizeMap (167)
[2015.11.23-23.19.58:859][305]LogModuleManager: Shutting down and abandoning module TreeMap (166)
[2015.11.23-23.19.58:859][305]LogModuleManager: Shutting down and abandoning module ReferenceViewer (165)
[2015.11.23-23.19.58:859][305]LogModuleManager: Shutting down and abandoning module LocalizationService (164)
[2015.11.23-23.19.58:859][305]LogModuleManager: Shutting down and abandoning module LocalizationDashboard (163)
[2015.11.23-23.19.58:859][305]LogModuleManager: Shutting down and abandoning module HardwareTargeting (162)
[2015.11.23-23.19.58:859][305]LogModuleManager: Shutting down and abandoning module DeviceProfileEditor (161)
[2015.11.23-23.19.58:859][305]LogModuleManager: Shutting down and abandoning module UndoHistory (160)
[2015.11.23-23.19.58:859][305]LogModuleManager: Shutting down and abandoning module GameplayTagsEditor (159)
[2015.11.23-23.19.58:859][305]LogModuleManager: Shutting down and abandoning module UserFeedback (158)
[2015.11.23-23.19.58:859][305]LogModuleManager: Shutting down and abandoning module XmlParser (157)
[2015.11.23-23.19.58:859][305]LogModuleManager: Shutting down and abandoning module Blutility (156)
[2015.11.23-23.19.58:859][305]LogModuleManager: Shutting down and abandoning module ProjectTargetPlatformEditor (155)
[2015.11.23-23.19.58:859][305]LogModuleManager: Shutting down and abandoning module ProjectSettingsViewer (154)
[2015.11.23-23.19.58:859][305]LogModuleManager: Shutting down and abandoning module InputBindingEditor (153)
[2015.11.23-23.19.58:860][305]LogModuleManager: Shutting down and abandoning module EditorSettingsViewer (152)
[2015.11.23-23.19.58:860][305]LogModuleManager: Shutting down and abandoning module SettingsEditor (151)
[2015.11.23-23.19.58:860][305]LogModuleManager: Shutting down and abandoning module ProjectLauncher (150)
[2015.11.23-23.19.58:860][305]LogModuleManager: Shutting down and abandoning module SessionFrontend (149)
[2015.11.23-23.19.58:860][305]LogModuleManager: Shutting down and abandoning module ProfilerClient (148)
[2015.11.23-23.19.58:860][305]LogModuleManager: Shutting down and abandoning module TargetDeviceServices (147)
[2015.11.23-23.19.58:860][305]LogModuleManager: Shutting down and abandoning module DeviceManager (146)
[2015.11.23-23.19.58:860][305]LogModuleManager: Shutting down and abandoning module AutomationController (145)
[2015.11.23-23.19.58:860][305]LogModuleManager: Shutting down and abandoning module AutomationWindow (144)
[2015.11.23-23.19.58:860][305]LogModuleManager: Shutting down and abandoning module Layers (143)
[2015.11.23-23.19.58:860][305]LogModuleManager: Shutting down and abandoning module ComponentVisualizers (142)
[2015.11.23-23.19.58:860][305]LogModuleManager: Shutting down and abandoning module DetailCustomizations (141)
[2015.11.23-23.19.58:860][305]LogModuleManager: Shutting down and abandoning module PackagesDialog (140)
[2015.11.23-23.19.58:860][305]LogModuleManager: Shutting down and abandoning module Persona (139)
[2015.11.23-23.19.58:860][305]LogModuleManager: Shutting down and abandoning module Kismet (138)
[2015.11.23-23.19.58:860][305]LogModuleManager: Shutting down and abandoning module GraphEditor (137)
[2015.11.23-23.19.58:860][305]LogModuleManager: Shutting down and abandoning module ClassViewer (136)
[2015.11.23-23.19.58:860][305]LogModuleManager: Shutting down and abandoning module Toolbox (135)
[2015.11.23-23.19.58:860][305]LogModuleManager: Shutting down and abandoning module ModuleUI (134)
[2015.11.23-23.19.58:860][305]LogModuleManager: Shutting down and abandoning module MovieSceneTools (133)
[2015.11.23-23.19.58:860][305]LogModuleManager: Shutting down and abandoning module OutputLog (132)
[2015.11.23-23.19.58:860][305]LogModuleManager: Shutting down and abandoning module GammaUI (131)
[2015.11.23-23.19.58:860][305]LogModuleManager: Shutting down and abandoning module Documentation (130)
[2015.11.23-23.19.58:860][305]LogModuleManager: Shutting down and abandoning module GameLiveStreaming (129)
[2015.11.23-23.19.58:860][305]LogModuleManager: Shutting down and abandoning module StreamingPauseRendering (128)
[2015.11.23-23.19.58:860][305]LogModuleManager: Shutting down and abandoning module AnalyticsET (127)
[2015.11.23-23.19.58:860][305]LogModuleManager: Shutting down and abandoning module Analytics (126)
[2015.11.23-23.19.58:860][305]LogModuleManager: Shutting down and abandoning module AITestSuite (125)
[2015.11.23-23.19.58:860][305]LogModuleManager: Shutting down and abandoning module GameplayDebugger (124)
[2015.11.23-23.19.58:860][305]LogModuleManager: Shutting down and abandoning module AIModule (123)
[2015.11.23-23.19.58:860][305]LogModuleManager: Shutting down and abandoning module ProfilerService (122)
[2015.11.23-23.19.59:040][305]LogModuleManager: Shutting down and abandoning module TaskGraph (121)
[2015.11.23-23.19.59:040][305]LogModuleManager: Shutting down and abandoning module SlateRemote (120)
[2015.11.23-23.19.59:040][305]LogModuleManager: Shutting down and abandoning module SteamVRController (119)
[2015.11.23-23.19.59:040][305]LogModuleManager: Shutting down and abandoning module SteamVR (118)
[2015.11.23-23.19.59:040][305]LogModuleManager: Shutting down and abandoning module ProceduralMeshComponent (117)
[2015.11.23-23.19.59:040][305]LogModuleManager: Shutting down and abandoning module OculusRift (116)
[2015.11.23-23.19.59:040][305]LogModuleManager: Shutting down and abandoning module OculusLibrary (115)
[2015.11.23-23.19.59:040][305]LogModuleManager: Shutting down and abandoning module LeapMotionController (114)
[2015.11.23-23.19.59:048][305]LogModuleManager: Shutting down and abandoning module CustomMeshComponent (113)
[2015.11.23-23.19.59:048][305]LogModuleManager: Shutting down and abandoning module CableComponent (112)
[2015.11.23-23.19.59:048][305]LogModuleManager: Shutting down and abandoning module ArchVisCharacter (111)
[2015.11.23-23.19.59:048][305]LogModuleManager: Shutting down and abandoning module MessagingDebugger (110)
[2015.11.23-23.19.59:048][305]LogModuleManager: Shutting down and abandoning module MediaPlayerEditor (109)
[2015.11.23-23.19.59:048][305]LogModuleManager: Shutting down and abandoning module HTML5Networking (108)
[2015.11.23-23.19.59:048][305]LogModuleManager: Shutting down and abandoning module SpeedTreeImporter (107)
[2015.11.23-23.19.59:048][305]LogModuleManager: Shutting down and abandoning module PluginBrowser (106)
[2015.11.23-23.19.59:048][305]LogModuleManager: Shutting down and abandoning module EpicSurvey (105)
[2015.11.23-23.19.59:049][305]LogModuleManager: Shutting down and abandoning module DesktopPlatform (104)
[2015.11.23-23.19.59:049][305]LogModuleManager: Shutting down and abandoning module VisualStudioSourceCodeAccess (103)
[2015.11.23-23.19.59:049][305]LogModuleManager: Shutting down and abandoning module UObjectPlugin (102)
[2015.11.23-23.19.59:049][305]LogModuleManager: Shutting down and abandoning module SubversionSourceControl (101)
[2015.11.23-23.19.59:049][305]LogModuleManager: Shutting down and abandoning module PerforceSourceControl (100)
[2015.11.23-23.19.59:049][305]LogModuleManager: Shutting down and abandoning module SourceControl (99)
[2015.11.23-23.19.59:049][305]LogModuleManager: Shutting down and abandoning module GitSourceControl (98)
[2015.11.23-23.19.59:049][305]LogModuleManager: Shutting down and abandoning module LightPropagationVolumeEditor (97)
[2015.11.23-23.19.59:049][305]LogModuleManager: Shutting down and abandoning module PaperTiledImporter (96)
[2015.11.23-23.19.59:049][305]LogModuleManager: Shutting down and abandoning module PaperSpriteSheetImporter (95)
[2015.11.23-23.19.59:049][305]LogModuleManager: Shutting down and abandoning module MeshPaint (94)
[2015.11.23-23.19.59:049][305]LogModuleManager: Shutting down and abandoning module SlateReflector (93)
[2015.11.23-23.19.59:049][305]LogModuleManager: Shutting down and abandoning module HotReload (92)
[2015.11.23-23.19.59:049][305]LogModuleManager: Shutting down and abandoning module MainFrame (91)
[2015.11.23-23.19.59:049][305]LogModuleManager: Shutting down and abandoning module LevelEditor (90)
[2015.11.23-23.19.59:050][305]LogModuleManager: Shutting down and abandoning module DirectoryWatcher (89)
[2015.11.23-23.19.59:050][305]LogModuleManager: Shutting down and abandoning module AssetRegistry (88)
[2015.11.23-23.19.59:119][305]LogModuleManager: Shutting down and abandoning module ContentBrowser (87)
[2015.11.23-23.19.59:120][305]LogModuleManager: Shutting down and abandoning module Paper2DEditor (86)
[2015.11.23-23.19.59:120][305]LogModuleManager: Shutting down and abandoning module UdpMessaging (85)
[2015.11.23-23.19.59:221][305]LogModuleManager: Shutting down and abandoning module LightPropagationVolumeRuntime (84)
[2015.11.23-23.19.59:221][305]LogModuleManager: Shutting down and abandoning module Paper2D (83)
[2015.11.23-23.19.59:221][305]LogModuleManager: Shutting down and abandoning module WindowsMoviePlayer (82)
[2015.11.23-23.19.59:229][305]LogModuleManager: Shutting down and abandoning module Media (81)
[2015.11.23-23.19.59:229][305]LogModuleManager: Shutting down and abandoning module WmfMedia (80)
[2015.11.23-23.19.59:229][305]LogModuleManager: Shutting down and abandoning module OnlineBlueprintSupport (79)
[2015.11.23-23.19.59:229][305]LogModuleManager: Shutting down and abandoning module GameplayTasksEditor (78)
[2015.11.23-23.19.59:229][305]LogModuleManager: Shutting down and abandoning module PropertyEditor (77)
[2015.11.23-23.19.59:229][305]LogModuleManager: Shutting down and abandoning module BehaviorTreeEditor (76)
[2015.11.23-23.19.59:229][305]LogModuleManager: Shutting down and abandoning module FunctionalTesting (75)
[2015.11.23-23.19.59:229][305]LogModuleManager: Shutting down and abandoning module CollisionAnalyzer (74)
[2015.11.23-23.19.59:229][305]LogModuleManager: Shutting down and abandoning module WorkspaceMenuStructure (73)
[2015.11.23-23.19.59:230][305]LogModuleManager: Shutting down and abandoning module MessageLog (72)
[2015.11.23-23.19.59:230][305]LogModuleManager: Shutting down and abandoning module Sequencer (71)
[2015.11.23-23.19.59:230][305]LogModuleManager: Shutting down and abandoning module AssetTools (70)
[2015.11.23-23.19.59:230][305]LogModuleManager: Shutting down and abandoning module UMGEditor (69)
[2015.11.23-23.19.59:230][305]LogModuleManager: Shutting down and abandoning module UMG (68)
[2015.11.23-23.19.59:230][305]LogModuleManager: Shutting down and abandoning module Slate (67)
[2015.11.23-23.19.59:230][305]LogModuleManager: Shutting down and abandoning module EditorStyle (66)
[2015.11.23-23.19.59:236][305]LogModuleManager: Shutting down and abandoning module SessionServices (65)
[2015.11.23-23.19.59:236][305]LogModuleManager: Shutting down and abandoning module SourceCodeAccess (64)
[2015.11.23-23.19.59:236][305]LogModuleManager: Shutting down and abandoning module HeadMountedDisplay (63)
[2015.11.23-23.19.59:236][305]LogModuleManager: Shutting down and abandoning module XAudio2 (62)
[2015.11.23-23.19.59:236][305]LogModuleManager: Shutting down and abandoning module Networking (60)
[2015.11.23-23.19.59:236][305]LogModuleManager: Shutting down and abandoning module Core (59)
[2015.11.23-23.19.59:236][305]LogModuleManager: Shutting down and abandoning module KismetCompiler (58)
[2015.11.23-23.19.59:236][305]LogModuleManager: Shutting down and abandoning module PhysXFormats (57)
[2015.11.23-23.19.59:236][305]LogModuleManager: Shutting down and abandoning module MeshUtilities (56)
[2015.11.23-23.19.59:236][305]LogModuleManager: Shutting down and abandoning module CookingStats (55)
[2015.11.23-23.19.59:238][305]LogModuleManager: Shutting down and abandoning module DerivedDataCache (54)
[2015.11.23-23.19.59:345][305]LogDerivedDataCache: Shutdown
[2015.11.23-23.19.59:346][305]LogModuleManager: Shutting down and abandoning module ShaderFormatOpenGL (53)
[2015.11.23-23.19.59:346][305]LogModuleManager: Shutting down and abandoning module ShaderFormatD3D (52)
[2015.11.23-23.19.59:346][305]LogModuleManager: Shutting down and abandoning module MetalShaderFormat (51)
[2015.11.23-23.19.59:346][305]LogModuleManager: Shutting down and abandoning module TextureFormatUncompressed (50)
[2015.11.23-23.19.59:346][305]LogModuleManager: Shutting down and abandoning module TextureFormatPVR (49)
[2015.11.23-23.19.59:346][305]LogModuleManager: Shutting down and abandoning module TextureFormatIntelISPCTexComp (48)
[2015.11.23-23.19.59:346][305]LogModuleManager: Shutting down and abandoning module TextureFormatDXT (47)
[2015.11.23-23.19.59:346][305]LogModuleManager: Shutting down and abandoning module ImageWrapper (46)
[2015.11.23-23.19.59:346][305]LogModuleManager: Shutting down and abandoning module TextureFormatASTC (45)
[2015.11.23-23.19.59:346][305]LogModuleManager: Shutting down and abandoning module TextureFormatAndroid (44)
[2015.11.23-23.19.59:346][305]LogModuleManager: Shutting down and abandoning module AudioFormatOpus (43)
[2015.11.23-23.19.59:346][305]LogModuleManager: Shutting down and abandoning module AudioFormatOgg (42)
[2015.11.23-23.19.59:346][305]LogModuleManager: Shutting down and abandoning module AudioFormatADPCM (41)
[2015.11.23-23.19.59:346][305]LogModuleManager: Shutting down and abandoning module LinuxTargetPlatform (40)
[2015.11.23-23.19.59:346][305]LogModuleManager: Shutting down and abandoning module LinuxServerTargetPlatform (39)
[2015.11.23-23.19.59:346][305]LogModuleManager: Shutting down and abandoning module LinuxNoEditorTargetPlatform (38)
[2015.11.23-23.19.59:346][305]LogModuleManager: Shutting down and abandoning module Messaging (37)
[2015.11.23-23.19.59:346][305]LogModuleManager: Shutting down and abandoning module IOSTargetPlatform (36)
[2015.11.23-23.19.59:346][305]LogModuleManager: Shutting down and abandoning module HTML5TargetPlatform (35)
[2015.11.23-23.19.59:346][305]LogModuleManager: Shutting down and abandoning module Android_PVRTCTargetPlatform (34)
[2015.11.23-23.19.59:346][305]LogModuleManager: Shutting down and abandoning module Android_ETC2TargetPlatform (33)
[2015.11.23-23.19.59:346][305]LogModuleManager: Shutting down and abandoning module Android_ETC1TargetPlatform (32)
[2015.11.23-23.19.59:346][305]LogModuleManager: Shutting down and abandoning module Android_DXTTargetPlatform (31)
[2015.11.23-23.19.59:346][305]LogModuleManager: Shutting down and abandoning module Android_ATCTargetPlatform (30)
[2015.11.23-23.19.59:346][305]LogModuleManager: Shutting down and abandoning module Android_ASTCTargetPlatform (29)
[2015.11.23-23.19.59:346][305]LogModuleManager: Shutting down and abandoning module AndroidTargetPlatform (28)
[2015.11.23-23.19.59:347][305]LogModuleManager: Shutting down and abandoning module WindowsTargetPlatform (27)
[2015.11.23-23.19.59:347][305]LogModuleManager: Shutting down and abandoning module WindowsServerTargetPlatform (26)
[2015.11.23-23.19.59:347][305]LogModuleManager: Shutting down and abandoning module WindowsNoEditorTargetPlatform (25)
[2015.11.23-23.19.59:347][305]LogModuleManager: Shutting down and abandoning module WindowsClientTargetPlatform (24)
[2015.11.23-23.19.59:347][305]LogModuleManager: Shutting down and abandoning module AllDesktopTargetPlatform (23)
[2015.11.23-23.19.59:347][305]LogModuleManager: Shutting down and abandoning module TargetPlatform (22)
[2015.11.23-23.19.59:347][305]LogModuleManager: Shutting down and abandoning module InputCore (21)
[2015.11.23-23.19.59:347][305]LogModuleManager: Shutting down and abandoning module Settings (20)
[2015.11.23-23.19.59:347][305]LogModuleManager: Shutting down and abandoning module OnlineSubsystem (18)
[2015.11.23-23.19.59:347][305]LogModuleManager: Shutting down and abandoning module HTTP (17)
[2015.11.23-23.20.00:349][305]LogModuleManager: Shutting down and abandoning module XMPP (16)
[2015.11.23-23.20.00:349][305]LogModuleManager: Shutting down and abandoning module ExampleDeviceProfileSelector (15)
[2015.11.23-23.20.00:349][305]LogModuleManager: Shutting down and abandoning module TextureCompressor (14)
[2015.11.23-23.20.00:349][305]LogModuleManager: Shutting down and abandoning module ShaderCore (13)
[2015.11.23-23.20.00:349][305]LogModuleManager: Shutting down and abandoning module Landscape (12)
[2015.11.23-23.20.00:349][305]LogModuleManager: Shutting down and abandoning module SlateRHIRenderer (11)
[2015.11.23-23.20.00:350][305]LogModuleManager: Shutting down and abandoning module OpenGLDrv (10)
[2015.11.23-23.20.00:350][305]LogModuleManager: Shutting down and abandoning module D3D11RHI (9)
[2015.11.23-23.20.00:350][305]LogModuleManager: Shutting down and abandoning module AnimGraphRuntime (8)
[2015.11.23-23.20.00:350][305]LogModuleManager: Shutting down and abandoning module Renderer (7)
[2015.11.23-23.20.00:350][305]LogModuleManager: Shutting down and abandoning module Engine (6)
[2015.11.23-23.20.00:350][305]LogModuleManager: Shutting down and abandoning module CoreUObject (5)
[2015.11.23-23.20.00:350][305]LogModuleManager: Shutting down and abandoning module NetworkFile (4)
[2015.11.23-23.20.00:350][305]LogModuleManager: Shutting down and abandoning module StreamingFile (3)
[2015.11.23-23.20.00:350][305]LogModuleManager: Shutting down and abandoning module SandboxFile (2)
[2015.11.23-23.20.00:350][305]LogModuleManager: Shutting down and abandoning module PakFile (1)
[2015.11.23-23.20.00:352][305]LogExit: Exiting.
[2015.11.23-23.20.00:378][305]Log file closed, 11/23/15 17:20:00
