[2016.01.13-03.24.48:523][  0]Log file open, 01/12/16 21:24:48
[2016.01.13-03.24.48:523][  0]LogInit:Display: Running engine for game: ProjectOmega
[2016.01.13-03.24.48:523][  0]LogPlatformFile: Not using cached read wrapper
[2016.01.13-03.24.48:523][  0]LogInit:Display: RandInit(1313776861) SRandInit(1313776861).
[2016.01.13-03.24.48:523][  0]LogTaskGraph: Started task graph with 4 named threads and 7 total threads.
[2016.01.13-03.24.48:523][  0]LogStats: Stats thread started at 2.937544
[2016.01.13-03.24.48:523][  0]LogInit: Version: 4.10.2-2818068+++depot+UE4-Releases+4.10
[2016.01.13-03.24.48:523][  0]LogInit: API Version: 2758231
[2016.01.13-03.24.48:523][  0]LogInit: Compiled (64-bit): Jan  6 2016 17:36:42
[2016.01.13-03.24.48:523][  0]LogInit: Compiled with Visual C++: 19.00.23026.00
[2016.01.13-03.24.48:523][  0]LogInit: Build Configuration: Development
[2016.01.13-03.24.48:523][  0]LogInit: Branch Name: ++depot+UE4-Releases+4.10
[2016.01.13-03.24.48:523][  0]LogInit: Command line:  
[2016.01.13-03.24.48:523][  0]LogInit: Base directory: E:/Program Files/Epic Games/4.10/Engine/Binaries/Win64/
[2016.01.13-03.24.48:523][  0]LogInit: Rocket: 1
[2016.01.13-03.24.48:844][  0]LogInit: Using libcurl 7.41.0
[2016.01.13-03.24.48:844][  0]LogInit:  - built for x86_64-pc-win32
[2016.01.13-03.24.48:844][  0]LogInit:  - supports SSL with WinSSL
[2016.01.13-03.24.48:844][  0]LogInit:  - other features:
[2016.01.13-03.24.48:844][  0]LogInit:      CURL_VERSION_SSL
[2016.01.13-03.24.48:844][  0]LogInit:      CURL_VERSION_IPV6
[2016.01.13-03.24.48:877][  0]LogInit:      CURL_VERSION_ASYNCHDNS
[2016.01.13-03.24.48:877][  0]LogInit:      CURL_VERSION_LARGEFILE
[2016.01.13-03.24.48:877][  0]LogInit:      CURL_VERSION_IDN
[2016.01.13-03.24.48:886][  0]LogInit:  CurlRequestOptions (configurable via config and command line):
[2016.01.13-03.24.48:886][  0]LogInit:  - bVerifyPeer = true  - Libcurl will verify peer certificate
[2016.01.13-03.24.48:886][  0]LogInit:  - bUseHttpProxy = false  - Libcurl will NOT use HTTP proxy
[2016.01.13-03.24.48:909][  0]LogInit:  - bDontReuseConnections = false  - Libcurl will reuse connections
[2016.01.13-03.24.48:909][  0]LogInit:  - CertBundlePath = nullptr  - Libcurl will use whatever was configured at build time.
[2016.01.13-03.24.49:345][  0]LogInit: Presizing for 0 objects not considered by GC, pre-allocating 0 bytes.
[2016.01.13-03.24.49:657][  0]LogInit: Object subsystem initialized
[2016.01.13-03.24.49:812][  0]LogInit: Selected Device Profile: [Windows]
[2016.01.13-03.24.49:812][  0]LogInit: Applying CVar settings loaded from the selected device profile: [Windows]
[2016.01.13-03.24.49:902][  0]LogInit: Computer: CPC
[2016.01.13-03.24.49:902][  0]LogInit: User: Christopher
[2016.01.13-03.24.49:902][  0]LogInit: CPU Page size=4096, Cores=4
[2016.01.13-03.24.49:902][  0]LogInit: High frequency timer resolution =3.320323 MHz
[2016.01.13-03.24.49:902][  0]LogMemory: Memory total: Physical=7.9GB (8GB approx)
[2016.01.13-03.24.49:902][  0]LogMemory: Platform Memory Stats for Windows
[2016.01.13-03.24.49:902][  0]LogMemory: Process Physical Memory: 57.73 MB used, 57.73 MB peak
[2016.01.13-03.24.49:902][  0]LogMemory: Process Virtual Memory: 58.84 MB used, 58.84 MB peak
[2016.01.13-03.24.49:902][  0]LogMemory: Physical Memory: 7750.00 MB used, 8136.01 MB total
[2016.01.13-03.24.49:902][  0]LogMemory: Virtual Memory: 387.10 MB used, 134217728.00 MB total
[2016.01.13-03.24.51:632][  0]LogTextLocalizationManager: No specific translations for ('en-US') exist, so ('en') translations will be used.
[2016.01.13-03.24.52:990][  0]LogD3D11RHI: Found D3D11 adapter 0: NVIDIA GeForce GTX 650 (Feature Level 11_0)
[2016.01.13-03.24.52:990][  0]LogD3D11RHI: Adapter has 971MB of dedicated video memory, 0MB of dedicated system memory, and 4068MB of shared system memory, 1 output[s]
[2016.01.13-03.24.52:991][  0]LogD3D11RHI: Found D3D11 adapter 1: Microsoft Basic Render Driver (Feature Level 11_0)
[2016.01.13-03.24.52:991][  0]LogD3D11RHI: Adapter has 0MB of dedicated video memory, 0MB of dedicated system memory, and 4068MB of shared system memory, 0 output[s]
[2016.01.13-03.24.53:009][  0]LogD3D11RHI: Chosen D3D11 Adapter Id = 0
[2016.01.13-03.24.53:030][  0]LogD3D11RHI: !Direct3DDevice
[2016.01.13-03.24.53:031][  0]LogRHI: Texture pool is 680 MB (70% of 971 MB)
[2016.01.13-03.24.53:043][  0]LogD3D11RHI: Async texture creation enabled
[2016.01.13-03.24.53:384][  0]LogShaderCompilers: Guid format shader working directory is -16 characters bigger than the processId version (../../../../../../UnrealProjects/GitHub/ProjectOmega/ProjectOmega/Intermediate/Shaders/WorkingDirectory/1100/).
[2016.01.13-03.24.53:384][  0]LogShaderCompilers: Cleaned the shader compiler working directory 'C:/Users/CHRIST~1/AppData/Local/Temp/UnrealShaderWorkingDir/7E8FA70C4CED3AAA248370B47A580203/'.
[2016.01.13-03.24.53:384][  0]LogShaderCompilers:Display: Using Local Shader Compiler.
[2016.01.13-03.24.56:856][  0]LogTemp:Display: Loaded TP AllDesktopTargetPlatform
[2016.01.13-03.24.56:860][  0]LogTemp:Display: Loaded TP WindowsClientTargetPlatform
[2016.01.13-03.24.56:864][  0]LogTemp:Display: Loaded TP WindowsNoEditorTargetPlatform
[2016.01.13-03.24.56:868][  0]LogTemp:Display: Loaded TP WindowsServerTargetPlatform
[2016.01.13-03.24.56:872][  0]LogTemp:Display: Loaded TP WindowsTargetPlatform
[2016.01.13-03.24.56:877][  0]LogTemp:Display: Loaded TP AndroidTargetPlatform
[2016.01.13-03.24.56:880][  0]LogTemp:Display: Loaded TP Android_ASTCTargetPlatform
[2016.01.13-03.24.56:883][  0]LogTemp:Display: Loaded TP Android_ATCTargetPlatform
[2016.01.13-03.24.56:886][  0]LogTemp:Display: Loaded TP Android_DXTTargetPlatform
[2016.01.13-03.24.56:889][  0]LogTemp:Display: Loaded TP Android_ETC1TargetPlatform
[2016.01.13-03.24.56:893][  0]LogTemp:Display: Loaded TP Android_ETC2TargetPlatform
[2016.01.13-03.24.56:899][  0]LogTemp:Display: Loaded TP Android_MultiTargetPlatform
[2016.01.13-03.24.56:900][  0]LogTemp:Display: Loaded TP Android_PVRTCTargetPlatform
[2016.01.13-03.24.56:914][  0]LogTemp:Display: Loaded TP HTML5TargetPlatform
[2016.01.13-03.24.57:035][  0]LogTemp:Display: Loaded TP IOSTargetPlatform
[2016.01.13-03.24.57:038][  0]LogTemp:Display: Loaded TP LinuxNoEditorTargetPlatform
[2016.01.13-03.24.57:040][  0]LogTemp:Display: Loaded TP LinuxServerTargetPlatform
[2016.01.13-03.24.57:053][  0]LogTemp:Display: Loaded TP LinuxTargetPlatform
[2016.01.13-03.24.57:053][  0]LogTargetPlatformManager:Display: Building Assets For Windows
[2016.01.13-03.24.57:864][  0]LogDerivedDataCache:Display: Max Cache Size: 512 MB
[2016.01.13-03.24.57:864][  0]LogDerivedDataCache:Display: Starting with empty Boot cache
[2016.01.13-03.24.57:864][  0]LogDerivedDataCache: FDerivedDataBackendGraph:  Pak pak cache file ../../../../../../UnrealProjects/GitHub/ProjectOmega/ProjectOmega/DerivedDataCache/DDC.ddp not found, will not use a pak cache.
[2016.01.13-03.24.57:864][  0]LogDerivedDataCache: Unable to find inner node Pak for hierarchical cache Hierarchy.
[2016.01.13-03.24.57:864][  0]LogDerivedDataCache: FDerivedDataBackendGraph:  CompressedPak pak cache file ../../../../../../UnrealProjects/GitHub/ProjectOmega/ProjectOmega/DerivedDataCache/Compressed.ddp not found, will not use a pak cache.
[2016.01.13-03.24.57:864][  0]LogDerivedDataCache: Unable to find inner node CompressedPak for hierarchical cache Hierarchy.
[2016.01.13-03.24.57:967][  0]LogDerivedDataCache:Display: Pak cache opened for reading ../../../Engine/DerivedDataCache/Compressed.ddp.
[2016.01.13-03.24.57:981][  0]LogDerivedDataCache: Using Local data cache path C:/Users/Christopher/AppData/Local/UnrealEngine/Common/DerivedDataCache: Writable
[2016.01.13-03.25.17:485][  0]LogInit: Selected Device Profile: [Windows]
[2016.01.13-03.25.17:859][  0]LogContentStreaming: Texture pool size is 0.000000MB
[2016.01.13-03.25.22:842][  0]LogMeshUtilities: No automatic mesh reduction module available
[2016.01.13-03.25.22:842][  0]LogMeshUtilities: No automatic mesh merging module available
[2016.01.13-03.25.35:600][  0]LogInit: WinSock: version 1.1 (2.2), MaxSocks=32767, MaxUdp=65467
[2016.01.13-03.26.05:741][  0]UdpMessaging: Initializing bridge on interface 0.0.0.0:0 to multicast group 230.0.0.1:6666.
[2016.01.13-03.26.09:855][  0]LogAssetRegistry: FAssetRegistry took 0.0662 seconds to start up
[2016.01.13-03.26.17:659][  0]SourceControl: Info Source control is disabled
[2016.01.13-03.26.17:712][  0]SourceControl: Info Source control is disabled
[2016.01.13-03.26.18:047][  0]SourceControl: Info Source control is disabled
[2016.01.13-03.26.18:160][  0]SourceControl: Info Source control is disabled
[2016.01.13-03.26.26:352][  0]LogObj: 28633 objects as part of root set at end of initial load.
[2016.01.13-03.26.26:355][  0]LogUObjectAllocator: 6099744 out of 0 bytes used by permanent object pool.
[2016.01.13-03.26.30:801][  0]LogAutomationTest:Warning: Smoke tests took > 1s to run: 2.94s
[2016.01.13-03.26.31:329][  0]LogEngine: Initializing Engine...
[2016.01.13-03.26.31:661][  0]LogHMD: Can't find Oculus library dev build: is proper Runtime installed? Version: 0.8.0.0
[2016.01.13-03.26.31:912][  0]LogHMD: SteamVR failed to initialize.  Err: 110
[2016.01.13-03.26.38:215][  0]LogAIModule: Creating AISystem for world NewWorld
[2016.01.13-03.26.39:514][  0]LogInit: XAudio2 using 'Speakers (2- Logitech USB Headset)' : 2 channels at 44.1 kHz using 16 bits per sample (channel mask 0x3)
[2016.01.13-03.26.39:684][  0]LogInit: FAudioDevice initialized.
[2016.01.13-03.26.40:262][  0]LogDerivedDataCache: Saved boot cache 0.56s 41MB C:/Users/Christopher/AppData/Local/UnrealEngine/4.10/DerivedDataCache/Boot.ddc.
[2016.01.13-03.26.40:773][  0]LogInit: Texture streaming: Enabled
[2016.01.13-03.26.41:247][  0]LogAnalytics: Creating configured Analytics provider AnalyticsET
[2016.01.13-03.26.41:274][  0]LogAnalytics: [UEEditor.Rocket.Release] APIServer = http://et2.epicgames.com/ET2/. AppVersion = 4.10.2-2818068+++depot+UE4-Releases+4.10
[2016.01.13-03.26.41:293][  0]LogAnalytics: [UEEditor.Rocket.Release] SetUserId 1a7f85fe42524bfa077095a3d7021471|515b2367c1d84d6392e35afb326f6481|6e7f0f36-f898-41d8-81e2-21fd351845d2
[2016.01.13-03.26.41:421][  0]LogAnalytics: [UEEditor.Rocket.Release] AnalyticsET::StartSession
[2016.01.13-03.26.42:944][  0]LogInit: Transaction tracking system initialized
[2016.01.13-03.26.46:758][  0]BlueprintLog: New page: Editor Load
[2016.01.13-03.26.57:547][  0]LocalizationService: Info Localization service is disabled
[2016.01.13-03.27.08:670][  0]LogConsoleResponse:Display: 
[2016.01.13-03.27.17:944][  0]LogFileCache: Scanning file cache for directory 'E:/UnrealProjects/GitHub/ProjectOmega/ProjectOmega/Content/' took 0.01s
[2016.01.13-03.27.17:977][  0]LogCook:Display: Done creating registry. It took  0.00s.
[2016.01.13-03.27.22:601][  0]SourceControl: Info Source control is disabled
[2016.01.13-03.27.23:043][  0]Cmd: MAP LOAD FILE="../../../Engine/Content/Maps/Templates/Template_Default.umap" TEMPLATE=1 SHOWPROGRESS=1 FEATURELEVEL=3
[2016.01.13-03.27.23:233][  0]LightingResults: New page: Lighting Build
[2016.01.13-03.27.24:184][  0]MapCheck: New page: Map Check
[2016.01.13-03.27.24:184][  0]LightingResults: New page: Lighting Build
[2016.01.13-03.27.25:631][  0]LogParticles: Destroying 0 GPU particle simulations for FXSystem 0x000001F0007D6160
[2016.01.13-03.27.32:875][  0]LogAIModule: Creating AISystem for world Untitled_1
[2016.01.13-03.27.34:706][  0]LogEditorServer: Finished looking for orphan Actors (0.027 secs)
[2016.01.13-03.27.35:551][  0]Cmd: MAP CHECKDEP NOCLEARLOG
[2016.01.13-03.27.38:033][  0]MapCheck: Info Map check complete: 0 Error(s), 0 Warning(s), took 2,481.63ms to complete.
[2016.01.13-03.27.38:051][  0]LogFileHelpers: Loading map 'Template_Default' took 15.241
[2016.01.13-03.27.46:733][  0]LogCollectionManager: Loaded 0 collections in 0.001773 seconds
[2016.01.13-03.27.47:675][  0]LogFileCache: Scanning file cache for directory 'E:/UnrealProjects/GitHub/ProjectOmega/ProjectOmega/Saved/Collections/' took 0.01s
[2016.01.13-03.27.47:675][  0]LogFileCache: Scanning file cache for directory 'E:/UnrealProjects/GitHub/ProjectOmega/ProjectOmega/Content/Developers/Christopher/Collections/' took 0.01s
[2016.01.13-03.27.47:675][  0]LogFileCache: Scanning file cache for directory 'E:/UnrealProjects/GitHub/ProjectOmega/ProjectOmega/Content/Collections/' took 0.01s
[2016.01.13-03.27.47:675][  0]LogCollectionManager: Rebuilt the GUID cache for 0 collections in 0.000004 seconds
[2016.01.13-03.27.47:862][  0]LogContentBrowser: Native class hierarchy populated in 0.1857 seconds. Added 1893 classes and 338 folders.
[2016.01.13-03.27.48:980][  0]LogContentBrowser: Native class hierarchy updated for 'WidgetCarousel' in 0.0006 seconds. Added 0 classes and 0 folders.
[2016.01.13-03.27.51:982][  0]LogContentBrowser: Native class hierarchy updated for 'AddContentDialog' in 0.0005 seconds. Added 0 classes and 0 folders.
[2016.01.13-03.27.52:542][  0]LogContentBrowser: Native class hierarchy updated for 'SceneOutliner' in 0.0003 seconds. Added 1 classes and 2 folders.
[2016.01.13-03.27.55:562][  0]LogCrashTracker: Crashtracker disabled due to settings.
[2016.01.13-03.27.56:672][  0]LogUObjectGlobals:Warning: Failed to find object 'Class None.'
[2016.01.13-03.27.57:314][  0]LogLoad: Full Startup: 194.70 seconds (BP compile: 3.51 seconds)
[2016.01.13-03.27.58:478][  0]LogOcInput: Can't find Oculus library dev build: is proper Runtime installed? Version: 0.8.0.0
[2016.01.13-03.28.02:283][  0]LogContentStreaming: Texture pool size now 1000 MB
[2016.01.13-03.28.08:442][  0]LogRenderer: Reallocating scene render targets to support 852x368 (Frame:2).
[2016.01.13-03.28.13:765][ 10]LogAssetRegistry: Asset discovery search completed in 123.9274 seconds
[2016.01.13-03.28.13:786][ 10]LogCollectionManager: Rebuilt the object cache for 0 collections in 0.000001 seconds (found 0 objects)
[2016.01.13-03.28.13:811][ 10]LogCollectionManager: Fixed up redirectors for 0 collections in 0.014078 seconds (updated 0 objects)
[2016.01.13-03.28.17:382][239]LogPlayLevel: PlayLevel: No blueprints needed recompiling
[2016.01.13-03.28.17:706][239]PIE: New page: PIE session: Untitled_1 (Jan 12, 2016, 3:28:17 PM)
[2016.01.13-03.28.17:842][239]LogPlayLevel: Creating play world package: /Temp/UEDPIE_0_Untitled_1
[2016.01.13-03.28.18:828][239]LogPlayLevel: PIE: StaticDuplicateObject took: (0.986805s)
[2016.01.13-03.28.19:796][239]LogAIModule: Creating AISystem for world Untitled_1
[2016.01.13-03.28.19:936][239]LogPlayLevel: PIE: World Init took: (1.088696s)
[2016.01.13-03.28.19:998][239]LogPlayLevel: PIE: Created PIE world by copying editor world from /Temp/Untitled_1.Untitled_1 to /Temp/UEDPIE_0_Untitled_1.Untitled_1 (2.198065s)
[2016.01.13-03.28.21:035][239]LogInit: XAudio2 using 'Speakers (2- Logitech USB Headset)' : 2 channels at 44.1 kHz using 16 bits per sample (channel mask 0x3)
[2016.01.13-03.28.21:091][239]LogInit: FAudioDevice initialized.
[2016.01.13-03.28.21:833][239]LogWorld: Game class is 'GameMode'
[2016.01.13-03.28.22:323][239]LogWorld: Bringing World /Temp/UEDPIE_0_Untitled_1.Untitled_1 up for play (max tick rate 0) at 2016.01.12-21.28.22
[2016.01.13-03.28.22:323][239]LogActor:Warning: GameSession /Temp/UEDPIE_0_Untitled_1.Untitled_1:PersistentLevel.GameSession_0 has natively added scene component(s), but none of them were set as the actor's RootComponent - picking one arbitrarily
[2016.01.13-03.28.22:323][239]LogActor:Warning: GameNetworkManager /Temp/UEDPIE_0_Untitled_1.Untitled_1:PersistentLevel.GameNetworkManager_0 has natively added scene component(s), but none of them were set as the actor's RootComponent - picking one arbitrarily
[2016.01.13-03.28.22:404][239]LogWorld: Bringing up level for play took: 0.328863
[2016.01.13-03.28.23:520][239]PIE: Info Play in editor start time for /Temp/UEDPIE_0_Untitled_1 6.365
[2016.01.13-03.28.34:420][283]LogParticles: Destroying 0 GPU particle simulations for FXSystem 0x000001F07732F6A0
[2016.01.13-03.28.47:299][406]Cmd: MAP LOAD FILE="../../../../../../UnrealProjects/GitHub/ProjectOmega/ProjectOmega/Content/ThirdPersonBP/Maps/ThirdPersonExampleMap.umap" TEMPLATE=0 SHOWPROGRESS=1 FEATURELEVEL=3
[2016.01.13-03.28.47:444][406]LightingResults: New page: Lighting Build
[2016.01.13-03.28.47:614][406]LoadErrors: New page: Loading map: ThirdPersonExampleMap.umap
[2016.01.13-03.28.47:697][406]MapCheck: New page: Map Check
[2016.01.13-03.28.47:706][406]LightingResults: New page: Lighting Build
[2016.01.13-03.28.47:719][406]LogParticles: Destroying 0 GPU particle simulations for FXSystem 0x000001F07292F740
[2016.01.13-03.28.47:824][406]LogLinker:Warning: Can't find file '/Game/ThirdPersonBP/Blueprints/ThirdPersonCharacter'
[2016.01.13-03.28.47:842][406]LogLinker:Warning: Can't find file for asset '/Game/ThirdPersonBP/Blueprints/ThirdPersonCharacter' while loading ../../../../../../UnrealProjects/GitHub/ProjectOmega/ProjectOmega/Content/ThirdPersonBP/Maps/ThirdPersonExampleMap.umap.
[2016.01.13-03.28.47:857][406]LoadErrors:Error: Error /Game/ThirdPersonBP/Maps/ThirdPersonExampleMap : Can't find file for asset. /Game/ThirdPersonBP/Blueprints/ThirdPersonCharacter
[2016.01.13-03.28.47:857][406]LogLinker:Warning: Can't find file '/Game/ThirdPersonBP/Blueprints/ThirdPersonCharacter'
[2016.01.13-03.28.47:857][406]LogLinker:Warning: Can't find file for asset '/Game/ThirdPersonBP/Blueprints/ThirdPersonCharacter' while loading ../../../../../../UnrealProjects/GitHub/ProjectOmega/ProjectOmega/Content/ThirdPersonBP/Maps/ThirdPersonExampleMap.umap.
[2016.01.13-03.28.47:866][406]LogLinker:Warning: Can't find file '/Game/ThirdPersonBP/Blueprints/ThirdPersonCharacter'
[2016.01.13-03.28.47:867][406]LogLinker:Warning: Can't find file for asset '/Game/ThirdPersonBP/Blueprints/ThirdPersonCharacter' while loading ../../../../../../UnrealProjects/GitHub/ProjectOmega/ProjectOmega/Content/ThirdPersonBP/Maps/ThirdPersonExampleMap.umap.
[2016.01.13-03.28.47:867][406]LogLinker:Warning: Can't find file '/Game/ThirdPersonBP/Blueprints/ThirdPersonCharacter'
[2016.01.13-03.28.47:867][406]LogLinker:Warning: Can't find file for asset '/Game/ThirdPersonBP/Blueprints/ThirdPersonCharacter' while loading ../../../../../../UnrealProjects/GitHub/ProjectOmega/ProjectOmega/Content/ThirdPersonBP/Maps/ThirdPersonExampleMap.umap.
[2016.01.13-03.28.47:867][406]LogLinker:Warning: Can't find file '/Game/ThirdPersonBP/Blueprints/ThirdPersonCharacter'
[2016.01.13-03.28.47:867][406]LogLinker:Warning: Can't find file for asset '/Game/ThirdPersonBP/Blueprints/ThirdPersonCharacter' while loading ../../../../../../UnrealProjects/GitHub/ProjectOmega/ProjectOmega/Content/ThirdPersonBP/Maps/ThirdPersonExampleMap.umap.
[2016.01.13-03.28.47:867][406]LogLinker:Warning: Can't find file '/Game/ThirdPersonBP/Blueprints/ThirdPersonCharacter'
[2016.01.13-03.28.47:867][406]LogLinker:Warning: Can't find file for asset '/Game/ThirdPersonBP/Blueprints/ThirdPersonCharacter' while loading ../../../../../../UnrealProjects/GitHub/ProjectOmega/ProjectOmega/Content/ThirdPersonBP/Maps/ThirdPersonExampleMap.umap.
[2016.01.13-03.28.47:869][406]LogLinker:Warning: Can't find file '/Game/Material_002'
[2016.01.13-03.28.47:869][406]LogLinker:Warning: Can't find file for asset '/Game/Material_002' while loading ../../../../../../UnrealProjects/GitHub/ProjectOmega/ProjectOmega/Content/ThirdPersonBP/Maps/ThirdPersonExampleMap.umap.
[2016.01.13-03.28.47:869][406]LoadErrors:Error: Error /Game/ThirdPersonBP/Maps/ThirdPersonExampleMap : Can't find file for asset. /Game/Material_002
[2016.01.13-03.28.47:869][406]LogLinker:Warning: Can't find file '/Game/Pillow'
[2016.01.13-03.28.47:869][406]LogLinker:Warning: Can't find file for asset '/Game/Pillow' while loading ../../../../../../UnrealProjects/GitHub/ProjectOmega/ProjectOmega/Content/ThirdPersonBP/Maps/ThirdPersonExampleMap.umap.
[2016.01.13-03.28.47:869][406]LoadErrors:Error: Error /Game/ThirdPersonBP/Maps/ThirdPersonExampleMap : Can't find file for asset. /Game/Pillow
[2016.01.13-03.28.47:870][406]LogLinker:Warning: Can't find file '/Game/EndTable'
[2016.01.13-03.28.47:870][406]LogLinker:Warning: Can't find file for asset '/Game/EndTable' while loading ../../../../../../UnrealProjects/GitHub/ProjectOmega/ProjectOmega/Content/ThirdPersonBP/Maps/ThirdPersonExampleMap.umap.
[2016.01.13-03.28.47:870][406]LoadErrors:Error: Error /Game/ThirdPersonBP/Maps/ThirdPersonExampleMap : Can't find file for asset. /Game/EndTable
[2016.01.13-03.28.47:894][406]LogLinker:Warning: Can't find file '/Game/Eye'
[2016.01.13-03.28.47:894][406]LogLinker:Warning: Can't find file for asset '/Game/Eye' while loading ../../../../../../UnrealProjects/GitHub/ProjectOmega/ProjectOmega/Content/Frog.uasset.
[2016.01.13-03.28.47:894][406]LoadErrors:Error: Error /Game/Frog : Can't find file for asset. /Game/Eye
[2016.01.13-03.28.47:895][406]LogLinker:Warning: Can't find file '/Game/Pupil'
[2016.01.13-03.28.47:895][406]LogLinker:Warning: Can't find file for asset '/Game/Pupil' while loading ../../../../../../UnrealProjects/GitHub/ProjectOmega/ProjectOmega/Content/Frog.uasset.
[2016.01.13-03.28.47:895][406]LoadErrors:Error: Error /Game/Frog : Can't find file for asset. /Game/Pupil
[2016.01.13-03.28.47:896][406]LogLinker:Warning: Can't find file '/Game/Eye'
[2016.01.13-03.28.47:896][406]LogLinker:Warning: Can't find file for asset '/Game/Eye' while loading ../../../../../../UnrealProjects/GitHub/ProjectOmega/ProjectOmega/Content/Frog.uasset.
[2016.01.13-03.28.47:896][406]LogLinker:Warning: Can't find file '/Game/Pupil'
[2016.01.13-03.28.47:896][406]LogLinker:Warning: Can't find file for asset '/Game/Pupil' while loading ../../../../../../UnrealProjects/GitHub/ProjectOmega/ProjectOmega/Content/Frog.uasset.
[2016.01.13-03.28.47:897][406]LogLinker:Warning: Can't find file '/Game/Futon'
[2016.01.13-03.28.47:897][406]LogLinker:Warning: Can't find file for asset '/Game/Futon' while loading ../../../../../../UnrealProjects/GitHub/ProjectOmega/ProjectOmega/Content/ThirdPersonBP/Maps/ThirdPersonExampleMap.umap.
[2016.01.13-03.28.47:897][406]LoadErrors:Error: Error /Game/ThirdPersonBP/Maps/ThirdPersonExampleMap : Can't find file for asset. /Game/Futon
[2016.01.13-03.28.47:897][406]LogLinker:Warning: Can't find file '/Game/Geometry/Meshes/TemplateFloor'
[2016.01.13-03.28.47:897][406]LogLinker:Warning: Can't find file for asset '/Game/Geometry/Meshes/TemplateFloor' while loading ../../../../../../UnrealProjects/GitHub/ProjectOmega/ProjectOmega/Content/ThirdPersonBP/Maps/ThirdPersonExampleMap.umap.
[2016.01.13-03.28.47:897][406]LoadErrors:Error: Error /Game/ThirdPersonBP/Maps/ThirdPersonExampleMap : Can't find file for asset. /Game/Geometry/Meshes/TemplateFloor
[2016.01.13-03.28.47:897][406]LogLinker:Warning: Can't find file '/Game/Lamp'
[2016.01.13-03.28.47:897][406]LogLinker:Warning: Can't find file for asset '/Game/Lamp' while loading ../../../../../../UnrealProjects/GitHub/ProjectOmega/ProjectOmega/Content/ThirdPersonBP/Maps/ThirdPersonExampleMap.umap.
[2016.01.13-03.28.47:897][406]LoadErrors:Error: Error /Game/ThirdPersonBP/Maps/ThirdPersonExampleMap : Can't find file for asset. /Game/Lamp
[2016.01.13-03.28.47:897][406]LogLinker:Warning: Can't find file '/Game/Material_002'
[2016.01.13-03.28.47:898][406]LogLinker:Warning: Can't find file for asset '/Game/Material_002' while loading ../../../../../../UnrealProjects/GitHub/ProjectOmega/ProjectOmega/Content/ThirdPersonBP/Maps/ThirdPersonExampleMap.umap.
[2016.01.13-03.28.47:898][406]LogLinker:Warning: Can't find file '/Game/Pillow'
[2016.01.13-03.28.47:898][406]LogLinker:Warning: Can't find file for asset '/Game/Pillow' while loading ../../../../../../UnrealProjects/GitHub/ProjectOmega/ProjectOmega/Content/ThirdPersonBP/Maps/ThirdPersonExampleMap.umap.
[2016.01.13-03.28.47:898][406]LogLinker:Warning: Can't find file '/Game/ThirdPersonBP/Blueprints/ThirdPersonCharacter'
[2016.01.13-03.28.47:898][406]LogLinker:Warning: Can't find file for asset '/Game/ThirdPersonBP/Blueprints/ThirdPersonCharacter' while loading ../../../../../../UnrealProjects/GitHub/ProjectOmega/ProjectOmega/Content/ThirdPersonBP/Maps/ThirdPersonExampleMap.umap.
[2016.01.13-03.28.47:898][406]LogLinker:Warning: Can't find file '/Game/ThirdPersonBP/Blueprints/ThirdPersonCharacter'
[2016.01.13-03.28.47:898][406]LogLinker:Warning: Can't find file for asset '/Game/ThirdPersonBP/Blueprints/ThirdPersonCharacter' while loading ../../../../../../UnrealProjects/GitHub/ProjectOmega/ProjectOmega/Content/ThirdPersonBP/Maps/ThirdPersonExampleMap.umap.
[2016.01.13-03.28.47:898][406]LogLinker:Warning: Can't find file '/Game/ThirdPersonBP/Blueprints/ThirdPersonCharacter'
[2016.01.13-03.28.47:899][406]LogLinker:Warning: Can't find file for asset '/Game/ThirdPersonBP/Blueprints/ThirdPersonCharacter' while loading ../../../../../../UnrealProjects/GitHub/ProjectOmega/ProjectOmega/Content/ThirdPersonBP/Maps/ThirdPersonExampleMap.umap.
[2016.01.13-03.28.47:899][406]LogLinker:Warning: Can't find file '/Game/EndTable'
[2016.01.13-03.28.47:899][406]LogLinker:Warning: Can't find file for asset '/Game/EndTable' while loading ../../../../../../UnrealProjects/GitHub/ProjectOmega/ProjectOmega/Content/ThirdPersonBP/Maps/ThirdPersonExampleMap.umap.
[2016.01.13-03.28.47:899][406]LogLinker:Warning: Can't find file '/Game/Futon'
[2016.01.13-03.28.47:899][406]LogLinker:Warning: Can't find file for asset '/Game/Futon' while loading ../../../../../../UnrealProjects/GitHub/ProjectOmega/ProjectOmega/Content/ThirdPersonBP/Maps/ThirdPersonExampleMap.umap.
[2016.01.13-03.28.47:899][406]LogLinker:Warning: Can't find file '/Game/Geometry/Meshes/TemplateFloor'
[2016.01.13-03.28.47:899][406]LogLinker:Warning: Can't find file for asset '/Game/Geometry/Meshes/TemplateFloor' while loading ../../../../../../UnrealProjects/GitHub/ProjectOmega/ProjectOmega/Content/ThirdPersonBP/Maps/ThirdPersonExampleMap.umap.
[2016.01.13-03.28.47:899][406]LogLinker:Warning: Can't find file '/Game/Lamp'
[2016.01.13-03.28.47:899][406]LogLinker:Warning: Can't find file for asset '/Game/Lamp' while loading ../../../../../../UnrealProjects/GitHub/ProjectOmega/ProjectOmega/Content/ThirdPersonBP/Maps/ThirdPersonExampleMap.umap.
[2016.01.13-03.28.47:900][406]LogLinker:Warning: Can't find file '/Game/ThirdPersonBP/Blueprints/ThirdPersonCharacter'
[2016.01.13-03.28.47:900][406]LogLinker:Warning: Can't find file for asset '/Game/ThirdPersonBP/Blueprints/ThirdPersonCharacter' while loading ../../../../../../UnrealProjects/GitHub/ProjectOmega/ProjectOmega/Content/ThirdPersonBP/Maps/ThirdPersonExampleMap.umap.
[2016.01.13-03.28.47:900][406]LogLinker:Warning: Can't find file '/Game/ThirdPersonBP/Blueprints/ThirdPersonCharacter'
[2016.01.13-03.28.47:900][406]LogLinker:Warning: Can't find file for asset '/Game/ThirdPersonBP/Blueprints/ThirdPersonCharacter' while loading NULL.
[2016.01.13-03.28.47:900][406]LogLinker:Warning: Can't find file '/Game/ThirdPersonBP/Blueprints/ThirdPersonCharacter'
[2016.01.13-03.28.47:900][406]LogLinker:Warning: Can't find file for asset '/Game/ThirdPersonBP/Blueprints/ThirdPersonCharacter' while loading NULL.
[2016.01.13-03.28.47:900][406]LogLinker:Warning: Can't find file '/Game/ThirdPersonBP/Blueprints/ThirdPersonCharacter'
[2016.01.13-03.28.47:900][406]LogLinker:Warning: Can't find file for asset '/Game/ThirdPersonBP/Blueprints/ThirdPersonCharacter' while loading NULL.
[2016.01.13-03.28.47:901][406]LogLinker:Warning: Can't find file '/Game/ThirdPersonBP/Blueprints/ThirdPersonCharacter'
[2016.01.13-03.28.47:901][406]LogLinker:Warning: Can't find file for asset '/Game/ThirdPersonBP/Blueprints/ThirdPersonCharacter' while loading NULL.
[2016.01.13-03.28.47:901][406]LogLinker:Warning: Can't find file '/Game/ThirdPersonBP/Blueprints/ThirdPersonCharacter'
[2016.01.13-03.28.47:901][406]LogLinker:Warning: Can't find file for asset '/Game/ThirdPersonBP/Blueprints/ThirdPersonCharacter' while loading NULL.
[2016.01.13-03.28.47:901][406]LogLinker:Warning: Can't find file '/Game/ThirdPersonBP/Blueprints/ThirdPersonCharacter'
[2016.01.13-03.28.47:901][406]LogLinker:Warning: Can't find file for asset '/Game/ThirdPersonBP/Blueprints/ThirdPersonCharacter' while loading NULL.
[2016.01.13-03.28.47:901][406]LogLinker:Warning: Can't find file '/Game/Material_002'
[2016.01.13-03.28.47:901][406]LogLinker:Warning: Can't find file for asset '/Game/Material_002' while loading NULL.
[2016.01.13-03.28.47:901][406]LogLinker:Warning: Can't find file '/Game/Pillow'
[2016.01.13-03.28.47:901][406]LogLinker:Warning: Can't find file for asset '/Game/Pillow' while loading NULL.
[2016.01.13-03.28.47:901][406]LogLinker:Warning: Can't find file '/Game/EndTable'
[2016.01.13-03.28.47:901][406]LogLinker:Warning: Can't find file for asset '/Game/EndTable' while loading NULL.
[2016.01.13-03.28.47:901][406]LogLinker:Warning: Can't find file '/Game/Futon'
[2016.01.13-03.28.47:901][406]LogLinker:Warning: Can't find file for asset '/Game/Futon' while loading NULL.
[2016.01.13-03.28.47:901][406]LogLinker:Warning: Can't find file '/Game/Geometry/Meshes/TemplateFloor'
[2016.01.13-03.28.47:901][406]LogLinker:Warning: Can't find file for asset '/Game/Geometry/Meshes/TemplateFloor' while loading NULL.
[2016.01.13-03.28.47:901][406]LogLinker:Warning: Can't find file '/Game/Lamp'
[2016.01.13-03.28.47:902][406]LogLinker:Warning: Can't find file for asset '/Game/Lamp' while loading NULL.
[2016.01.13-03.28.47:902][406]LogLinker:Warning: Can't find file '/Game/Material_002'
[2016.01.13-03.28.47:902][406]LogLinker:Warning: Can't find file for asset '/Game/Material_002' while loading NULL.
[2016.01.13-03.28.47:902][406]LogLinker:Warning: Can't find file '/Game/Pillow'
[2016.01.13-03.28.47:902][406]LogLinker:Warning: Can't find file for asset '/Game/Pillow' while loading NULL.
[2016.01.13-03.28.47:902][406]LogLinker:Warning: Can't find file '/Game/ThirdPersonBP/Blueprints/ThirdPersonCharacter'
[2016.01.13-03.28.47:902][406]LogLinker:Warning: Can't find file for asset '/Game/ThirdPersonBP/Blueprints/ThirdPersonCharacter' while loading NULL.
[2016.01.13-03.28.47:902][406]LogLinker:Warning: Can't find file '/Game/ThirdPersonBP/Blueprints/ThirdPersonCharacter'
[2016.01.13-03.28.47:902][406]LogLinker:Warning: Can't find file for asset '/Game/ThirdPersonBP/Blueprints/ThirdPersonCharacter' while loading NULL.
[2016.01.13-03.28.47:902][406]LogLinker:Warning: Can't find file '/Game/ThirdPersonBP/Blueprints/ThirdPersonCharacter'
[2016.01.13-03.28.47:902][406]LogLinker:Warning: Can't find file for asset '/Game/ThirdPersonBP/Blueprints/ThirdPersonCharacter' while loading NULL.
[2016.01.13-03.28.47:902][406]LogLinker:Warning: Can't find file '/Game/EndTable'
[2016.01.13-03.28.47:902][406]LogLinker:Warning: Can't find file for asset '/Game/EndTable' while loading NULL.
[2016.01.13-03.28.47:902][406]LogLinker:Warning: Can't find file '/Game/Futon'
[2016.01.13-03.28.47:902][406]LogLinker:Warning: Can't find file for asset '/Game/Futon' while loading NULL.
[2016.01.13-03.28.47:902][406]LogLinker:Warning: Can't find file '/Game/Geometry/Meshes/TemplateFloor'
[2016.01.13-03.28.47:902][406]LogLinker:Warning: Can't find file for asset '/Game/Geometry/Meshes/TemplateFloor' while loading NULL.
[2016.01.13-03.28.47:902][406]LogLinker:Warning: Can't find file '/Game/Lamp'
[2016.01.13-03.28.47:903][406]LogLinker:Warning: Can't find file for asset '/Game/Lamp' while loading NULL.
[2016.01.13-03.28.47:903][406]LogLinker:Warning: Can't find file '/Game/ThirdPersonBP/Blueprints/ThirdPersonCharacter'
[2016.01.13-03.28.47:903][406]LogLinker:Warning: Can't find file for asset '/Game/ThirdPersonBP/Blueprints/ThirdPersonCharacter' while loading NULL.
[2016.01.13-03.28.48:169][406]LogLinker:Warning: Can't find file '/Game/ThirdPersonBP/Blueprints/ThirdPersonCharacter'
[2016.01.13-03.28.48:169][406]LogLinker:Warning: Can't find file for asset '/Game/ThirdPersonBP/Blueprints/ThirdPersonCharacter' while loading NULL.
[2016.01.13-03.28.48:169][406]LogLinker:Warning: Can't find file '/Game/ThirdPersonBP/Blueprints/ThirdPersonCharacter'
[2016.01.13-03.28.48:170][406]LogLinker:Warning: Can't find file for asset '/Game/ThirdPersonBP/Blueprints/ThirdPersonCharacter' while loading NULL.
[2016.01.13-03.28.48:267][406]LogLinker:Warning: Can't find file '/Game/ThirdPersonBP/Blueprints/ThirdPersonCharacter'
[2016.01.13-03.28.48:267][406]LogLinker:Warning: Can't find file for asset '/Game/ThirdPersonBP/Blueprints/ThirdPersonCharacter' while loading NULL.
[2016.01.13-03.28.48:267][406]LogLinker:Warning: Can't find file '/Game/ThirdPersonBP/Blueprints/ThirdPersonCharacter'
[2016.01.13-03.28.48:268][406]LogLinker:Warning: Can't find file for asset '/Game/ThirdPersonBP/Blueprints/ThirdPersonCharacter' while loading NULL.
[2016.01.13-03.28.48:268][406]LogLinker:Warning: Can't find file '/Game/ThirdPersonBP/Blueprints/ThirdPersonCharacter'
[2016.01.13-03.28.48:268][406]LogLinker:Warning: Can't find file for asset '/Game/ThirdPersonBP/Blueprints/ThirdPersonCharacter' while loading NULL.
[2016.01.13-03.28.48:268][406]LogLinker:Warning: Can't find file '/Game/ThirdPersonBP/Blueprints/ThirdPersonCharacter'
[2016.01.13-03.28.48:268][406]LogLinker:Warning: Can't find file for asset '/Game/ThirdPersonBP/Blueprints/ThirdPersonCharacter' while loading NULL.
[2016.01.13-03.28.48:268][406]LogLinker:Warning: Can't find file '/Game/ThirdPersonBP/Blueprints/ThirdPersonCharacter'
[2016.01.13-03.28.48:268][406]LogLinker:Warning: Can't find file for asset '/Game/ThirdPersonBP/Blueprints/ThirdPersonCharacter' while loading NULL.
[2016.01.13-03.28.48:268][406]LogLinker:Warning: Can't find file '/Game/ThirdPersonBP/Blueprints/ThirdPersonCharacter'
[2016.01.13-03.28.48:268][406]LogLinker:Warning: Can't find file for asset '/Game/ThirdPersonBP/Blueprints/ThirdPersonCharacter' while loading NULL.
[2016.01.13-03.28.48:268][406]LogLinker:Warning: Can't find file '/Game/ThirdPersonBP/Blueprints/ThirdPersonCharacter'
[2016.01.13-03.28.48:268][406]LogLinker:Warning: Can't find file for asset '/Game/ThirdPersonBP/Blueprints/ThirdPersonCharacter' while loading NULL.
[2016.01.13-03.28.48:268][406]LogLinker:Warning: Can't find file '/Game/ThirdPersonBP/Blueprints/ThirdPersonCharacter'
[2016.01.13-03.28.48:268][406]LogLinker:Warning: Can't find file for asset '/Game/ThirdPersonBP/Blueprints/ThirdPersonCharacter' while loading NULL.
[2016.01.13-03.28.48:269][406]LogLinker:Warning: Can't find file '/Game/ThirdPersonBP/Blueprints/ThirdPersonCharacter'
[2016.01.13-03.28.48:269][406]LogLinker:Warning: Can't find file for asset '/Game/ThirdPersonBP/Blueprints/ThirdPersonCharacter' while loading NULL.
[2016.01.13-03.28.48:269][406]LogLinker:Warning: Can't find file '/Game/ThirdPersonBP/Blueprints/ThirdPersonCharacter'
[2016.01.13-03.28.48:269][406]LogLinker:Warning: Can't find file for asset '/Game/ThirdPersonBP/Blueprints/ThirdPersonCharacter' while loading NULL.
[2016.01.13-03.28.48:269][406]LogLinker:Warning: Can't find file '/Game/ThirdPersonBP/Blueprints/ThirdPersonCharacter'
[2016.01.13-03.28.48:270][406]LogLinker:Warning: Can't find file for asset '/Game/ThirdPersonBP/Blueprints/ThirdPersonCharacter' while loading NULL.
[2016.01.13-03.28.48:270][406]LogLinker:Warning: Can't find file '/Game/ThirdPersonBP/Blueprints/ThirdPersonCharacter'
[2016.01.13-03.28.48:270][406]LogLinker:Warning: Can't find file for asset '/Game/ThirdPersonBP/Blueprints/ThirdPersonCharacter' while loading NULL.
[2016.01.13-03.28.48:270][406]LogLinker:Warning: Can't find file '/Game/ThirdPersonBP/Blueprints/ThirdPersonCharacter'
[2016.01.13-03.28.48:270][406]LogLinker:Warning: Can't find file for asset '/Game/ThirdPersonBP/Blueprints/ThirdPersonCharacter' while loading NULL.
[2016.01.13-03.28.48:270][406]LogLinker:Warning: Can't find file '/Game/ThirdPersonBP/Blueprints/ThirdPersonCharacter'
[2016.01.13-03.28.48:271][406]LogLinker:Warning: Can't find file for asset '/Game/ThirdPersonBP/Blueprints/ThirdPersonCharacter' while loading NULL.
[2016.01.13-03.28.48:271][406]LogLinker:Warning: Can't find file '/Game/Eye'
[2016.01.13-03.28.48:281][406]LoadErrors: Info Failed to load /Game/Eye.Eye Referenced by Frog
[2016.01.13-03.28.48:281][406]LogLinker:Warning: Can't find file for asset '/Game/Eye' while loading NULL.
[2016.01.13-03.28.48:281][406]LogLinker:Warning: Can't find file '/Game/Pupil'
[2016.01.13-03.28.48:281][406]LoadErrors: Info Failed to load /Game/Pupil.Pupil Referenced by Frog
[2016.01.13-03.28.48:281][406]LogLinker:Warning: Can't find file for asset '/Game/Pupil' while loading NULL.
[2016.01.13-03.28.48:282][406]LogLinker:Warning: Can't find file '/Game/ThirdPersonBP/Blueprints/ThirdPersonCharacter'
[2016.01.13-03.28.48:282][406]LogLinker:Warning: Can't find file for asset '/Game/ThirdPersonBP/Blueprints/ThirdPersonCharacter' while loading NULL.
[2016.01.13-03.28.48:282][406]LogLinker:Warning: Can't find file '/Game/ThirdPersonBP/Blueprints/ThirdPersonCharacter'
[2016.01.13-03.28.48:282][406]LoadErrors: Info Failed to load /Game/ThirdPersonBP/Blueprints/ThirdPersonCharacter.ThirdPersonCharacter_C Referenced by PersistentLevel
[2016.01.13-03.28.48:282][406]LogLinker:Warning: Can't find file for asset '/Game/ThirdPersonBP/Blueprints/ThirdPersonCharacter' while loading NULL.
[2016.01.13-03.28.48:302][406]LogLinker:Warning: Can't find file '/Game/ThirdPersonBP/Blueprints/ThirdPersonCharacter'
[2016.01.13-03.28.48:302][406]LogLinker:Warning: Can't find file for asset '/Game/ThirdPersonBP/Blueprints/ThirdPersonCharacter' while loading NULL.
[2016.01.13-03.28.48:302][406]LogLinker:Warning: Can't find file '/Game/ThirdPersonBP/Blueprints/ThirdPersonCharacter'
[2016.01.13-03.28.48:302][406]LoadErrors: Info Failed to load /Game/ThirdPersonBP/Blueprints/ThirdPersonCharacter.ThirdPersonCharacter_C Referenced by SpotLight_3
[2016.01.13-03.28.48:302][406]LogLinker:Warning: Can't find file for asset '/Game/ThirdPersonBP/Blueprints/ThirdPersonCharacter' while loading NULL.
[2016.01.13-03.28.48:315][406]LogLinker:Warning: Can't find file '/Game/Pillow'
[2016.01.13-03.28.48:316][406]LoadErrors: Info Failed to load /Game/Pillow.Pillow Referenced by Cube2
[2016.01.13-03.28.48:316][406]LogLinker:Warning: Can't find file for asset '/Game/Pillow' while loading NULL.
[2016.01.13-03.28.48:316][406]LogLinker:Warning: Can't find file '/Game/Pillow'
[2016.01.13-03.28.48:316][406]LoadErrors: Info Failed to load /Game/Pillow.Pillow Referenced by Cube3
[2016.01.13-03.28.48:316][406]LogLinker:Warning: Can't find file for asset '/Game/Pillow' while loading NULL.
[2016.01.13-03.28.48:316][406]LogLinker:Warning: Can't find file '/Game/Pillow'
[2016.01.13-03.28.48:316][406]LoadErrors: Info Failed to load /Game/Pillow.Pillow Referenced by Cube4
[2016.01.13-03.28.48:316][406]LogLinker:Warning: Can't find file for asset '/Game/Pillow' while loading NULL.
[2016.01.13-03.28.48:316][406]LogLinker:Warning: Can't find file '/Game/Pillow'
[2016.01.13-03.28.48:316][406]LoadErrors: Info Failed to load /Game/Pillow.Pillow Referenced by Cube_4
[2016.01.13-03.28.48:316][406]LogLinker:Warning: Can't find file for asset '/Game/Pillow' while loading NULL.
[2016.01.13-03.28.48:317][406]LogLinker:Warning: Can't find file '/Game/EndTable'
[2016.01.13-03.28.48:317][406]LoadErrors: Info Failed to load /Game/EndTable.EndTable Referenced by EndTable_22
[2016.01.13-03.28.48:317][406]LogLinker:Warning: Can't find file for asset '/Game/EndTable' while loading NULL.
[2016.01.13-03.28.48:317][406]LogLinker:Warning: Can't find file '/Game/Geometry/Meshes/TemplateFloor'
[2016.01.13-03.28.48:317][406]LoadErrors: Info Failed to load /Game/Geometry/Meshes/TemplateFloor.TemplateFloor Referenced by Floor_1
[2016.01.13-03.28.48:317][406]LogLinker:Warning: Can't find file for asset '/Game/Geometry/Meshes/TemplateFloor' while loading NULL.
[2016.01.13-03.28.48:317][406]LogLinker:Warning: Can't find file '/Game/Material_002'
[2016.01.13-03.28.48:317][406]LoadErrors: Info Failed to load /Game/Material_002.Material_002 Referenced by Floor_1
[2016.01.13-03.28.48:317][406]LogLinker:Warning: Can't find file for asset '/Game/Material_002' while loading NULL.
[2016.01.13-03.28.48:318][406]LogLinker:Warning: Can't find file '/Game/Futon'
[2016.01.13-03.28.48:318][406]LoadErrors: Info Failed to load /Game/Futon.Futon Referenced by Futon2_16
[2016.01.13-03.28.48:318][406]LogLinker:Warning: Can't find file for asset '/Game/Futon' while loading NULL.
[2016.01.13-03.28.48:318][406]LogLinker:Warning: Can't find file '/Game/Lamp'
[2016.01.13-03.28.48:318][406]LoadErrors: Info Failed to load /Game/Lamp.Lamp Referenced by Lamp_19
[2016.01.13-03.28.48:318][406]LogLinker:Warning: Can't find file for asset '/Game/Lamp' while loading NULL.
[2016.01.13-03.28.48:349][406]LogStaticMesh: Building static mesh Frog...
[2016.01.13-03.28.49:411][406]LogStaticMesh: Built static mesh [1.091785.2s] /Game/Frog.Frog
[2016.01.13-03.28.51:428][406]LogTexture:Display: Building textures: HQ_Lightmap0_3 (AutoDXT)
[2016.01.13-03.28.51:782][406]LogTexture:Display: Building textures: HQ_Lightmap1_1 (AutoDXT)
[2016.01.13-03.28.52:019][406]LogTexture:Display: Building textures: HQ_Lightmap1_2 (AutoDXT)
[2016.01.13-03.28.52:041][406]LogTexture:Display: Building textures: LQ_Lightmap_0_3 (DXT1)
[2016.01.13-03.28.52:064][406]LogTexture:Display: Building textures: LQ_Lightmap_1_1 (DXT1)
[2016.01.13-03.28.52:148][406]LogTexture:Display: Building textures: LQ_Lightmap_1_2 (DXT1)
[2016.01.13-03.28.52:162][406]LogTexture:Display: Building textures: SkyOcclusion0_3 (AutoDXT)
[2016.01.13-03.28.52:171][406]LogTexture:Display: Building textures: SkyOcclusion1_1 (AutoDXT)
[2016.01.13-03.28.52:281][406]LogTexture:Display: Building textures: SkyOcclusion1_2 (AutoDXT)
[2016.01.13-03.28.52:416][406]LogTexture:Display: Building textures: ShadowMapTexture2D_3 (BGRA8)
[2016.01.13-03.28.52:460][406]LogTexture:Display: Building textures: ShadowMapTexture2D_4 (G8)
[2016.01.13-03.28.52:461][406]LogTexture:Display: Building textures: ShadowMapTexture2D_5 (G8)
[2016.01.13-03.28.52:638][406]LogMaterial: Missing cached shader map for material Mouth, compiling. 
[2016.01.13-03.28.53:227][406]LogMaterial: Missing cached shader map for material Skin, compiling. 
[2016.01.13-03.28.53:278][406]LogAIModule: Creating AISystem for world ThirdPersonExampleMap
[2016.01.13-03.28.53:902][406]LogEditorServer: Finished looking for orphan Actors (0.000 secs)
[2016.01.13-03.28.54:229][406]Cmd: MAP CHECKDEP NOCLEARLOG
[2016.01.13-03.28.58:356][406]MapCheck: Info Map check complete: 0 Error(s), 0 Warning(s), took 4,114.287ms to complete.
[2016.01.13-03.28.58:398][406]LogFileHelpers: Loading map 'ThirdPersonExampleMap' took 11.392
[2016.01.13-03.28.58:812][406]LoadErrors:Warning: Warning CreateExport: Failed to load Outer for resource 'Arrow': ThirdPersonCharacter_C /Game/ThirdPersonBP/Maps/ThirdPersonExampleMap.ThirdPersonExampleMap:PersistentLevel.ThirdPersonCharacter_C_0
[2016.01.13-03.28.58:827][406]LoadErrors:Warning: Warning CreateExport: Failed to load Outer for resource 'FollowCamera': ThirdPersonCharacter_C /Game/ThirdPersonBP/Maps/ThirdPersonExampleMap.ThirdPersonExampleMap:PersistentLevel.ThirdPersonCharacter_C_0
[2016.01.13-03.28.58:827][406]LoadErrors:Warning: Warning CreateExport: Failed to load Outer for resource 'CollisionCylinder': ThirdPersonCharacter_C /Game/ThirdPersonBP/Maps/ThirdPersonExampleMap.ThirdPersonExampleMap:PersistentLevel.ThirdPersonCharacter_C_0
[2016.01.13-03.28.58:827][406]LoadErrors:Warning: Warning CreateExport: Failed to load Outer for resource 'CharMoveComp': ThirdPersonCharacter_C /Game/ThirdPersonBP/Maps/ThirdPersonExampleMap.ThirdPersonExampleMap:PersistentLevel.ThirdPersonCharacter_C_0
[2016.01.13-03.28.58:827][406]LoadErrors:Warning: Warning CreateExport: Failed to load Outer for resource 'SpotLight': ThirdPersonCharacter_C /Game/ThirdPersonBP/Maps/ThirdPersonExampleMap.ThirdPersonExampleMap:PersistentLevel.ThirdPersonCharacter_C_0
[2016.01.13-03.28.58:827][406]LoadErrors:Warning: Warning CreateExport: Failed to load Outer for resource 'CharacterMesh0': ThirdPersonCharacter_C /Game/ThirdPersonBP/Maps/ThirdPersonExampleMap.ThirdPersonExampleMap:PersistentLevel.ThirdPersonCharacter_C_0
[2016.01.13-03.28.58:827][406]LoadErrors:Warning: Warning CreateExport: Failed to load Outer for resource 'CameraBoom': ThirdPersonCharacter_C /Game/ThirdPersonBP/Maps/ThirdPersonExampleMap.ThirdPersonExampleMap:PersistentLevel.ThirdPersonCharacter_C_0
[2016.01.13-03.29.03:658][800]LogBlueprintUserMessages: Early PlayInEditor Detection: Level '/Game/ThirdPersonBP/Maps/ThirdPersonExampleMap.ThirdPersonExampleMap:PersistentLevel' has LevelScriptBlueprint '/Game/ThirdPersonBP/Maps/ThirdPersonExampleMap.ThirdPersonExampleMap:PersistentLevel.ThirdPersonExampleMap' with GeneratedClass '/Game/ThirdPersonBP/Maps/ThirdPersonExampleMap.ThirdPersonExampleMap_C' with ClassGeneratedBy '/Game/ThirdPersonBP/Maps/ThirdPersonExampleMap.ThirdPersonExampleMap:PersistentLevel.ThirdPersonExampleMap'
[2016.01.13-03.29.03:658][800]LogPlayLevel: PlayLevel: No blueprints needed recompiling
[2016.01.13-03.29.03:658][800]PIE: New page: PIE session: ThirdPersonExampleMap (Jan 12, 2016, 3:29:03 PM)
[2016.01.13-03.29.03:658][800]LogPlayLevel: Creating play world package: /Game/ThirdPersonBP/Maps/UEDPIE_0_ThirdPersonExampleMap
[2016.01.13-03.29.05:157][800]LogPlayLevel: PIE: StaticDuplicateObject took: (1.498516s)
[2016.01.13-03.29.05:158][800]LogAIModule: Creating AISystem for world ThirdPersonExampleMap
[2016.01.13-03.29.05:158][800]LogPlayLevel: PIE: World Init took: (0.001038s)
[2016.01.13-03.29.05:158][800]LogPlayLevel: PIE: Created PIE world by copying editor world from /Game/ThirdPersonBP/Maps/ThirdPersonExampleMap.ThirdPersonExampleMap to /Game/ThirdPersonBP/Maps/UEDPIE_0_ThirdPersonExampleMap.ThirdPersonExampleMap (1.499878s)
[2016.01.13-03.29.05:216][800]LogInit: XAudio2 using 'Speakers (2- Logitech USB Headset)' : 2 channels at 44.1 kHz using 16 bits per sample (channel mask 0x3)
[2016.01.13-03.29.05:242][800]LogInit: FAudioDevice initialized.
[2016.01.13-03.29.05:284][800]LogWorld: Game class is 'GameMode'
[2016.01.13-03.29.05:288][800]LogWorld: Bringing World /Game/ThirdPersonBP/Maps/UEDPIE_0_ThirdPersonExampleMap.ThirdPersonExampleMap up for play (max tick rate 0) at 2016.01.12-21.29.05
[2016.01.13-03.29.05:288][800]LogActor:Warning: GameSession /Game/ThirdPersonBP/Maps/UEDPIE_0_ThirdPersonExampleMap.ThirdPersonExampleMap:PersistentLevel.GameSession_1 has natively added scene component(s), but none of them were set as the actor's RootComponent - picking one arbitrarily
[2016.01.13-03.29.05:318][800]LogActor:Warning: GameNetworkManager /Game/ThirdPersonBP/Maps/UEDPIE_0_ThirdPersonExampleMap.ThirdPersonExampleMap:PersistentLevel.GameNetworkManager_1 has natively added scene component(s), but none of them were set as the actor's RootComponent - picking one arbitrarily
[2016.01.13-03.29.05:357][800]LogWorld: Bringing up level for play took: 0.071470
[2016.01.13-03.29.05:381][800]PIE: Info Play in editor start time for /Game/ThirdPersonBP/Maps/UEDPIE_0_ThirdPersonExampleMap 2.304
[2016.01.13-03.29.05:381][800]LogBlueprintUserMessages: Late PlayInEditor Detection: Level '/Game/ThirdPersonBP/Maps/ThirdPersonExampleMap.ThirdPersonExampleMap:PersistentLevel' has LevelScriptBlueprint '/Game/ThirdPersonBP/Maps/ThirdPersonExampleMap.ThirdPersonExampleMap:PersistentLevel.ThirdPersonExampleMap' with GeneratedClass '/Game/ThirdPersonBP/Maps/ThirdPersonExampleMap.ThirdPersonExampleMap_C' with ClassGeneratedBy '/Game/ThirdPersonBP/Maps/ThirdPersonExampleMap.ThirdPersonExampleMap:PersistentLevel.ThirdPersonExampleMap'
[2016.01.13-03.29.09:132][197]LogBlueprintUserMessages: Early EndPlayMap Detection: Level '/Game/ThirdPersonBP/Maps/ThirdPersonExampleMap.ThirdPersonExampleMap:PersistentLevel' has LevelScriptBlueprint '/Game/ThirdPersonBP/Maps/ThirdPersonExampleMap.ThirdPersonExampleMap:PersistentLevel.ThirdPersonExampleMap' with GeneratedClass '/Game/ThirdPersonBP/Maps/ThirdPersonExampleMap.ThirdPersonExampleMap_C' with ClassGeneratedBy '/Game/ThirdPersonBP/Maps/ThirdPersonExampleMap.ThirdPersonExampleMap:PersistentLevel.ThirdPersonExampleMap'
[2016.01.13-03.29.09:165][197]LogBlueprintUserMessages: Late EndPlayMap Detection: Level '/Game/ThirdPersonBP/Maps/ThirdPersonExampleMap.ThirdPersonExampleMap:PersistentLevel' has LevelScriptBlueprint '/Game/ThirdPersonBP/Maps/ThirdPersonExampleMap.ThirdPersonExampleMap:PersistentLevel.ThirdPersonExampleMap' with GeneratedClass '/Game/ThirdPersonBP/Maps/ThirdPersonExampleMap.ThirdPersonExampleMap_C' with ClassGeneratedBy '/Game/ThirdPersonBP/Maps/ThirdPersonExampleMap.ThirdPersonExampleMap:PersistentLevel.ThirdPersonExampleMap'
[2016.01.13-03.29.09:254][198]LogParticles: Destroying 0 GPU particle simulations for FXSystem 0x000001F0774E58A0
[2016.01.13-03.33.32:134][900]LogWindowsTextInputMethodSystem:Display: IME system now deactivated.
[2016.01.13-03.33.53:701][901]Cmd: QUIT_EDITOR
[2016.01.13-03.34.07:814][901]LogExit: Preparing to exit.
[2016.01.13-03.34.32:951][901]LogExit: Editor shut down
[2016.01.13-03.34.33:048][901]LogExit: Transaction tracking system shut down
[2016.01.13-03.34.33:973][901]LogParticles: Destroying 0 GPU particle simulations for FXSystem 0x000001F01FA8C720
[2016.01.13-03.34.33:973][901]LogParticles: Destroying 0 GPU particle simulations for FXSystem 0x000001F0774E4360
[2016.01.13-03.34.52:638][901]LogParticles: Destroying 0 GPU particle simulations for FXSystem 0x000001F00D287EC0
[2016.01.13-03.34.52:638][901]LogParticles: Destroying 0 GPU particle simulations for FXSystem 0x000001F0114A3E20
[2016.01.13-03.34.52:638][901]LogExit: Object subsystem successfully closed.
[2016.01.13-03.34.53:899][901]LogD3D11RHI: Shutdown
[2016.01.13-03.34.53:906][901]LogD3D11RHI: CleanupD3DDevice
[2016.01.13-03.34.55:007][901]LogD3D11RHI: ~FD3D11DynamicRHI
[2016.01.13-03.35.00:279][901]LogModuleManager: Shutting down and abandoning module CrashTracker (198)
[2016.01.13-03.35.00:373][901]LogModuleManager: Shutting down and abandoning module SceneOutliner (197)
[2016.01.13-03.35.00:398][901]LogModuleManager: Shutting down and abandoning module SuperSearch (196)
[2016.01.13-03.35.00:446][901]LogModuleManager: Shutting down and abandoning module WidgetCarousel (195)
[2016.01.13-03.35.00:446][901]LogModuleManager: Shutting down and abandoning module AddContentDialog (194)
[2016.01.13-03.35.00:976][901]LogModuleManager: Shutting down and abandoning module EditorWidgets (193)
[2016.01.13-03.35.00:976][901]LogModuleManager: Shutting down and abandoning module CollectionManager (192)
[2016.01.13-03.35.01:019][901]LogModuleManager: Shutting down and abandoning module StatsViewer (191)
[2016.01.13-03.35.01:037][901]LogModuleManager: Shutting down and abandoning module FoliageEdit (190)
[2016.01.13-03.35.01:050][901]LogModuleManager: Shutting down and abandoning module LandscapeEditor (189)
[2016.01.13-03.35.01:145][901]LogModuleManager: Shutting down and abandoning module ActorPickerMode (188)
[2016.01.13-03.35.01:145][901]LogModuleManager: Shutting down and abandoning module GeometryMode (187)
[2016.01.13-03.35.01:145][901]LogModuleManager: Shutting down and abandoning module TextureAlignMode (186)
[2016.01.13-03.35.01:145][901]LogModuleManager: Shutting down and abandoning module BspMode (185)
[2016.01.13-03.35.01:146][901]LogModuleManager: Shutting down and abandoning module PlacementMode (184)
[2016.01.13-03.35.01:163][901]LogModuleManager: Shutting down and abandoning module AutomationWorker (183)
[2016.01.13-03.35.01:179][901]LogModuleManager: Shutting down and abandoning module CharacterAI (182)
[2016.01.13-03.35.01:179][901]LogModuleManager: Shutting down and abandoning module SmartSnapping (181)
[2016.01.13-03.35.01:179][901]LogModuleManager: Shutting down and abandoning module ViewportSnapping (180)
[2016.01.13-03.35.01:179][901]LogModuleManager: Shutting down and abandoning module LogVisualizer (179)
[2016.01.13-03.35.01:254][901]LogModuleManager: Shutting down and abandoning module GameProjectGeneration (178)
[2016.01.13-03.35.01:288][901]LogModuleManager: Shutting down and abandoning module IntroTutorials (177)
[2016.01.13-03.35.01:435][901]LogModuleManager: Shutting down and abandoning module EditorLiveStreaming (176)
[2016.01.13-03.35.01:443][901]LogModuleManager: Shutting down and abandoning module IOSPlatformEditor (175)
[2016.01.13-03.35.01:510][901]LogModuleManager: Shutting down and abandoning module HTML5PlatformEditor (174)
[2016.01.13-03.35.01:510][901]LogModuleManager: Shutting down and abandoning module AndroidDeviceDetection (173)
[2016.01.13-03.35.02:075][901]LogModuleManager: Shutting down and abandoning module AndroidPlatformEditor (172)
[2016.01.13-03.35.02:096][901]LogModuleManager: Shutting down and abandoning module IOSRuntimeSettings (171)
[2016.01.13-03.35.02:096][901]LogModuleManager: Shutting down and abandoning module AndroidRuntimeSettings (170)
[2016.01.13-03.35.02:096][901]LogModuleManager: Shutting down and abandoning module MergeActors (169)
[2016.01.13-03.35.02:136][901]LogModuleManager: Shutting down and abandoning module SizeMap (168)
[2016.01.13-03.35.02:158][901]LogModuleManager: Shutting down and abandoning module TreeMap (167)
[2016.01.13-03.35.02:195][901]LogModuleManager: Shutting down and abandoning module ReferenceViewer (166)
[2016.01.13-03.35.02:218][901]LogModuleManager: Shutting down and abandoning module LocalizationService (165)
[2016.01.13-03.35.02:267][901]LogModuleManager: Shutting down and abandoning module LocalizationDashboard (164)
[2016.01.13-03.35.02:336][901]LogModuleManager: Shutting down and abandoning module HardwareTargeting (163)
[2016.01.13-03.35.02:336][901]LogModuleManager: Shutting down and abandoning module DeviceProfileEditor (162)
[2016.01.13-03.35.02:378][901]LogModuleManager: Shutting down and abandoning module UndoHistory (161)
[2016.01.13-03.35.02:392][901]LogModuleManager: Shutting down and abandoning module GameplayTagsEditor (160)
[2016.01.13-03.35.02:415][901]LogModuleManager: Shutting down and abandoning module UserFeedback (159)
[2016.01.13-03.35.02:415][901]LogModuleManager: Shutting down and abandoning module XmlParser (158)
[2016.01.13-03.35.02:438][901]LogModuleManager: Shutting down and abandoning module Blutility (157)
[2016.01.13-03.35.02:438][901]LogModuleManager: Shutting down and abandoning module ProjectTargetPlatformEditor (156)
[2016.01.13-03.35.02:476][901]LogModuleManager: Shutting down and abandoning module ProjectSettingsViewer (155)
[2016.01.13-03.35.02:476][901]LogModuleManager: Shutting down and abandoning module InputBindingEditor (154)
[2016.01.13-03.35.02:531][901]LogModuleManager: Shutting down and abandoning module EditorSettingsViewer (153)
[2016.01.13-03.35.02:543][901]LogModuleManager: Shutting down and abandoning module SettingsEditor (152)
[2016.01.13-03.35.02:580][901]LogModuleManager: Shutting down and abandoning module ProjectLauncher (151)
[2016.01.13-03.35.02:604][901]LogModuleManager: Shutting down and abandoning module SessionFrontend (150)
[2016.01.13-03.35.02:624][901]LogModuleManager: Shutting down and abandoning module ProfilerClient (149)
[2016.01.13-03.35.02:636][901]LogModuleManager: Shutting down and abandoning module TargetDeviceServices (148)
[2016.01.13-03.35.02:647][901]LogModuleManager: Shutting down and abandoning module DeviceManager (147)
[2016.01.13-03.35.02:688][901]LogModuleManager: Shutting down and abandoning module AutomationController (146)
[2016.01.13-03.35.02:704][901]LogModuleManager: Shutting down and abandoning module AutomationWindow (145)
[2016.01.13-03.35.02:715][901]LogModuleManager: Shutting down and abandoning module Layers (144)
[2016.01.13-03.35.02:738][901]LogModuleManager: Shutting down and abandoning module ComponentVisualizers (143)
[2016.01.13-03.35.02:738][901]LogModuleManager: Shutting down and abandoning module DetailCustomizations (142)
[2016.01.13-03.35.02:816][901]LogModuleManager: Shutting down and abandoning module PackagesDialog (141)
[2016.01.13-03.35.02:838][901]LogModuleManager: Shutting down and abandoning module Persona (140)
[2016.01.13-03.35.02:938][901]LogModuleManager: Shutting down and abandoning module Kismet (139)
[2016.01.13-03.35.03:018][901]LogModuleManager: Shutting down and abandoning module GraphEditor (138)
[2016.01.13-03.35.03:069][901]LogModuleManager: Shutting down and abandoning module ClassViewer (137)
[2016.01.13-03.35.03:101][901]LogModuleManager: Shutting down and abandoning module Toolbox (136)
[2016.01.13-03.35.03:110][901]LogModuleManager: Shutting down and abandoning module ModuleUI (135)
[2016.01.13-03.35.03:129][901]LogModuleManager: Shutting down and abandoning module MovieSceneTools (134)
[2016.01.13-03.35.03:174][901]LogModuleManager: Shutting down and abandoning module OutputLog (133)
[2016.01.13-03.35.03:216][901]LogModuleManager: Shutting down and abandoning module GammaUI (132)
[2016.01.13-03.35.03:234][901]LogModuleManager: Shutting down and abandoning module Documentation (131)
[2016.01.13-03.35.03:323][901]LogModuleManager: Shutting down and abandoning module GameLiveStreaming (130)
[2016.01.13-03.35.03:333][901]LogModuleManager: Shutting down and abandoning module StreamingPauseRendering (129)
[2016.01.13-03.35.03:340][901]LogModuleManager: Shutting down and abandoning module AnalyticsET (128)
[2016.01.13-03.35.03:340][901]LogModuleManager: Shutting down and abandoning module Analytics (127)
[2016.01.13-03.35.03:340][901]LogModuleManager: Shutting down and abandoning module AITestSuite (126)
[2016.01.13-03.35.03:360][901]LogModuleManager: Shutting down and abandoning module GameplayDebugger (125)
[2016.01.13-03.35.03:367][901]LogModuleManager: Shutting down and abandoning module AIModule (124)
[2016.01.13-03.35.03:421][901]LogModuleManager: Shutting down and abandoning module ProfilerService (123)
[2016.01.13-03.35.03:645][901]LogModuleManager: Shutting down and abandoning module TaskGraph (122)
[2016.01.13-03.35.03:746][901]LogModuleManager: Shutting down and abandoning module SlateRemote (121)
[2016.01.13-03.35.03:780][901]LogModuleManager: Shutting down and abandoning module SteamVRController (120)
[2016.01.13-03.35.03:780][901]LogModuleManager: Shutting down and abandoning module SteamVR (119)
[2016.01.13-03.35.03:785][901]LogModuleManager: Shutting down and abandoning module ProceduralMeshComponent (118)
[2016.01.13-03.35.03:785][901]LogModuleManager: Shutting down and abandoning module OculusLibrary (117)
[2016.01.13-03.35.03:785][901]LogModuleManager: Shutting down and abandoning module OculusInput (116)
[2016.01.13-03.35.03:785][901]LogModuleManager: Shutting down and abandoning module LeapMotionController (115)
[2016.01.13-03.35.03:934][901]LogModuleManager: Shutting down and abandoning module CustomMeshComponent (114)
[2016.01.13-03.35.03:963][901]LogModuleManager: Shutting down and abandoning module CableComponent (113)
[2016.01.13-03.35.03:989][901]LogModuleManager: Shutting down and abandoning module ArchVisCharacter (112)
[2016.01.13-03.35.03:989][901]LogModuleManager: Shutting down and abandoning module MessagingDebugger (111)
[2016.01.13-03.35.04:031][901]LogModuleManager: Shutting down and abandoning module MediaPlayerEditor (110)
[2016.01.13-03.35.04:044][901]LogModuleManager: Shutting down and abandoning module HTML5Networking (109)
[2016.01.13-03.35.04:044][901]LogModuleManager: Shutting down and abandoning module SpeedTreeImporter (108)
[2016.01.13-03.35.04:044][901]LogModuleManager: Shutting down and abandoning module PluginBrowser (107)
[2016.01.13-03.35.04:066][901]LogModuleManager: Shutting down and abandoning module EpicSurvey (106)
[2016.01.13-03.35.04:094][901]LogModuleManager: Shutting down and abandoning module DesktopPlatform (105)
[2016.01.13-03.35.04:108][901]LogModuleManager: Shutting down and abandoning module VisualStudioSourceCodeAccess (104)
[2016.01.13-03.35.04:130][901]LogModuleManager: Shutting down and abandoning module UObjectPlugin (103)
[2016.01.13-03.35.04:130][901]LogModuleManager: Shutting down and abandoning module SubversionSourceControl (102)
[2016.01.13-03.35.04:148][901]LogModuleManager: Shutting down and abandoning module PerforceSourceControl (101)
[2016.01.13-03.35.04:162][901]LogModuleManager: Shutting down and abandoning module SourceControl (100)
[2016.01.13-03.35.04:191][901]LogModuleManager: Shutting down and abandoning module GitSourceControl (99)
[2016.01.13-03.35.04:226][901]LogModuleManager: Shutting down and abandoning module LightPropagationVolumeEditor (98)
[2016.01.13-03.35.04:237][901]LogModuleManager: Shutting down and abandoning module PaperTiledImporter (97)
[2016.01.13-03.35.04:244][901]LogModuleManager: Shutting down and abandoning module PaperSpriteSheetImporter (96)
[2016.01.13-03.35.04:247][901]LogModuleManager: Shutting down and abandoning module MeshPaint (95)
[2016.01.13-03.35.04:253][901]LogModuleManager: Shutting down and abandoning module SlateReflector (94)
[2016.01.13-03.35.04:281][901]LogModuleManager: Shutting down and abandoning module HotReload (93)
[2016.01.13-03.35.04:296][901]LogModuleManager: Shutting down and abandoning module MainFrame (92)
[2016.01.13-03.35.04:324][901]LogModuleManager: Shutting down and abandoning module LevelEditor (91)
[2016.01.13-03.35.04:480][901]LogModuleManager: Shutting down and abandoning module DirectoryWatcher (90)
[2016.01.13-03.35.04:636][901]LogModuleManager: Shutting down and abandoning module AssetRegistry (89)
[2016.01.13-03.35.07:076][901]LogModuleManager: Shutting down and abandoning module ContentBrowser (88)
[2016.01.13-03.35.07:114][901]LogModuleManager: Shutting down and abandoning module Paper2DEditor (87)
[2016.01.13-03.35.07:247][901]LogModuleManager: Shutting down and abandoning module UdpMessaging (86)
[2016.01.13-03.35.07:354][901]LogModuleManager: Shutting down and abandoning module LightPropagationVolumeRuntime (85)
[2016.01.13-03.35.07:354][901]LogModuleManager: Shutting down and abandoning module Paper2D (84)
[2016.01.13-03.35.07:394][901]LogModuleManager: Shutting down and abandoning module WindowsMoviePlayer (83)
[2016.01.13-03.35.07:480][901]LogModuleManager: Shutting down and abandoning module Media (82)
[2016.01.13-03.35.07:480][901]LogModuleManager: Shutting down and abandoning module WmfMedia (81)
[2016.01.13-03.35.07:514][901]LogModuleManager: Shutting down and abandoning module OnlineBlueprintSupport (80)
[2016.01.13-03.35.07:514][901]LogModuleManager: Shutting down and abandoning module GameplayTasksEditor (79)
[2016.01.13-03.35.07:528][901]LogModuleManager: Shutting down and abandoning module PropertyEditor (78)
[2016.01.13-03.35.07:619][901]LogModuleManager: Shutting down and abandoning module BehaviorTreeEditor (77)
[2016.01.13-03.35.07:621][901]LogModuleManager: Shutting down and abandoning module FunctionalTesting (76)
[2016.01.13-03.35.07:653][901]LogModuleManager: Shutting down and abandoning module CollisionAnalyzer (75)
[2016.01.13-03.35.07:735][901]LogModuleManager: Shutting down and abandoning module WorkspaceMenuStructure (74)
[2016.01.13-03.35.07:785][901]LogModuleManager: Shutting down and abandoning module MessageLog (73)
[2016.01.13-03.35.07:794][901]LogModuleManager: Shutting down and abandoning module Sequencer (72)
[2016.01.13-03.35.07:897][901]LogModuleManager: Shutting down and abandoning module AssetTools (71)
[2016.01.13-03.35.08:039][901]LogModuleManager: Shutting down and abandoning module UMGEditor (70)
[2016.01.13-03.35.08:078][901]LogModuleManager: Shutting down and abandoning module UMG (69)
[2016.01.13-03.35.08:122][901]LogModuleManager: Shutting down and abandoning module Slate (68)
[2016.01.13-03.35.08:122][901]LogModuleManager: Shutting down and abandoning module EditorStyle (67)
[2016.01.13-03.35.08:394][901]LogModuleManager: Shutting down and abandoning module SessionServices (66)
[2016.01.13-03.35.08:395][901]LogModuleManager: Shutting down and abandoning module SourceCodeAccess (65)
[2016.01.13-03.35.08:406][901]LogModuleManager: Shutting down and abandoning module HeadMountedDisplay (64)
[2016.01.13-03.35.08:406][901]LogModuleManager: Shutting down and abandoning module XAudio2 (63)
[2016.01.13-03.35.08:406][901]LogModuleManager: Shutting down and abandoning module Networking (61)
[2016.01.13-03.35.08:406][901]LogModuleManager: Shutting down and abandoning module Core (60)
[2016.01.13-03.35.08:406][901]LogModuleManager: Shutting down and abandoning module KismetCompiler (59)
[2016.01.13-03.35.08:461][901]LogModuleManager: Shutting down and abandoning module PhysXFormats (58)
[2016.01.13-03.35.08:503][901]LogModuleManager: Shutting down and abandoning module MeshUtilities (57)
[2016.01.13-03.35.08:529][901]LogModuleManager: Shutting down and abandoning module DerivedDataCache (56)
[2016.01.13-03.35.08:659][901]LogDerivedDataCache: Shutdown
[2016.01.13-03.35.08:659][901]LogModuleManager: Shutting down and abandoning module ShaderFormatOpenGL (55)
[2016.01.13-03.35.08:710][901]LogModuleManager: Shutting down and abandoning module ShaderFormatD3D (54)
[2016.01.13-03.35.08:719][901]LogModuleManager: Shutting down and abandoning module MetalShaderFormat (53)
[2016.01.13-03.35.08:751][901]LogModuleManager: Shutting down and abandoning module TextureFormatUncompressed (52)
[2016.01.13-03.35.08:751][901]LogModuleManager: Shutting down and abandoning module TextureFormatPVR (51)
[2016.01.13-03.35.08:751][901]LogModuleManager: Shutting down and abandoning module TextureFormatIntelISPCTexComp (50)
[2016.01.13-03.35.08:784][901]LogModuleManager: Shutting down and abandoning module TextureFormatDXT (49)
[2016.01.13-03.35.08:784][901]LogModuleManager: Shutting down and abandoning module ImageWrapper (48)
[2016.01.13-03.35.08:784][901]LogModuleManager: Shutting down and abandoning module TextureFormatASTC (47)
[2016.01.13-03.35.08:784][901]LogModuleManager: Shutting down and abandoning module TextureFormatAndroid (46)
[2016.01.13-03.35.08:784][901]LogModuleManager: Shutting down and abandoning module AudioFormatOpus (45)
[2016.01.13-03.35.08:784][901]LogModuleManager: Shutting down and abandoning module AudioFormatOgg (44)
[2016.01.13-03.35.08:784][901]LogModuleManager: Shutting down and abandoning module AudioFormatADPCM (43)
[2016.01.13-03.35.08:784][901]LogModuleManager: Shutting down and abandoning module LinuxTargetPlatform (42)
[2016.01.13-03.35.08:794][901]LogModuleManager: Shutting down and abandoning module LinuxServerTargetPlatform (41)
[2016.01.13-03.35.08:803][901]LogModuleManager: Shutting down and abandoning module LinuxNoEditorTargetPlatform (40)
[2016.01.13-03.35.08:814][901]LogModuleManager: Shutting down and abandoning module Messaging (39)
[2016.01.13-03.35.08:814][901]LogModuleManager: Shutting down and abandoning module IOSTargetPlatform (38)
[2016.01.13-03.35.08:814][901]LogModuleManager: Shutting down and abandoning module HTML5TargetPlatform (37)
[2016.01.13-03.35.08:814][901]LogModuleManager: Shutting down and abandoning module Android_PVRTCTargetPlatform (36)
[2016.01.13-03.35.08:814][901]LogModuleManager: Shutting down and abandoning module Android_MultiTargetPlatform (35)
[2016.01.13-03.35.08:814][901]LogModuleManager: Shutting down and abandoning module Android_ETC2TargetPlatform (34)
[2016.01.13-03.35.08:815][901]LogModuleManager: Shutting down and abandoning module Android_ETC1TargetPlatform (33)
[2016.01.13-03.35.08:815][901]LogModuleManager: Shutting down and abandoning module Android_DXTTargetPlatform (32)
[2016.01.13-03.35.08:815][901]LogModuleManager: Shutting down and abandoning module Android_ATCTargetPlatform (31)
[2016.01.13-03.35.08:815][901]LogModuleManager: Shutting down and abandoning module Android_ASTCTargetPlatform (30)
[2016.01.13-03.35.08:815][901]LogModuleManager: Shutting down and abandoning module AndroidTargetPlatform (29)
[2016.01.13-03.35.08:815][901]LogModuleManager: Shutting down and abandoning module WindowsTargetPlatform (28)
[2016.01.13-03.35.08:850][901]LogModuleManager: Shutting down and abandoning module WindowsServerTargetPlatform (27)
[2016.01.13-03.35.08:869][901]LogModuleManager: Shutting down and abandoning module WindowsNoEditorTargetPlatform (26)
[2016.01.13-03.35.08:901][901]LogModuleManager: Shutting down and abandoning module WindowsClientTargetPlatform (25)
[2016.01.13-03.35.08:918][901]LogModuleManager: Shutting down and abandoning module AllDesktopTargetPlatform (24)
[2016.01.13-03.35.08:918][901]LogModuleManager: Shutting down and abandoning module TargetPlatform (23)
[2016.01.13-03.35.08:975][901]LogModuleManager: Shutting down and abandoning module InputCore (22)
[2016.01.13-03.35.09:011][901]LogModuleManager: Shutting down and abandoning module Settings (21)
[2016.01.13-03.35.09:028][901]LogModuleManager: Shutting down and abandoning module OnlineSubsystem (19)
[2016.01.13-03.35.09:028][901]LogModuleManager: Shutting down and abandoning module HTTP (18)
[2016.01.13-03.35.11:177][901]LogModuleManager: Shutting down and abandoning module XMPP (17)
[2016.01.13-03.35.11:204][901]LogModuleManager: Shutting down and abandoning module OculusRift (16)
[2016.01.13-03.35.11:262][901]LogModuleManager: Shutting down and abandoning module ExampleDeviceProfileSelector (15)
[2016.01.13-03.35.11:262][901]LogModuleManager: Shutting down and abandoning module TextureCompressor (14)
[2016.01.13-03.35.11:285][901]LogModuleManager: Shutting down and abandoning module ShaderCore (13)
[2016.01.13-03.35.11:285][901]LogModuleManager: Shutting down and abandoning module Landscape (12)
[2016.01.13-03.35.11:608][901]LogModuleManager: Shutting down and abandoning module SlateRHIRenderer (11)
[2016.01.13-03.35.11:802][901]LogModuleManager: Shutting down and abandoning module OpenGLDrv (10)
[2016.01.13-03.35.11:813][901]LogModuleManager: Shutting down and abandoning module D3D11RHI (9)
[2016.01.13-03.35.11:813][901]LogModuleManager: Shutting down and abandoning module AnimGraphRuntime (8)
[2016.01.13-03.35.11:822][901]LogModuleManager: Shutting down and abandoning module Renderer (7)
[2016.01.13-03.35.11:833][901]LogModuleManager: Shutting down and abandoning module Engine (6)
[2016.01.13-03.35.11:839][901]LogModuleManager: Shutting down and abandoning module CoreUObject (5)
[2016.01.13-03.35.11:847][901]LogModuleManager: Shutting down and abandoning module NetworkFile (4)
[2016.01.13-03.35.11:867][901]LogModuleManager: Shutting down and abandoning module StreamingFile (3)
[2016.01.13-03.35.11:877][901]LogModuleManager: Shutting down and abandoning module SandboxFile (2)
[2016.01.13-03.35.11:899][901]LogModuleManager: Shutting down and abandoning module PakFile (1)
[2016.01.13-03.35.12:087][901]LogExit: Exiting.
[2016.01.13-03.35.12:365][901]Log file closed, 01/12/16 21:35:12
