[2016.02.09-22.38.15:634][  0]Log file open, 02/09/16 16:38:15
[2016.02.09-22.38.15:634][  0]LogInit:Display: Running engine for game: ProjectOmega
[2016.02.09-22.38.15:634][  0]LogPlatformFile: Not using cached read wrapper
[2016.02.09-22.38.15:634][  0]LogInit:Display: RandInit(1940643201) SRandInit(1940643202).
[2016.02.09-22.38.15:634][  0]LogTaskGraph: Started task graph with 4 named threads and 7 total threads.
[2016.02.09-22.38.15:634][  0]LogStats: Stats thread started at 0.076149
[2016.02.09-22.38.15:634][  0]LogInit: Version: 4.10.2-2818068+++depot+UE4-Releases+4.10
[2016.02.09-22.38.15:634][  0]LogInit: API Version: 2758231
[2016.02.09-22.38.15:634][  0]LogInit: Compiled (64-bit): Jan  6 2016 17:36:42
[2016.02.09-22.38.15:634][  0]LogInit: Compiled with Visual C++: 19.00.23026.00
[2016.02.09-22.38.15:634][  0]LogInit: Build Configuration: Development
[2016.02.09-22.38.15:634][  0]LogInit: Branch Name: ++depot+UE4-Releases+4.10
[2016.02.09-22.38.15:634][  0]LogInit: Command line: 
[2016.02.09-22.38.15:634][  0]LogInit: Base directory: E:/Program Files/Epic Games/4.10/Engine/Binaries/Win64/
[2016.02.09-22.38.15:634][  0]LogInit: Rocket: 1
[2016.02.09-22.38.15:650][  0]LogInit: Using libcurl 7.41.0
[2016.02.09-22.38.15:650][  0]LogInit:  - built for x86_64-pc-win32
[2016.02.09-22.38.15:650][  0]LogInit:  - supports SSL with WinSSL
[2016.02.09-22.38.15:650][  0]LogInit:  - other features:
[2016.02.09-22.38.15:650][  0]LogInit:      CURL_VERSION_SSL
[2016.02.09-22.38.15:650][  0]LogInit:      CURL_VERSION_IPV6
[2016.02.09-22.38.15:650][  0]LogInit:      CURL_VERSION_ASYNCHDNS
[2016.02.09-22.38.15:650][  0]LogInit:      CURL_VERSION_LARGEFILE
[2016.02.09-22.38.15:650][  0]LogInit:      CURL_VERSION_IDN
[2016.02.09-22.38.15:650][  0]LogInit:  CurlRequestOptions (configurable via config and command line):
[2016.02.09-22.38.15:650][  0]LogInit:  - bVerifyPeer = true  - Libcurl will verify peer certificate
[2016.02.09-22.38.15:650][  0]LogInit:  - bUseHttpProxy = false  - Libcurl will NOT use HTTP proxy
[2016.02.09-22.38.15:650][  0]LogInit:  - bDontReuseConnections = false  - Libcurl will reuse connections
[2016.02.09-22.38.15:650][  0]LogInit:  - CertBundlePath = nullptr  - Libcurl will use whatever was configured at build time.
[2016.02.09-22.38.15:656][  0]LogInit: Presizing for 0 objects not considered by GC, pre-allocating 0 bytes.
[2016.02.09-22.38.15:660][  0]LogInit: Object subsystem initialized
[2016.02.09-22.38.15:661][  0]LogInit: Selected Device Profile: [Windows]
[2016.02.09-22.38.15:661][  0]LogInit: Applying CVar settings loaded from the selected device profile: [Windows]
[2016.02.09-22.38.15:669][  0]LogInit: Computer: CPC
[2016.02.09-22.38.15:669][  0]LogInit: User: Christopher
[2016.02.09-22.38.15:669][  0]LogInit: CPU Page size=4096, Cores=4
[2016.02.09-22.38.15:669][  0]LogInit: High frequency timer resolution =3.320323 MHz
[2016.02.09-22.38.15:669][  0]LogMemory: Memory total: Physical=7.9GB (8GB approx)
[2016.02.09-22.38.15:669][  0]LogMemory: Platform Memory Stats for Windows
[2016.02.09-22.38.15:669][  0]LogMemory: Process Physical Memory: 56.08 MB used, 56.08 MB peak
[2016.02.09-22.38.15:669][  0]LogMemory: Process Virtual Memory: 56.83 MB used, 56.83 MB peak
[2016.02.09-22.38.15:669][  0]LogMemory: Physical Memory: 3148.77 MB used, 8136.01 MB total
[2016.02.09-22.38.15:669][  0]LogMemory: Virtual Memory: 383.37 MB used, 134217728.00 MB total
[2016.02.09-22.38.15:702][  0]LogTextLocalizationManager: No specific translations for ('en-US') exist, so ('en') translations will be used.
[2016.02.09-22.38.16:083][  0]LogD3D11RHI: Found D3D11 adapter 0: NVIDIA GeForce GTX 650 (Feature Level 11_0)
[2016.02.09-22.38.16:083][  0]LogD3D11RHI: Adapter has 971MB of dedicated video memory, 0MB of dedicated system memory, and 4068MB of shared system memory, 1 output[s]
[2016.02.09-22.38.16:085][  0]LogD3D11RHI: Found D3D11 adapter 1: Microsoft Basic Render Driver (Feature Level 11_0)
[2016.02.09-22.38.16:085][  0]LogD3D11RHI: Adapter has 0MB of dedicated video memory, 0MB of dedicated system memory, and 4068MB of shared system memory, 0 output[s]
[2016.02.09-22.38.16:085][  0]LogD3D11RHI: Chosen D3D11 Adapter Id = 0
[2016.02.09-22.38.16:088][  0]LogD3D11RHI: !Direct3DDevice
[2016.02.09-22.38.16:088][  0]LogRHI: Texture pool is 680 MB (70% of 971 MB)
[2016.02.09-22.38.16:102][  0]LogD3D11RHI: Async texture creation enabled
[2016.02.09-22.38.16:117][  0]LogShaderCompilers: Guid format shader working directory is -16 characters bigger than the processId version (../../../../../../UnrealProjects/GitHub/ProjectOmega/ProjectOmega/Intermediate/Shaders/WorkingDirectory/7484/).
[2016.02.09-22.38.16:117][  0]LogShaderCompilers: Cleaned the shader compiler working directory 'C:/Users/CHRIST~1/AppData/Local/Temp/UnrealShaderWorkingDir/B32B9DC4408D1D73D3D19290E1DC8AF5/'.
[2016.02.09-22.38.16:117][  0]LogShaderCompilers:Display: Using Local Shader Compiler.
[2016.02.09-22.38.16:775][  0]LogTemp:Display: Loaded TP AllDesktopTargetPlatform
[2016.02.09-22.38.16:780][  0]LogTemp:Display: Loaded TP WindowsClientTargetPlatform
[2016.02.09-22.38.16:784][  0]LogTemp:Display: Loaded TP WindowsNoEditorTargetPlatform
[2016.02.09-22.38.16:788][  0]LogTemp:Display: Loaded TP WindowsServerTargetPlatform
[2016.02.09-22.38.16:791][  0]LogTemp:Display: Loaded TP WindowsTargetPlatform
[2016.02.09-22.38.16:794][  0]LogTemp:Display: Loaded TP AndroidTargetPlatform
[2016.02.09-22.38.16:797][  0]LogTemp:Display: Loaded TP Android_ASTCTargetPlatform
[2016.02.09-22.38.16:799][  0]LogTemp:Display: Loaded TP Android_ATCTargetPlatform
[2016.02.09-22.38.16:802][  0]LogTemp:Display: Loaded TP Android_DXTTargetPlatform
[2016.02.09-22.38.16:805][  0]LogTemp:Display: Loaded TP Android_ETC1TargetPlatform
[2016.02.09-22.38.16:807][  0]LogTemp:Display: Loaded TP Android_ETC2TargetPlatform
[2016.02.09-22.38.16:813][  0]LogTemp:Display: Loaded TP Android_MultiTargetPlatform
[2016.02.09-22.38.16:813][  0]LogTemp:Display: Loaded TP Android_PVRTCTargetPlatform
[2016.02.09-22.38.16:814][  0]LogTemp:Display: Loaded TP HTML5TargetPlatform
[2016.02.09-22.38.16:831][  0]LogTemp:Display: Loaded TP IOSTargetPlatform
[2016.02.09-22.38.16:833][  0]LogTemp:Display: Loaded TP LinuxNoEditorTargetPlatform
[2016.02.09-22.38.16:836][  0]LogTemp:Display: Loaded TP LinuxServerTargetPlatform
[2016.02.09-22.38.16:840][  0]LogTemp:Display: Loaded TP LinuxTargetPlatform
[2016.02.09-22.38.16:840][  0]LogTargetPlatformManager:Display: Building Assets For Windows
[2016.02.09-22.38.16:906][  0]LogDerivedDataCache:Display: Max Cache Size: 512 MB
[2016.02.09-22.38.16:945][  0]LogDerivedDataCache: Loaded boot cache 0.04s 41MB C:/Users/Christopher/AppData/Local/UnrealEngine/4.10/DerivedDataCache/Boot.ddc.
[2016.02.09-22.38.16:946][  0]LogDerivedDataCache:Display: Loaded Boot cache: C:/Users/Christopher/AppData/Local/UnrealEngine/4.10/DerivedDataCache/Boot.ddc
[2016.02.09-22.38.16:946][  0]LogDerivedDataCache: FDerivedDataBackendGraph:  Pak pak cache file ../../../../../../UnrealProjects/GitHub/ProjectOmega/ProjectOmega/DerivedDataCache/DDC.ddp not found, will not use a pak cache.
[2016.02.09-22.38.16:946][  0]LogDerivedDataCache: Unable to find inner node Pak for hierarchical cache Hierarchy.
[2016.02.09-22.38.16:946][  0]LogDerivedDataCache: FDerivedDataBackendGraph:  CompressedPak pak cache file ../../../../../../UnrealProjects/GitHub/ProjectOmega/ProjectOmega/DerivedDataCache/Compressed.ddp not found, will not use a pak cache.
[2016.02.09-22.38.16:946][  0]LogDerivedDataCache: Unable to find inner node CompressedPak for hierarchical cache Hierarchy.
[2016.02.09-22.38.16:994][  0]LogDerivedDataCache:Display: Pak cache opened for reading ../../../Engine/DerivedDataCache/Compressed.ddp.
[2016.02.09-22.38.17:006][  0]LogDerivedDataCache: Using Local data cache path C:/Users/Christopher/AppData/Local/UnrealEngine/Common/DerivedDataCache: Writable
[2016.02.09-22.38.17:169][  0]LogInit: Selected Device Profile: [Windows]
[2016.02.09-22.38.17:171][  0]LogContentStreaming: Texture pool size is 0.000000MB
[2016.02.09-22.38.17:269][  0]LogMeshUtilities: No automatic mesh reduction module available
[2016.02.09-22.38.17:269][  0]LogMeshUtilities: No automatic mesh merging module available
[2016.02.09-22.38.17:440][  0]LogInit: WinSock: version 1.1 (2.2), MaxSocks=32767, MaxUdp=65467
[2016.02.09-22.38.18:467][  0]UdpMessaging: Initializing bridge on interface 0.0.0.0:0 to multicast group 230.0.0.1:6666.
[2016.02.09-22.38.18:599][  0]LogAssetRegistry: FAssetRegistry took 0.0110 seconds to start up
[2016.02.09-22.38.18:778][  0]SourceControl: Info Source control is disabled
[2016.02.09-22.38.18:778][  0]SourceControl: Info Source control is disabled
[2016.02.09-22.38.18:786][  0]SourceControl: Info Source control is disabled
[2016.02.09-22.38.18:795][  0]SourceControl: Info Source control is disabled
[2016.02.09-22.38.18:991][  0]LogObj: 28633 objects as part of root set at end of initial load.
[2016.02.09-22.38.18:991][  0]LogUObjectAllocator: 6099752 out of 0 bytes used by permanent object pool.
[2016.02.09-22.38.19:045][  0]LogEngine: Initializing Engine...
[2016.02.09-22.38.19:047][  0]LogHMD: Can't find Oculus library dev build: is proper Runtime installed? Version: 0.8.0.0
[2016.02.09-22.38.19:048][  0]LogHMD: SteamVR failed to initialize.  Err: 110
[2016.02.09-22.38.19:157][  0]LogAIModule: Creating AISystem for world NewWorld
[2016.02.09-22.38.19:167][  0]LogInit: XAudio2 using 'Speakers (2- Logitech USB Headset)' : 2 channels at 44.1 kHz using 16 bits per sample (channel mask 0x3)
[2016.02.09-22.38.19:188][  0]LogInit: FAudioDevice initialized.
[2016.02.09-22.38.19:207][  0]LogDerivedDataCache: Saved boot cache 0.02s 41MB C:/Users/Christopher/AppData/Local/UnrealEngine/4.10/DerivedDataCache/Boot.ddc.
[2016.02.09-22.38.19:210][  0]LogInit: Texture streaming: Enabled
[2016.02.09-22.38.19:215][  0]LogAnalytics: Creating configured Analytics provider AnalyticsET
[2016.02.09-22.38.19:215][  0]LogAnalytics: [UEEditor.Rocket.Release] APIServer = http://et2.epicgames.com/ET2/. AppVersion = 4.10.2-2818068+++depot+UE4-Releases+4.10
[2016.02.09-22.38.19:215][  0]LogAnalytics: [UEEditor.Rocket.Release] SetUserId 1a7f85fe42524bfa077095a3d7021471|515b2367c1d84d6392e35afb326f6481|6e7f0f36-f898-41d8-81e2-21fd351845d2
[2016.02.09-22.38.19:215][  0]LogAnalytics: [UEEditor.Rocket.Release] AnalyticsET::StartSession
[2016.02.09-22.38.19:222][  0]LogInit: Transaction tracking system initialized
[2016.02.09-22.38.19:247][  0]BlueprintLog: New page: Editor Load
[2016.02.09-22.38.19:325][  0]LocalizationService: Info Localization service is disabled
[2016.02.09-22.38.19:403][  0]LogConsoleResponse:Display: 
[2016.02.09-22.38.19:510][  0]LogCook:Display: Done creating registry. It took  0.00s.
[2016.02.09-22.38.19:557][  0]LogFileCache: Scanning file cache for directory 'E:/UnrealProjects/GitHub/ProjectOmega/ProjectOmega/Content/' took 0.01s
[2016.02.09-22.38.19:557][  0]SourceControl: Info Source control is disabled
[2016.02.09-22.38.19:557][  0]Cmd: MAP LOAD FILE="../../../../../../UnrealProjects/GitHub/ProjectOmega/ProjectOmega/Content/ThirdPersonBP/Maps/ThirdPersonExampleMap.umap" TEMPLATE=0 SHOWPROGRESS=1 FEATURELEVEL=3
[2016.02.09-22.38.19:570][  0]LightingResults: New page: Lighting Build
[2016.02.09-22.38.19:573][  0]MapCheck: New page: Map Check
[2016.02.09-22.38.19:573][  0]LightingResults: New page: Lighting Build
[2016.02.09-22.38.19:582][  0]LogParticles: Destroying 0 GPU particle simulations for FXSystem 0x000001B5DC0FFB00
[2016.02.09-22.38.19:607][  0]LogLinker:Warning: Asset '../../../../../../UnrealProjects/GitHub/ProjectOmega/ProjectOmega/Content/Mannequin/Animations/ThirdPerson_AnimBP.uasset' has been saved with empty engine version. The asset will be loaded but may be incompatible.
[2016.02.09-22.38.19:615][  0]LogLinker:Warning: Asset '../../../../../../UnrealProjects/GitHub/ProjectOmega/ProjectOmega/Content/Mannequin/Animations/ThirdPerson_Jump.uasset' has been saved with empty engine version. The asset will be loaded but may be incompatible.
[2016.02.09-22.38.19:631][  0]LogLinker:Warning: Asset '../../../../../../UnrealProjects/GitHub/ProjectOmega/ProjectOmega/Content/Mannequin/Animations/ThirdPersonJump_Loop.uasset' has been saved with empty engine version. The asset will be loaded but may be incompatible.
[2016.02.09-22.38.19:639][  0]LogLinker:Warning: Asset '../../../../../../UnrealProjects/GitHub/ProjectOmega/ProjectOmega/Content/Mannequin/Animations/ThirdPersonJump_Start.uasset' has been saved with empty engine version. The asset will be loaded but may be incompatible.
[2016.02.09-22.38.19:652][  0]LogLinker:Warning: Asset '../../../../../../UnrealProjects/GitHub/ProjectOmega/ProjectOmega/Content/Mannequin/Animations/ThirdPerson_IdleRun_2D.uasset' has been saved with empty engine version. The asset will be loaded but may be incompatible.
[2016.02.09-22.38.19:666][  0]LogLinker:Warning: Asset '../../../../../../UnrealProjects/GitHub/ProjectOmega/ProjectOmega/Content/Mannequin/Animations/ThirdPersonIdle.uasset' has been saved with empty engine version. The asset will be loaded but may be incompatible.
[2016.02.09-22.38.19:674][  0]LogLinker:Warning: Asset '../../../../../../UnrealProjects/GitHub/ProjectOmega/ProjectOmega/Content/Mannequin/Animations/ThirdPersonRun.uasset' has been saved with empty engine version. The asset will be loaded but may be incompatible.
[2016.02.09-22.38.19:689][  0]LogLinker:Warning: Asset '../../../../../../UnrealProjects/GitHub/ProjectOmega/ProjectOmega/Content/Mannequin/Animations/ThirdPersonWalk.uasset' has been saved with empty engine version. The asset will be loaded but may be incompatible.
[2016.02.09-22.38.21:079][  0]LogAIModule: Creating AISystem for world ThirdPersonExampleMap
[2016.02.09-22.38.21:127][  0]LogEditorServer: Finished looking for orphan Actors (0.000 secs)
[2016.02.09-22.38.21:127][  0]Cmd: MAP CHECKDEP NOCLEARLOG
[2016.02.09-22.38.21:208][  0]MapCheck: Info Map check complete: 0 Error(s), 0 Warning(s), took 80.361ms to complete.
[2016.02.09-22.38.21:208][  0]LogFileHelpers: Loading map 'ThirdPersonExampleMap' took 1.650
[2016.02.09-22.38.21:494][  0]LogCollectionManager: Loaded 0 collections in 0.001918 seconds
[2016.02.09-22.38.21:533][  0]LogFileCache: Scanning file cache for directory 'E:/UnrealProjects/GitHub/ProjectOmega/ProjectOmega/Saved/Collections/' took 0.01s
[2016.02.09-22.38.21:533][  0]LogFileCache: Scanning file cache for directory 'E:/UnrealProjects/GitHub/ProjectOmega/ProjectOmega/Content/Developers/Christopher/Collections/' took 0.01s
[2016.02.09-22.38.21:533][  0]LogFileCache: Scanning file cache for directory 'E:/UnrealProjects/GitHub/ProjectOmega/ProjectOmega/Content/Collections/' took 0.01s
[2016.02.09-22.38.21:533][  0]LogCollectionManager: Rebuilt the GUID cache for 0 collections in 0.000002 seconds
[2016.02.09-22.38.21:540][  0]LogContentBrowser: Native class hierarchy populated in 0.0069 seconds. Added 1893 classes and 338 folders.
[2016.02.09-22.38.21:547][  0]LogContentBrowser: Native class hierarchy updated for 'WidgetCarousel' in 0.0003 seconds. Added 0 classes and 0 folders.
[2016.02.09-22.38.22:650][  0]LogContentBrowser: Native class hierarchy updated for 'AddContentDialog' in 0.0005 seconds. Added 0 classes and 0 folders.
[2016.02.09-22.38.22:752][  0]LogContentBrowser: Native class hierarchy updated for 'SceneOutliner' in 0.0005 seconds. Added 1 classes and 2 folders.
[2016.02.09-22.38.22:906][  0]LogCrashTracker: Crashtracker disabled due to settings.
[2016.02.09-22.38.22:921][  0]LogUObjectGlobals:Warning: Failed to find object 'Class None.'
[2016.02.09-22.38.22:945][  0]LogLoad: Full Startup: 7.71 seconds (BP compile: 0.08 seconds)
[2016.02.09-22.38.22:959][  0]LogOcInput: Can't find Oculus library dev build: is proper Runtime installed? Version: 0.8.0.0
[2016.02.09-22.38.23:453][  0]LogContentStreaming: Texture pool size now 1000 MB
[2016.02.09-22.38.23:799][  1]LogRenderer: Reallocating scene render targets to support 852x364 (Frame:2).
[2016.02.09-22.38.24:299][  3]LogAssetRegistry: Asset discovery search completed in 5.7104 seconds
[2016.02.09-22.38.24:299][  3]LogCollectionManager: Rebuilt the object cache for 0 collections in 0.000001 seconds (found 0 objects)
[2016.02.09-22.38.24:299][  3]LogCollectionManager: Fixed up redirectors for 0 collections in 0.000035 seconds (updated 0 objects)
[2016.02.09-22.38.57:213][712]LogEditorViewport: Clicking on Actor (LMB): StaticMeshActor (Floor)
[2016.02.09-22.38.57:675][733]LogEditorViewport: Clicking on Actor (LMB): ThirdPersonCharacter_C (ThirdPersonCharacter)
[2016.02.09-22.39.11:792][128]LogFactory: FactoryCreateBinary: StaticMesh with FbxFactory (0 0 ../../../../../../UnrealProjects/GitHub/ProjectOmega/MakeHuman/Main/Main.fbx)
[2016.02.09-22.39.12:258][128]LogFbx: ItemName: GlobalSettings, ItemCount : 1
[2016.02.09-22.39.12:258][128]LogFbx: ItemName: Model, ItemCount : 84
[2016.02.09-22.39.12:258][128]LogFbx: ItemName: NodeAttribute, ItemCount : 73
[2016.02.09-22.39.12:258][128]LogFbx: ItemName: Geometry, ItemCount : 10
[2016.02.09-22.39.12:258][128]LogFbx: ItemName: Deformer, ItemCount : 115
[2016.02.09-22.39.12:258][128]LogFbx: ItemName: Pose, ItemCount : 1
[2016.02.09-22.39.12:258][128]LogFbx: ItemName: Material, ItemCount : 10
[2016.02.09-22.39.12:258][128]LogFbx: ItemName: Texture, ItemCount : 23
[2016.02.09-22.39.12:258][128]LogFbx: ItemName: Video, ItemCount : 13
[2016.02.09-22.39.12:320][128]LogFbx: Loading FBX Scene from ../../../../../../UnrealProjects/GitHub/ProjectOmega/MakeHuman/Main/Main.fbx
[2016.02.09-22.39.13:419][128]LogFbx: FBX Scene Loaded Succesfully
[2016.02.09-22.39.35:549][128]LogFbx: Loading FBX Scene from ../../../../../../UnrealProjects/GitHub/ProjectOmega/MakeHuman/Main/Main.fbx
[2016.02.09-22.39.36:632][128]LogFbx: FBX Scene Loaded Succesfully
[2016.02.09-22.39.36:701][128]LogFbx: =================================================
[2016.02.09-22.39.36:701][128]LogFbx: Dumping Node START [pythonMesh] 
[2016.02.09-22.39.36:701][128]LogFbx: 	Total Deformer Count -361937408.
[2016.02.09-22.39.36:701][128]LogFbx: 		[Node 1] python (Type Skin).
[2016.02.09-22.39.36:701][128]LogFbx: =================================================
[2016.02.09-22.39.36:701][128]LogFbx: 	Attribute (python) Type (4).
[2016.02.09-22.39.36:701][128]LogFbx: 		[Node Attribute Child 1] pythonMesh (Type Mesh).
[2016.02.09-22.39.36:701][128]LogFbx: Dumping Node END [pythonMesh]
[2016.02.09-22.39.36:701][128]LogFbx: =================================================
[2016.02.09-22.39.36:701][128]LogFbx: Dumping Node START [mhair01Mesh] 
[2016.02.09-22.39.36:701][128]LogFbx: 	Total Deformer Count -361937408.
[2016.02.09-22.39.36:701][128]LogFbx: 		[Node 1] mhair01 (Type Skin).
[2016.02.09-22.39.36:701][128]LogFbx: =================================================
[2016.02.09-22.39.36:701][128]LogFbx: 	Attribute (mhair01) Type (4).
[2016.02.09-22.39.36:701][128]LogFbx: 		[Node Attribute Child 1] mhair01Mesh (Type Mesh).
[2016.02.09-22.39.36:701][128]LogFbx: Dumping Node END [mhair01Mesh]
[2016.02.09-22.39.36:701][128]LogFbx: =================================================
[2016.02.09-22.39.36:701][128]LogFbx: Dumping Node START [low-polyMesh] 
[2016.02.09-22.39.36:701][128]LogFbx: 	Total Deformer Count -684600016.
[2016.02.09-22.39.36:701][128]LogFbx: 		[Node 1] low-poly (Type Skin).
[2016.02.09-22.39.36:701][128]LogFbx: =================================================
[2016.02.09-22.39.36:701][128]LogFbx: 	Attribute (low-poly) Type (4).
[2016.02.09-22.39.36:701][128]LogFbx: 		[Node Attribute Child 1] low-polyMesh (Type Mesh).
[2016.02.09-22.39.36:701][128]LogFbx: Dumping Node END [low-polyMesh]
[2016.02.09-22.39.36:701][128]LogFbx: =================================================
[2016.02.09-22.39.36:701][128]LogFbx: Dumping Node START [eyebrow001Mesh] 
[2016.02.09-22.39.36:701][128]LogFbx: 	Total Deformer Count -684600016.
[2016.02.09-22.39.36:701][128]LogFbx: 		[Node 1] eyebrow001 (Type Skin).
[2016.02.09-22.39.36:701][128]LogFbx: =================================================
[2016.02.09-22.39.36:701][128]LogFbx: 	Attribute (eyebrow001) Type (4).
[2016.02.09-22.39.36:701][128]LogFbx: 		[Node Attribute Child 1] eyebrow001Mesh (Type Mesh).
[2016.02.09-22.39.36:701][128]LogFbx: Dumping Node END [eyebrow001Mesh]
[2016.02.09-22.39.36:701][128]LogFbx: =================================================
[2016.02.09-22.39.36:701][128]LogFbx: Dumping Node START [eyelashes01Mesh] 
[2016.02.09-22.39.36:701][128]LogFbx: 	Total Deformer Count -684600016.
[2016.02.09-22.39.36:701][128]LogFbx: 		[Node 1] eyelashes01 (Type Skin).
[2016.02.09-22.39.36:701][128]LogFbx: =================================================
[2016.02.09-22.39.36:701][128]LogFbx: 	Attribute (eyelashes01) Type (4).
[2016.02.09-22.39.36:701][128]LogFbx: 		[Node Attribute Child 1] eyelashes01Mesh (Type Mesh).
[2016.02.09-22.39.36:701][128]LogFbx: Dumping Node END [eyelashes01Mesh]
[2016.02.09-22.39.36:701][128]LogFbx: =================================================
[2016.02.09-22.39.36:701][128]LogFbx: Dumping Node START [teeth_shape04Mesh] 
[2016.02.09-22.39.36:701][128]LogFbx: 	Total Deformer Count -684600016.
[2016.02.09-22.39.36:701][128]LogFbx: 		[Node 1] teeth_shape04 (Type Skin).
[2016.02.09-22.39.36:701][128]LogFbx: =================================================
[2016.02.09-22.39.36:701][128]LogFbx: 	Attribute (teeth_shape04) Type (4).
[2016.02.09-22.39.36:701][128]LogFbx: 		[Node Attribute Child 1] teeth_shape04Mesh (Type Mesh).
[2016.02.09-22.39.36:701][128]LogFbx: Dumping Node END [teeth_shape04Mesh]
[2016.02.09-22.39.36:701][128]LogFbx: =================================================
[2016.02.09-22.39.36:701][128]LogFbx: Dumping Node START [tongue01Mesh] 
[2016.02.09-22.39.36:701][128]LogFbx: 	Total Deformer Count -684600016.
[2016.02.09-22.39.36:701][128]LogFbx: 		[Node 1] tongue01 (Type Skin).
[2016.02.09-22.39.36:701][128]LogFbx: =================================================
[2016.02.09-22.39.36:701][128]LogFbx: 	Attribute (tongue01) Type (4).
[2016.02.09-22.39.36:701][128]LogFbx: 		[Node Attribute Child 1] tongue01Mesh (Type Mesh).
[2016.02.09-22.39.36:701][128]LogFbx: Dumping Node END [tongue01Mesh]
[2016.02.09-22.39.36:701][128]LogFbx: =================================================
[2016.02.09-22.39.36:701][128]LogFbx: Dumping Node START [shirt01Mesh] 
[2016.02.09-22.39.36:701][128]LogFbx: 	Total Deformer Count -361937408.
[2016.02.09-22.39.36:701][128]LogFbx: 		[Node 1] shirt01 (Type Skin).
[2016.02.09-22.39.36:701][128]LogFbx: =================================================
[2016.02.09-22.39.36:701][128]LogFbx: 	Attribute (shirt01) Type (4).
[2016.02.09-22.39.36:701][128]LogFbx: 		[Node Attribute Child 1] shirt01Mesh (Type Mesh).
[2016.02.09-22.39.36:701][128]LogFbx: Dumping Node END [shirt01Mesh]
[2016.02.09-22.39.36:701][128]LogFbx: =================================================
[2016.02.09-22.39.36:701][128]LogFbx: Dumping Node START [shoes01_lresMesh] 
[2016.02.09-22.39.36:701][128]LogFbx: 	Total Deformer Count -684600016.
[2016.02.09-22.39.36:701][128]LogFbx: 		[Node 1] shoes01_lres (Type Skin).
[2016.02.09-22.39.36:701][128]LogFbx: =================================================
[2016.02.09-22.39.36:701][128]LogFbx: 	Attribute (shoes01_lres) Type (4).
[2016.02.09-22.39.36:701][128]LogFbx: 		[Node Attribute Child 1] shoes01_lresMesh (Type Mesh).
[2016.02.09-22.39.36:701][128]LogFbx: Dumping Node END [shoes01_lresMesh]
[2016.02.09-22.39.36:701][128]LogFbx: =================================================
[2016.02.09-22.39.36:701][128]LogFbx: Dumping Node START [jeans01Mesh] 
[2016.02.09-22.39.36:701][128]LogFbx: 	Total Deformer Count -361937408.
[2016.02.09-22.39.36:701][128]LogFbx: 		[Node 1] jeans01 (Type Skin).
[2016.02.09-22.39.36:701][128]LogFbx: =================================================
[2016.02.09-22.39.36:701][128]LogFbx: 	Attribute (jeans01) Type (4).
[2016.02.09-22.39.36:701][128]LogFbx: 		[Node Attribute Child 1] jeans01Mesh (Type Mesh).
[2016.02.09-22.39.36:701][128]LogFbx: Dumping Node END [jeans01Mesh]
[2016.02.09-22.39.36:710][128]LogFbx: =================================================
[2016.02.09-22.39.36:710][128]LogFbx: Dumping Node START [pythonMesh] 
[2016.02.09-22.39.36:710][128]LogFbx: 	Total Deformer Count -361937408.
[2016.02.09-22.39.36:710][128]LogFbx: 		[Node 1] python (Type Skin).
[2016.02.09-22.39.36:710][128]LogFbx: =================================================
[2016.02.09-22.39.36:710][128]LogFbx: 	Attribute (python) Type (4).
[2016.02.09-22.39.36:710][128]LogFbx: 		[Node Attribute Child 1] pythonMesh (Type Mesh).
[2016.02.09-22.39.36:710][128]LogFbx: Dumping Node END [pythonMesh]
[2016.02.09-22.39.36:710][128]LogFbx: =================================================
[2016.02.09-22.39.36:710][128]LogFbx: Dumping Node START [mhair01Mesh] 
[2016.02.09-22.39.36:710][128]LogFbx: 	Total Deformer Count -361937408.
[2016.02.09-22.39.36:710][128]LogFbx: 		[Node 1] mhair01 (Type Skin).
[2016.02.09-22.39.36:710][128]LogFbx: =================================================
[2016.02.09-22.39.36:710][128]LogFbx: 	Attribute (mhair01) Type (4).
[2016.02.09-22.39.36:710][128]LogFbx: 		[Node Attribute Child 1] mhair01Mesh (Type Mesh).
[2016.02.09-22.39.36:710][128]LogFbx: Dumping Node END [mhair01Mesh]
[2016.02.09-22.39.36:711][128]LogFbx: =================================================
[2016.02.09-22.39.36:711][128]LogFbx: Dumping Node START [low-polyMesh] 
[2016.02.09-22.39.36:711][128]LogFbx: 	Total Deformer Count -684600016.
[2016.02.09-22.39.36:711][128]LogFbx: 		[Node 1] low-poly (Type Skin).
[2016.02.09-22.39.36:711][128]LogFbx: =================================================
[2016.02.09-22.39.36:711][128]LogFbx: 	Attribute (low-poly) Type (4).
[2016.02.09-22.39.36:711][128]LogFbx: 		[Node Attribute Child 1] low-polyMesh (Type Mesh).
[2016.02.09-22.39.36:711][128]LogFbx: Dumping Node END [low-polyMesh]
[2016.02.09-22.39.36:711][128]LogFbx: =================================================
[2016.02.09-22.39.36:711][128]LogFbx: Dumping Node START [eyebrow001Mesh] 
[2016.02.09-22.39.36:711][128]LogFbx: 	Total Deformer Count -684600016.
[2016.02.09-22.39.36:711][128]LogFbx: 		[Node 1] eyebrow001 (Type Skin).
[2016.02.09-22.39.36:711][128]LogFbx: =================================================
[2016.02.09-22.39.36:711][128]LogFbx: 	Attribute (eyebrow001) Type (4).
[2016.02.09-22.39.36:711][128]LogFbx: 		[Node Attribute Child 1] eyebrow001Mesh (Type Mesh).
[2016.02.09-22.39.36:711][128]LogFbx: Dumping Node END [eyebrow001Mesh]
[2016.02.09-22.39.36:711][128]LogFbx: =================================================
[2016.02.09-22.39.36:711][128]LogFbx: Dumping Node START [eyelashes01Mesh] 
[2016.02.09-22.39.36:711][128]LogFbx: 	Total Deformer Count -684600016.
[2016.02.09-22.39.36:711][128]LogFbx: 		[Node 1] eyelashes01 (Type Skin).
[2016.02.09-22.39.36:711][128]LogFbx: =================================================
[2016.02.09-22.39.36:711][128]LogFbx: 	Attribute (eyelashes01) Type (4).
[2016.02.09-22.39.36:711][128]LogFbx: 		[Node Attribute Child 1] eyelashes01Mesh (Type Mesh).
[2016.02.09-22.39.36:711][128]LogFbx: Dumping Node END [eyelashes01Mesh]
[2016.02.09-22.39.36:711][128]LogFbx: =================================================
[2016.02.09-22.39.36:711][128]LogFbx: Dumping Node START [teeth_shape04Mesh] 
[2016.02.09-22.39.36:711][128]LogFbx: 	Total Deformer Count -684600016.
[2016.02.09-22.39.36:711][128]LogFbx: 		[Node 1] teeth_shape04 (Type Skin).
[2016.02.09-22.39.36:711][128]LogFbx: =================================================
[2016.02.09-22.39.36:711][128]LogFbx: 	Attribute (teeth_shape04) Type (4).
[2016.02.09-22.39.36:711][128]LogFbx: 		[Node Attribute Child 1] teeth_shape04Mesh (Type Mesh).
[2016.02.09-22.39.36:711][128]LogFbx: Dumping Node END [teeth_shape04Mesh]
[2016.02.09-22.39.36:711][128]LogFbx: =================================================
[2016.02.09-22.39.36:711][128]LogFbx: Dumping Node START [tongue01Mesh] 
[2016.02.09-22.39.36:711][128]LogFbx: 	Total Deformer Count -684600016.
[2016.02.09-22.39.36:711][128]LogFbx: 		[Node 1] tongue01 (Type Skin).
[2016.02.09-22.39.36:711][128]LogFbx: =================================================
[2016.02.09-22.39.36:711][128]LogFbx: 	Attribute (tongue01) Type (4).
[2016.02.09-22.39.36:711][128]LogFbx: 		[Node Attribute Child 1] tongue01Mesh (Type Mesh).
[2016.02.09-22.39.36:711][128]LogFbx: Dumping Node END [tongue01Mesh]
[2016.02.09-22.39.36:711][128]LogFbx: =================================================
[2016.02.09-22.39.36:711][128]LogFbx: Dumping Node START [shirt01Mesh] 
[2016.02.09-22.39.36:711][128]LogFbx: 	Total Deformer Count -361937408.
[2016.02.09-22.39.36:711][128]LogFbx: 		[Node 1] shirt01 (Type Skin).
[2016.02.09-22.39.36:711][128]LogFbx: =================================================
[2016.02.09-22.39.36:711][128]LogFbx: 	Attribute (shirt01) Type (4).
[2016.02.09-22.39.36:711][128]LogFbx: 		[Node Attribute Child 1] shirt01Mesh (Type Mesh).
[2016.02.09-22.39.36:711][128]LogFbx: Dumping Node END [shirt01Mesh]
[2016.02.09-22.39.36:711][128]LogFbx: =================================================
[2016.02.09-22.39.36:711][128]LogFbx: Dumping Node START [shoes01_lresMesh] 
[2016.02.09-22.39.36:711][128]LogFbx: 	Total Deformer Count -684600016.
[2016.02.09-22.39.36:711][128]LogFbx: 		[Node 1] shoes01_lres (Type Skin).
[2016.02.09-22.39.36:711][128]LogFbx: =================================================
[2016.02.09-22.39.36:711][128]LogFbx: 	Attribute (shoes01_lres) Type (4).
[2016.02.09-22.39.36:711][128]LogFbx: 		[Node Attribute Child 1] shoes01_lresMesh (Type Mesh).
[2016.02.09-22.39.36:711][128]LogFbx: Dumping Node END [shoes01_lresMesh]
[2016.02.09-22.39.36:711][128]LogFbx: =================================================
[2016.02.09-22.39.36:711][128]LogFbx: Dumping Node START [jeans01Mesh] 
[2016.02.09-22.39.36:711][128]LogFbx: 	Total Deformer Count -361937408.
[2016.02.09-22.39.36:711][128]LogFbx: 		[Node 1] jeans01 (Type Skin).
[2016.02.09-22.39.36:711][128]LogFbx: =================================================
[2016.02.09-22.39.36:712][128]LogFbx: 	Attribute (jeans01) Type (4).
[2016.02.09-22.39.36:712][128]LogFbx: 		[Node Attribute Child 1] jeans01Mesh (Type Mesh).
[2016.02.09-22.39.36:712][128]LogFbx: Dumping Node END [jeans01Mesh]
[2016.02.09-22.39.36:721][128]LogFbx:Warning: Not valid bind pose for Pose (python) - Node pythonMesh : The relative matrices do not match
[2016.02.09-22.39.36:727][128]LogFbx:Warning: Not valid bind pose for Pose (python) - Node mhair01Mesh : The relative matrices do not match
[2016.02.09-22.39.36:734][128]LogFbx:Warning: Not valid bind pose for Pose (python) - Node low-polyMesh : The relative matrices do not match
[2016.02.09-22.39.36:740][128]LogFbx:Warning: Not valid bind pose for Pose (python) - Node eyebrow001Mesh : The relative matrices do not match
[2016.02.09-22.39.36:747][128]LogFbx:Warning: Not valid bind pose for Pose (python) - Node eyelashes01Mesh : The relative matrices do not match
[2016.02.09-22.39.36:753][128]LogFbx:Warning: Not valid bind pose for Pose (python) - Node teeth_shape04Mesh : The relative matrices do not match
[2016.02.09-22.39.36:759][128]LogFbx:Warning: Not valid bind pose for Pose (python) - Node tongue01Mesh : The relative matrices do not match
[2016.02.09-22.39.36:766][128]LogFbx:Warning: Not valid bind pose for Pose (python) - Node shirt01Mesh : The relative matrices do not match
[2016.02.09-22.39.36:773][128]LogFbx:Warning: Not valid bind pose for Pose (python) - Node shoes01_lresMesh : The relative matrices do not match
[2016.02.09-22.39.36:779][128]LogFbx:Warning: Not valid bind pose for Pose (python) - Node jeans01Mesh : The relative matrices do not match
[2016.02.09-22.39.36:779][128]LogFbx:Warning: Getting valid bind pose failed. Try to recreate bind pose
[2016.02.09-22.39.36:798][128]LogFbx: Valid bind pose for Pose (FbxSDKBindPose) - pythonMesh
[2016.02.09-22.39.36:798][128]LogFbx:Warning: Recreating bind pose succeeded.
[2016.02.09-22.39.36:813][128]LogLinker:Warning: Can't find file '/Game/python'
[2016.02.09-22.39.36:813][128]LogLinker:Warning: Can't find file '/Game/python'
[2016.02.09-22.39.36:814][128]LogLinker:Warning: Can't find file '/Game/young_lightskinned_female_diffuse'
[2016.02.09-22.39.36:814][128]LogLinker:Warning: Can't find file '/Game/young_lightskinned_female_diffuse'
[2016.02.09-22.39.36:815][128]LogUObjectGlobals:Warning: Failed to find object 'Texture /Game/young_lightskinned_female_diffuse.young_lightskinned_female_diffuse'
[2016.02.09-22.39.37:263][128]LogTexture:Display: Building textures: young_lightskinned_female_diffuse (AutoDXT)
[2016.02.09-22.39.39:040][128]LogMaterial: Missing cached shader map for material python, compiling. 
[2016.02.09-22.39.39:055][128]LogFbx: Triangulating skeletal mesh pythonMesh
[2016.02.09-22.39.41:783][128]LogLinker:Warning: Can't find file '/Game/mhair01'
[2016.02.09-22.39.41:783][128]LogLinker:Warning: Can't find file '/Game/mhair01'
[2016.02.09-22.39.41:784][128]LogLinker:Warning: Can't find file '/Game/male01_diffuse_black'
[2016.02.09-22.39.41:784][128]LogLinker:Warning: Can't find file '/Game/male01_diffuse_black'
[2016.02.09-22.39.41:784][128]LogUObjectGlobals:Warning: Failed to find object 'Texture /Game/male01_diffuse_black.male01_diffuse_black'
[2016.02.09-22.39.42:147][128]LogTexture:Display: Building textures: male01_diffuse_black (AutoDXT)
[2016.02.09-22.39.44:819][128]LogMaterial: Missing cached shader map for material mhair01, compiling. 
[2016.02.09-22.39.44:824][128]LogFbx: Triangulating skeletal mesh mhair01Mesh
[2016.02.09-22.39.45:426][128]LogLinker:Warning: Can't find file '/Game/low-poly'
[2016.02.09-22.39.45:426][128]LogLinker:Warning: Can't find file '/Game/low-poly'
[2016.02.09-22.39.45:429][128]LogLinker:Warning: Can't find file '/Game/brown_eye'
[2016.02.09-22.39.45:429][128]LogLinker:Warning: Can't find file '/Game/brown_eye'
[2016.02.09-22.39.45:429][128]LogUObjectGlobals:Warning: Failed to find object 'Texture /Game/brown_eye.brown_eye'
[2016.02.09-22.39.45:520][128]LogTexture:Display: Building textures: brown_eye (AutoDXT)
[2016.02.09-22.39.46:243][128]LogMaterial: Missing cached shader map for material low-poly, compiling. 
[2016.02.09-22.39.46:248][128]LogFbx: Triangulating skeletal mesh low-polyMesh
[2016.02.09-22.39.46:279][128]LogLinker:Warning: Can't find file '/Game/eyebrow001'
[2016.02.09-22.39.46:279][128]LogLinker:Warning: Can't find file '/Game/eyebrow001'
[2016.02.09-22.39.46:281][128]LogUObjectGlobals:Warning: Failed to find object 'Texture /Game/eyebrow001.eyebrow001'
[2016.02.09-22.39.46:325][128]LogTexture:Display: Building textures: eyebrow002 (AutoDXT)
[2016.02.09-22.39.46:419][128]LogMaterial: Missing cached shader map for material eyebrow001, compiling. 
[2016.02.09-22.39.46:424][128]LogFbx: Triangulating skeletal mesh eyebrow001Mesh
[2016.02.09-22.39.46:458][128]LogLinker:Warning: Can't find file '/Game/eyelashes01'
[2016.02.09-22.39.46:458][128]LogLinker:Warning: Can't find file '/Game/eyelashes01'
[2016.02.09-22.39.46:460][128]LogUObjectGlobals:Warning: Failed to find object 'Texture /Game/eyelashes01.eyelashes01'
[2016.02.09-22.39.46:488][128]LogTexture:Display: Building textures: eyelashes02 (AutoDXT)
[2016.02.09-22.39.46:525][128]LogMaterial: Missing cached shader map for material eyelashes01, compiling. 
[2016.02.09-22.39.46:530][128]LogFbx: Triangulating skeletal mesh eyelashes01Mesh
[2016.02.09-22.39.46:592][128]LogLinker:Warning: Can't find file '/Game/teeth_shape04'
[2016.02.09-22.39.46:592][128]LogLinker:Warning: Can't find file '/Game/teeth_shape04'
[2016.02.09-22.39.46:593][128]LogLinker:Warning: Can't find file '/Game/teeth'
[2016.02.09-22.39.46:594][128]LogLinker:Warning: Can't find file '/Game/teeth'
[2016.02.09-22.39.46:594][128]LogUObjectGlobals:Warning: Failed to find object 'Texture /Game/teeth.teeth'
[2016.02.09-22.39.46:839][128]LogTexture:Display: Building textures: teeth (AutoDXT)
[2016.02.09-22.39.49:959][128]LogMaterial: Missing cached shader map for material teeth_shape04, compiling. 
[2016.02.09-22.39.49:964][128]LogFbx: Triangulating skeletal mesh teeth_shape04Mesh
[2016.02.09-22.39.51:134][128]LogLinker:Warning: Can't find file '/Game/tongue01'
[2016.02.09-22.39.51:134][128]LogLinker:Warning: Can't find file '/Game/tongue01'
[2016.02.09-22.39.51:135][128]LogLinker:Warning: Can't find file '/Game/tongue01_diffuse'
[2016.02.09-22.39.51:136][128]LogLinker:Warning: Can't find file '/Game/tongue01_diffuse'
[2016.02.09-22.39.51:136][128]LogUObjectGlobals:Warning: Failed to find object 'Texture /Game/tongue01_diffuse.tongue01_diffuse'
[2016.02.09-22.39.51:231][128]LogTexture:Display: Building textures: tongue01_diffuse (AutoDXT)
[2016.02.09-22.39.51:541][128]LogMaterial: Missing cached shader map for material tongue01, compiling. 
[2016.02.09-22.39.51:546][128]LogFbx: Triangulating skeletal mesh tongue01Mesh
[2016.02.09-22.39.51:621][128]LogLinker:Warning: Can't find file '/Game/shirt01'
[2016.02.09-22.39.51:621][128]LogLinker:Warning: Can't find file '/Game/shirt01'
[2016.02.09-22.39.51:623][128]LogLinker:Warning: Can't find file '/Game/shirt_texture'
[2016.02.09-22.39.51:623][128]LogLinker:Warning: Can't find file '/Game/shirt_texture'
[2016.02.09-22.39.51:623][128]LogUObjectGlobals:Warning: Failed to find object 'Texture /Game/shirt_texture.shirt_texture'
[2016.02.09-22.39.51:701][128]LogTexture:Display: Building textures: shirt_texture (AutoDXT)
[2016.02.09-22.39.51:870][128]LogLinker:Warning: Can't find file '/Game/shirt_normals'
[2016.02.09-22.39.51:870][128]LogLinker:Warning: Can't find file '/Game/shirt_normals'
[2016.02.09-22.39.51:870][128]LogUObjectGlobals:Warning: Failed to find object 'Texture /Game/shirt_normals.shirt_normals'
[2016.02.09-22.39.51:950][128]LogTexture:Display: Building textures: shirt_normals (BC5)
[2016.02.09-22.39.52:032][128]LogMaterial: Missing cached shader map for material shirt01, compiling. 
[2016.02.09-22.39.52:037][128]LogFbx: Triangulating skeletal mesh shirt01Mesh
[2016.02.09-22.39.52:548][128]LogLinker:Warning: Can't find file '/Game/shoes01_lres'
[2016.02.09-22.39.52:548][128]LogLinker:Warning: Can't find file '/Game/shoes01_lres'
[2016.02.09-22.39.52:549][128]LogLinker:Warning: Can't find file '/Game/classicshoes_texture_diffuse_black'
[2016.02.09-22.39.52:549][128]LogLinker:Warning: Can't find file '/Game/classicshoes_texture_diffuse_black'
[2016.02.09-22.39.52:549][128]LogUObjectGlobals:Warning: Failed to find object 'Texture /Game/classicshoes_texture_diffuse_black.classicshoes_texture_diffuse_black'
[2016.02.09-22.39.52:618][128]LogTexture:Display: Building textures: classicshoes_texture_diffuse_black (AutoDXT)
[2016.02.09-22.39.52:876][128]LogLinker:Warning: Can't find file '/Game/classicshoes_texture_normals'
[2016.02.09-22.39.52:876][128]LogLinker:Warning: Can't find file '/Game/classicshoes_texture_normals'
[2016.02.09-22.39.52:876][128]LogUObjectGlobals:Warning: Failed to find object 'Texture /Game/classicshoes_texture_normals.classicshoes_texture_normals'
[2016.02.09-22.39.52:957][128]LogTexture:Display: Building textures: classicshoes_texture_normals (BC5)
[2016.02.09-22.39.53:050][128]LogMaterial: Missing cached shader map for material shoes01_lres, compiling. 
[2016.02.09-22.39.53:055][128]LogFbx: Triangulating skeletal mesh shoes01_lresMesh
[2016.02.09-22.39.53:178][128]LogLinker:Warning: Can't find file '/Game/jeans01'
[2016.02.09-22.39.53:178][128]LogLinker:Warning: Can't find file '/Game/jeans01'
[2016.02.09-22.39.53:179][128]LogLinker:Warning: Can't find file '/Game/jeans_basic_diffuse'
[2016.02.09-22.39.53:180][128]LogLinker:Warning: Can't find file '/Game/jeans_basic_diffuse'
[2016.02.09-22.39.53:180][128]LogUObjectGlobals:Warning: Failed to find object 'Texture /Game/jeans_basic_diffuse.jeans_basic_diffuse'
[2016.02.09-22.39.53:474][128]LogTexture:Display: Building textures: jeans_basic_diffuse (AutoDXT)
[2016.02.09-22.39.55:692][128]LogLinker:Warning: Can't find file '/Game/jeans01_normals'
[2016.02.09-22.39.55:692][128]LogLinker:Warning: Can't find file '/Game/jeans01_normals'
[2016.02.09-22.39.55:692][128]LogUObjectGlobals:Warning: Failed to find object 'Texture /Game/jeans01_normals.jeans01_normals'
[2016.02.09-22.39.55:954][128]LogTexture:Display: Building textures: jeans01_normals (BC5)
[2016.02.09-22.39.56:370][128]LogMaterial: Missing cached shader map for material jeans01, compiling. 
[2016.02.09-22.39.56:376][128]LogFbx: Triangulating skeletal mesh jeans01Mesh
[2016.02.09-22.39.56:691][128]LogFbx:Warning: Bones digested - 73  Depth of hierarchy - 14
[2016.02.09-22.39.56:891][128]LogSkeletalMesh: Chunk 0: 4270 rigid vertices, 4870 soft vertices, 65 active bones
[2016.02.09-22.39.56:891][128]LogSkeletalMesh: Chunk 1: 2944 rigid vertices, 106 soft vertices, 5 active bones
[2016.02.09-22.39.56:891][128]LogSkeletalMesh: Chunk 2: 90 rigid vertices, 6 soft vertices, 6 active bones
[2016.02.09-22.39.56:891][128]LogSkeletalMesh: Chunk 3: 124 rigid vertices, 0 soft vertices, 1 active bones
[2016.02.09-22.39.56:891][128]LogSkeletalMesh: Chunk 4: 108 rigid vertices, 142 soft vertices, 5 active bones
[2016.02.09-22.39.56:892][128]LogSkeletalMesh: Chunk 5: 4502 rigid vertices, 0 soft vertices, 2 active bones
[2016.02.09-22.39.56:892][128]LogSkeletalMesh: Chunk 6: 75 rigid vertices, 178 soft vertices, 3 active bones
[2016.02.09-22.39.56:892][128]LogSkeletalMesh: Chunk 7: 733 rigid vertices, 1046 soft vertices, 16 active bones
[2016.02.09-22.39.56:892][128]LogSkeletalMesh: Chunk 8: 528 rigid vertices, 0 soft vertices, 2 active bones
[2016.02.09-22.39.56:892][128]LogSkeletalMesh: Chunk 9: 381 rigid vertices, 570 soft vertices, 8 active bones
[2016.02.09-22.39.56:963][128]LogSkeletalMesh: Section 0: Material=0, Chunk=0, 16544 triangles
[2016.02.09-22.39.56:963][128]LogSkeletalMesh: Section 1: Material=1, Chunk=1, 3676 triangles
[2016.02.09-22.39.56:963][128]LogSkeletalMesh: Section 2: Material=2, Chunk=2, 172 triangles
[2016.02.09-22.39.56:963][128]LogSkeletalMesh: Section 3: Material=3, Chunk=3, 192 triangles
[2016.02.09-22.39.56:963][128]LogSkeletalMesh: Section 4: Material=4, Chunk=4, 368 triangles
[2016.02.09-22.39.56:963][128]LogSkeletalMesh: Section 5: Material=5, Chunk=5, 7071 triangles
[2016.02.09-22.39.56:963][128]LogSkeletalMesh: Section 6: Material=6, Chunk=6, 448 triangles
[2016.02.09-22.39.56:963][128]LogSkeletalMesh: Section 7: Material=7, Chunk=7, 3088 triangles
[2016.02.09-22.39.56:963][128]LogSkeletalMesh: Section 8: Material=8, Chunk=8, 728 triangles
[2016.02.09-22.39.56:963][128]LogSkeletalMesh: Section 9: Material=9, Chunk=9, 1712 triangles
[2016.02.09-22.39.56:975][128]LogLinker:Warning: Can't find file '/Game/Main_PhysicsAsset'
[2016.02.09-22.39.56:975][128]LogLinker:Warning: Can't find file '/Game/Main_PhysicsAsset'
[2016.02.09-22.39.56:975][128]LogUObjectGlobals:Warning: Failed to find object 'Object /Game/Main_PhysicsAsset.Main_PhysicsAsset'
[2016.02.09-22.39.56:979][128]LogLinker:Warning: Can't find file '/Game/Main_Skeleton'
[2016.02.09-22.39.56:979][128]LogLinker:Warning: Can't find file '/Game/Main_Skeleton'
[2016.02.09-22.39.56:979][128]LogUObjectGlobals:Warning: Failed to find object 'Object /Game/Main_Skeleton.Main_Skeleton'
[2016.02.09-22.39.56:993][128]FBXImport:Warning: Warning Warning: No smoothing group information was found in this FBX scene.  Please make sure to enable the 'Export Smoothing Groups' option in the FBX Exporter plug-in before exporting the file.  Even for tools that don't support smoothing groups, the FBX Exporter will generate appropriate smoothing data at export-time so that correct vertex normals can be inferred while importing. 
[2016.02.09-22.39.56:993][128]FBXImport:Warning: Warning The following bones are missing from the bind pose:
toe.L  
toe.R  

This can happen for bones that are not vert weighted. If they are not in the correct orientation after importing,
please set the "Use T0 as ref pose" option or add them to the bind pose and reimport the skeletal mesh. 
[2016.02.09-22.39.57:113][129]LogMaterial:Warning: Material /Game/python.python needed to have new flag set bUsedWithSkeletalMesh !
[2016.02.09-22.39.57:146][129]LogMaterial: Missing cached shader map for material python, compiling. 
[2016.02.09-22.39.57:156][129]LogMaterial: 0.000078 seconds spent updating 1 materials, 1 interfaces, 0 instances, 0 with static permutations.
[2016.02.09-22.39.57:156][129]LogMaterial:Warning: Material /Game/mhair01.mhair01 needed to have new flag set bUsedWithSkeletalMesh !
[2016.02.09-22.39.57:158][129]LogMaterial: Missing cached shader map for material mhair01, compiling. 
[2016.02.09-22.39.57:167][129]LogMaterial: 0.000065 seconds spent updating 1 materials, 1 interfaces, 0 instances, 0 with static permutations.
[2016.02.09-22.39.57:167][129]LogMaterial:Warning: Material /Game/low-poly.low-poly needed to have new flag set bUsedWithSkeletalMesh !
[2016.02.09-22.39.57:169][129]LogMaterial: Missing cached shader map for material low-poly, compiling. 
[2016.02.09-22.39.57:178][129]LogMaterial: 0.000103 seconds spent updating 1 materials, 1 interfaces, 0 instances, 0 with static permutations.
[2016.02.09-22.39.57:178][129]LogMaterial:Warning: Material /Game/eyebrow001.eyebrow001 needed to have new flag set bUsedWithSkeletalMesh !
[2016.02.09-22.39.57:179][129]LogMaterial: Missing cached shader map for material eyebrow001, compiling. 
[2016.02.09-22.39.57:188][129]LogMaterial: 0.000064 seconds spent updating 1 materials, 1 interfaces, 0 instances, 0 with static permutations.
[2016.02.09-22.39.57:189][129]LogMaterial:Warning: Material /Game/eyelashes01.eyelashes01 needed to have new flag set bUsedWithSkeletalMesh !
[2016.02.09-22.39.57:190][129]LogMaterial: Missing cached shader map for material eyelashes01, compiling. 
[2016.02.09-22.39.57:198][129]LogMaterial: 0.000066 seconds spent updating 1 materials, 1 interfaces, 0 instances, 0 with static permutations.
[2016.02.09-22.39.57:198][129]LogMaterial:Warning: Material /Game/teeth_shape04.teeth_shape04 needed to have new flag set bUsedWithSkeletalMesh !
[2016.02.09-22.39.57:200][129]LogMaterial: Missing cached shader map for material teeth_shape04, compiling. 
[2016.02.09-22.39.57:209][129]LogMaterial: 0.000085 seconds spent updating 1 materials, 1 interfaces, 0 instances, 0 with static permutations.
[2016.02.09-22.39.57:209][129]LogMaterial:Warning: Material /Game/tongue01.tongue01 needed to have new flag set bUsedWithSkeletalMesh !
[2016.02.09-22.39.57:210][129]LogMaterial: Missing cached shader map for material tongue01, compiling. 
[2016.02.09-22.39.57:219][129]LogMaterial: 0.000082 seconds spent updating 1 materials, 1 interfaces, 0 instances, 0 with static permutations.
[2016.02.09-22.39.57:219][129]LogMaterial:Warning: Material /Game/shirt01.shirt01 needed to have new flag set bUsedWithSkeletalMesh !
[2016.02.09-22.39.57:221][129]LogMaterial: Missing cached shader map for material shirt01, compiling. 
[2016.02.09-22.39.57:230][129]LogMaterial: 0.000058 seconds spent updating 1 materials, 1 interfaces, 0 instances, 0 with static permutations.
[2016.02.09-22.39.57:230][129]LogMaterial:Warning: Material /Game/shoes01_lres.shoes01_lres needed to have new flag set bUsedWithSkeletalMesh !
[2016.02.09-22.39.57:232][129]LogMaterial: Missing cached shader map for material shoes01_lres, compiling. 
[2016.02.09-22.39.57:240][129]LogMaterial: 0.000034 seconds spent updating 1 materials, 1 interfaces, 0 instances, 0 with static permutations.
[2016.02.09-22.39.57:240][129]LogMaterial:Warning: Material /Game/jeans01.jeans01 needed to have new flag set bUsedWithSkeletalMesh !
[2016.02.09-22.39.57:242][129]LogMaterial: Missing cached shader map for material jeans01, compiling. 
[2016.02.09-22.39.57:250][129]LogMaterial: 0.000033 seconds spent updating 1 materials, 1 interfaces, 0 instances, 0 with static permutations.
[2016.02.09-22.40.37:968][597]LogBlueprintUserMessages: Early PlayInEditor Detection: Level '/Game/ThirdPersonBP/Maps/ThirdPersonExampleMap.ThirdPersonExampleMap:PersistentLevel' has LevelScriptBlueprint '/Game/ThirdPersonBP/Maps/ThirdPersonExampleMap.ThirdPersonExampleMap:PersistentLevel.ThirdPersonExampleMap' with GeneratedClass '/Game/ThirdPersonBP/Maps/ThirdPersonExampleMap.ThirdPersonExampleMap_C' with ClassGeneratedBy '/Game/ThirdPersonBP/Maps/ThirdPersonExampleMap.ThirdPersonExampleMap:PersistentLevel.ThirdPersonExampleMap'
[2016.02.09-22.40.37:968][597]LogPlayLevel: PlayLevel: No blueprints needed recompiling
[2016.02.09-22.40.37:968][597]PIE: New page: PIE session: ThirdPersonExampleMap (Feb 9, 2016, 10:40:37 AM)
[2016.02.09-22.40.37:969][597]LogPlayLevel: Creating play world package: /Game/ThirdPersonBP/Maps/UEDPIE_0_ThirdPersonExampleMap
[2016.02.09-22.40.37:987][597]LogPlayLevel: PIE: StaticDuplicateObject took: (0.018234s)
[2016.02.09-22.40.37:987][597]LogAIModule: Creating AISystem for world ThirdPersonExampleMap
[2016.02.09-22.40.37:988][597]LogPlayLevel: PIE: World Init took: (0.000735s)
[2016.02.09-22.40.37:988][597]LogPlayLevel: PIE: Created PIE world by copying editor world from /Game/ThirdPersonBP/Maps/ThirdPersonExampleMap.ThirdPersonExampleMap to /Game/ThirdPersonBP/Maps/UEDPIE_0_ThirdPersonExampleMap.ThirdPersonExampleMap (0.019223s)
[2016.02.09-22.40.38:017][597]LogInit: XAudio2 using 'Speakers (2- Logitech USB Headset)' : 2 channels at 44.1 kHz using 16 bits per sample (channel mask 0x3)
[2016.02.09-22.40.38:024][597]LogInit: FAudioDevice initialized.
[2016.02.09-22.40.38:129][597]LogWorld: Game class is 'ThirdPersonGameMode_C'
[2016.02.09-22.40.38:133][597]LogWorld: Bringing World /Game/ThirdPersonBP/Maps/UEDPIE_0_ThirdPersonExampleMap.ThirdPersonExampleMap up for play (max tick rate 0) at 2016.02.09-16.40.38
[2016.02.09-22.40.38:133][597]LogActor:Warning: GameSession /Game/ThirdPersonBP/Maps/UEDPIE_0_ThirdPersonExampleMap.ThirdPersonExampleMap:PersistentLevel.GameSession_0 has natively added scene component(s), but none of them were set as the actor's RootComponent - picking one arbitrarily
[2016.02.09-22.40.38:133][597]LogActor:Warning: GameNetworkManager /Game/ThirdPersonBP/Maps/UEDPIE_0_ThirdPersonExampleMap.ThirdPersonExampleMap:PersistentLevel.GameNetworkManager_0 has natively added scene component(s), but none of them were set as the actor's RootComponent - picking one arbitrarily
[2016.02.09-22.40.38:134][597]LogWorld: Bringing up level for play took: 0.003573
[2016.02.09-22.40.38:135][597]PIE: Info Play in editor start time for /Game/ThirdPersonBP/Maps/UEDPIE_0_ThirdPersonExampleMap -0.281
[2016.02.09-22.40.38:135][597]LogBlueprintUserMessages: Late PlayInEditor Detection: Level '/Game/ThirdPersonBP/Maps/ThirdPersonExampleMap.ThirdPersonExampleMap:PersistentLevel' has LevelScriptBlueprint '/Game/ThirdPersonBP/Maps/ThirdPersonExampleMap.ThirdPersonExampleMap:PersistentLevel.ThirdPersonExampleMap' with GeneratedClass '/Game/ThirdPersonBP/Maps/ThirdPersonExampleMap.ThirdPersonExampleMap_C' with ClassGeneratedBy '/Game/ThirdPersonBP/Maps/ThirdPersonExampleMap.ThirdPersonExampleMap:PersistentLevel.ThirdPersonExampleMap'
[2016.02.09-22.40.53:789][ 69]LogBlueprintUserMessages: Early EndPlayMap Detection: Level '/Game/ThirdPersonBP/Maps/ThirdPersonExampleMap.ThirdPersonExampleMap:PersistentLevel' has LevelScriptBlueprint '/Game/ThirdPersonBP/Maps/ThirdPersonExampleMap.ThirdPersonExampleMap:PersistentLevel.ThirdPersonExampleMap' with GeneratedClass '/Game/ThirdPersonBP/Maps/ThirdPersonExampleMap.ThirdPersonExampleMap_C' with ClassGeneratedBy '/Game/ThirdPersonBP/Maps/ThirdPersonExampleMap.ThirdPersonExampleMap:PersistentLevel.ThirdPersonExampleMap'
[2016.02.09-22.40.53:905][ 69]LogBlueprintUserMessages: Late EndPlayMap Detection: Level '/Game/ThirdPersonBP/Maps/ThirdPersonExampleMap.ThirdPersonExampleMap:PersistentLevel' has LevelScriptBlueprint '/Game/ThirdPersonBP/Maps/ThirdPersonExampleMap.ThirdPersonExampleMap:PersistentLevel.ThirdPersonExampleMap' with GeneratedClass '/Game/ThirdPersonBP/Maps/ThirdPersonExampleMap.ThirdPersonExampleMap_C' with ClassGeneratedBy '/Game/ThirdPersonBP/Maps/ThirdPersonExampleMap.ThirdPersonExampleMap:PersistentLevel.ThirdPersonExampleMap'
[2016.02.09-22.40.53:924][ 69]LogParticles: Destroying 0 GPU particle simulations for FXSystem 0x000001B59E75CA40
[2016.02.09-22.41.03:250][812]LogEditorViewport: Clicking on Actor (LMB): SkeletalMeshActor (Main)
[2016.02.09-22.41.03:378][820]LogEditorViewport: Clicking on Component (LMB): SkeletalMeshComponent (SkeletalMeshComponent0)
[2016.02.09-22.41.32:672][189]LogSkeletalMesh: InitArticulated: Bodies already created (/Engine/Transient.DebugSkelMeshComponent_0) - call TermArticulated first.
[2016.02.09-22.42.08:497][399]LogBlueprintUserMessages: Early PlayInEditor Detection: Level '/Game/ThirdPersonBP/Maps/ThirdPersonExampleMap.ThirdPersonExampleMap:PersistentLevel' has LevelScriptBlueprint '/Game/ThirdPersonBP/Maps/ThirdPersonExampleMap.ThirdPersonExampleMap:PersistentLevel.ThirdPersonExampleMap' with GeneratedClass '/Game/ThirdPersonBP/Maps/ThirdPersonExampleMap.ThirdPersonExampleMap_C' with ClassGeneratedBy '/Game/ThirdPersonBP/Maps/ThirdPersonExampleMap.ThirdPersonExampleMap:PersistentLevel.ThirdPersonExampleMap'
[2016.02.09-22.42.08:497][399]LogPlayLevel: PlayLevel: No blueprints needed recompiling
[2016.02.09-22.42.08:497][399]PIE: New page: PIE session: ThirdPersonExampleMap (Feb 9, 2016, 10:42:08 AM)
[2016.02.09-22.42.08:497][399]LogPlayLevel: Creating play world package: /Game/ThirdPersonBP/Maps/UEDPIE_0_ThirdPersonExampleMap
[2016.02.09-22.42.08:515][399]LogPlayLevel: PIE: StaticDuplicateObject took: (0.017801s)
[2016.02.09-22.42.08:516][399]LogAIModule: Creating AISystem for world ThirdPersonExampleMap
[2016.02.09-22.42.08:516][399]LogPlayLevel: PIE: World Init took: (0.001258s)
[2016.02.09-22.42.08:516][399]LogPlayLevel: PIE: Created PIE world by copying editor world from /Game/ThirdPersonBP/Maps/ThirdPersonExampleMap.ThirdPersonExampleMap to /Game/ThirdPersonBP/Maps/UEDPIE_0_ThirdPersonExampleMap.ThirdPersonExampleMap (0.019346s)
[2016.02.09-22.42.08:528][399]LogParticles: Destroying 0 GPU particle simulations for FXSystem 0x000001B5CF4EF7E0
[2016.02.09-22.42.08:528][399]LogParticles: Destroying 0 GPU particle simulations for FXSystem 0x000001B5CF4ED1C0
[2016.02.09-22.42.08:537][399]LogInit: XAudio2 using 'Speakers (2- Logitech USB Headset)' : 2 channels at 44.1 kHz using 16 bits per sample (channel mask 0x3)
[2016.02.09-22.42.08:542][399]LogInit: FAudioDevice initialized.
[2016.02.09-22.42.08:570][399]LogWorld: Game class is 'ThirdPersonGameMode_C'
[2016.02.09-22.42.08:574][399]LogWorld: Bringing World /Game/ThirdPersonBP/Maps/UEDPIE_0_ThirdPersonExampleMap.ThirdPersonExampleMap up for play (max tick rate 0) at 2016.02.09-16.42.08
[2016.02.09-22.42.08:574][399]LogActor:Warning: GameSession /Game/ThirdPersonBP/Maps/UEDPIE_0_ThirdPersonExampleMap.ThirdPersonExampleMap:PersistentLevel.GameSession_1 has natively added scene component(s), but none of them were set as the actor's RootComponent - picking one arbitrarily
[2016.02.09-22.42.08:574][399]LogActor:Warning: GameNetworkManager /Game/ThirdPersonBP/Maps/UEDPIE_0_ThirdPersonExampleMap.ThirdPersonExampleMap:PersistentLevel.GameNetworkManager_1 has natively added scene component(s), but none of them were set as the actor's RootComponent - picking one arbitrarily
[2016.02.09-22.42.08:574][399]LogWorld: Bringing up level for play took: 0.003121
[2016.02.09-22.42.08:575][399]PIE: Info Play in editor start time for /Game/ThirdPersonBP/Maps/UEDPIE_0_ThirdPersonExampleMap 0.159
[2016.02.09-22.42.08:575][399]LogBlueprintUserMessages: Late PlayInEditor Detection: Level '/Game/ThirdPersonBP/Maps/ThirdPersonExampleMap.ThirdPersonExampleMap:PersistentLevel' has LevelScriptBlueprint '/Game/ThirdPersonBP/Maps/ThirdPersonExampleMap.ThirdPersonExampleMap:PersistentLevel.ThirdPersonExampleMap' with GeneratedClass '/Game/ThirdPersonBP/Maps/ThirdPersonExampleMap.ThirdPersonExampleMap_C' with ClassGeneratedBy '/Game/ThirdPersonBP/Maps/ThirdPersonExampleMap.ThirdPersonExampleMap:PersistentLevel.ThirdPersonExampleMap'
[2016.02.09-22.42.31:667][782]LogBlueprintUserMessages: Early EndPlayMap Detection: Level '/Game/ThirdPersonBP/Maps/ThirdPersonExampleMap.ThirdPersonExampleMap:PersistentLevel' has LevelScriptBlueprint '/Game/ThirdPersonBP/Maps/ThirdPersonExampleMap.ThirdPersonExampleMap:PersistentLevel.ThirdPersonExampleMap' with GeneratedClass '/Game/ThirdPersonBP/Maps/ThirdPersonExampleMap.ThirdPersonExampleMap_C' with ClassGeneratedBy '/Game/ThirdPersonBP/Maps/ThirdPersonExampleMap.ThirdPersonExampleMap:PersistentLevel.ThirdPersonExampleMap'
[2016.02.09-22.42.31:713][782]LogBlueprintUserMessages: Late EndPlayMap Detection: Level '/Game/ThirdPersonBP/Maps/ThirdPersonExampleMap.ThirdPersonExampleMap:PersistentLevel' has LevelScriptBlueprint '/Game/ThirdPersonBP/Maps/ThirdPersonExampleMap.ThirdPersonExampleMap:PersistentLevel.ThirdPersonExampleMap' with GeneratedClass '/Game/ThirdPersonBP/Maps/ThirdPersonExampleMap.ThirdPersonExampleMap_C' with ClassGeneratedBy '/Game/ThirdPersonBP/Maps/ThirdPersonExampleMap.ThirdPersonExampleMap:PersistentLevel.ThirdPersonExampleMap'
[2016.02.09-22.42.31:725][782]LogParticles: Destroying 0 GPU particle simulations for FXSystem 0x000001B587E57C40
[2016.02.09-22.43.05:385][495]LogBlueprintUserMessages: Early PlayInEditor Detection: Level '/Game/ThirdPersonBP/Maps/ThirdPersonExampleMap.ThirdPersonExampleMap:PersistentLevel' has LevelScriptBlueprint '/Game/ThirdPersonBP/Maps/ThirdPersonExampleMap.ThirdPersonExampleMap:PersistentLevel.ThirdPersonExampleMap' with GeneratedClass '/Game/ThirdPersonBP/Maps/ThirdPersonExampleMap.ThirdPersonExampleMap_C' with ClassGeneratedBy '/Game/ThirdPersonBP/Maps/ThirdPersonExampleMap.ThirdPersonExampleMap:PersistentLevel.ThirdPersonExampleMap'
[2016.02.09-22.43.05:385][495]LogPlayLevel: PlayLevel: No blueprints needed recompiling
[2016.02.09-22.43.05:385][495]PIE: New page: PIE session: ThirdPersonExampleMap (Feb 9, 2016, 10:43:05 AM)
[2016.02.09-22.43.05:385][495]LogPlayLevel: Creating play world package: /Game/ThirdPersonBP/Maps/UEDPIE_0_ThirdPersonExampleMap
[2016.02.09-22.43.05:403][495]LogPlayLevel: PIE: StaticDuplicateObject took: (0.017653s)
[2016.02.09-22.43.05:404][495]LogAIModule: Creating AISystem for world ThirdPersonExampleMap
[2016.02.09-22.43.05:404][495]LogPlayLevel: PIE: World Init took: (0.000804s)
[2016.02.09-22.43.05:404][495]LogPlayLevel: PIE: Created PIE world by copying editor world from /Game/ThirdPersonBP/Maps/ThirdPersonExampleMap.ThirdPersonExampleMap to /Game/ThirdPersonBP/Maps/UEDPIE_0_ThirdPersonExampleMap.ThirdPersonExampleMap (0.018678s)
[2016.02.09-22.43.05:424][495]LogInit: XAudio2 using 'Speakers (2- Logitech USB Headset)' : 2 channels at 44.1 kHz using 16 bits per sample (channel mask 0x3)
[2016.02.09-22.43.05:429][495]LogInit: FAudioDevice initialized.
[2016.02.09-22.43.05:459][495]LogWorld: Game class is 'ThirdPersonGameMode_C'
[2016.02.09-22.43.05:463][495]LogWorld: Bringing World /Game/ThirdPersonBP/Maps/UEDPIE_0_ThirdPersonExampleMap.ThirdPersonExampleMap up for play (max tick rate 0) at 2016.02.09-16.43.05
[2016.02.09-22.43.05:463][495]LogActor:Warning: GameSession /Game/ThirdPersonBP/Maps/UEDPIE_0_ThirdPersonExampleMap.ThirdPersonExampleMap:PersistentLevel.GameSession_2 has natively added scene component(s), but none of them were set as the actor's RootComponent - picking one arbitrarily
[2016.02.09-22.43.05:463][495]LogActor:Warning: GameNetworkManager /Game/ThirdPersonBP/Maps/UEDPIE_0_ThirdPersonExampleMap.ThirdPersonExampleMap:PersistentLevel.GameNetworkManager_2 has natively added scene component(s), but none of them were set as the actor's RootComponent - picking one arbitrarily
[2016.02.09-22.43.05:463][495]LogWorld: Bringing up level for play took: 0.003407
[2016.02.09-22.43.05:464][495]PIE: Info Play in editor start time for /Game/ThirdPersonBP/Maps/UEDPIE_0_ThirdPersonExampleMap 1.048
[2016.02.09-22.43.05:464][495]LogBlueprintUserMessages: Late PlayInEditor Detection: Level '/Game/ThirdPersonBP/Maps/ThirdPersonExampleMap.ThirdPersonExampleMap:PersistentLevel' has LevelScriptBlueprint '/Game/ThirdPersonBP/Maps/ThirdPersonExampleMap.ThirdPersonExampleMap:PersistentLevel.ThirdPersonExampleMap' with GeneratedClass '/Game/ThirdPersonBP/Maps/ThirdPersonExampleMap.ThirdPersonExampleMap_C' with ClassGeneratedBy '/Game/ThirdPersonBP/Maps/ThirdPersonExampleMap.ThirdPersonExampleMap:PersistentLevel.ThirdPersonExampleMap'
[2016.02.09-22.43.07:939][743]LogBlueprintUserMessages: Early EndPlayMap Detection: Level '/Game/ThirdPersonBP/Maps/ThirdPersonExampleMap.ThirdPersonExampleMap:PersistentLevel' has LevelScriptBlueprint '/Game/ThirdPersonBP/Maps/ThirdPersonExampleMap.ThirdPersonExampleMap:PersistentLevel.ThirdPersonExampleMap' with GeneratedClass '/Game/ThirdPersonBP/Maps/ThirdPersonExampleMap.ThirdPersonExampleMap_C' with ClassGeneratedBy '/Game/ThirdPersonBP/Maps/ThirdPersonExampleMap.ThirdPersonExampleMap:PersistentLevel.ThirdPersonExampleMap'
[2016.02.09-22.43.07:985][743]LogBlueprintUserMessages: Late EndPlayMap Detection: Level '/Game/ThirdPersonBP/Maps/ThirdPersonExampleMap.ThirdPersonExampleMap:PersistentLevel' has LevelScriptBlueprint '/Game/ThirdPersonBP/Maps/ThirdPersonExampleMap.ThirdPersonExampleMap:PersistentLevel.ThirdPersonExampleMap' with GeneratedClass '/Game/ThirdPersonBP/Maps/ThirdPersonExampleMap.ThirdPersonExampleMap_C' with ClassGeneratedBy '/Game/ThirdPersonBP/Maps/ThirdPersonExampleMap.ThirdPersonExampleMap:PersistentLevel.ThirdPersonExampleMap'
[2016.02.09-22.43.08:022][744]LogParticles: Destroying 0 GPU particle simulations for FXSystem 0x000001B586317C40
[2016.02.09-22.43.16:322][442]LogSlate:Warning: Prevented a slow task dialog from being summoned while a context menu was open
[2016.02.09-22.43.16:402][442]LogBlueprint:Warning: [compiler Ue4ASP_Character] Warning InputAction Event references unknown Action 'Crouch' for  InputAction Crouch 
[2016.02.09-22.43.16:404][442]LogBlueprint:Warning: [compiler Ue4ASP_Character] Warning [0301.16] Compile of Ue4ASP_Character successful, but with 1 Warning(s) [in 4 ms]
[2016.02.09-22.43.16:404][442]LogBlueprint:Warning: [compiler Ue4ASP_Character] Warning [0301.16] Compile of Ue4ASP_Character successful, but with 2 Warning(s) [in 0 ms]
[2016.02.09-22.43.16:404][442]LogBlueprint:Warning: [compiler Ue4ASP_Character] Warning [0301.16] Compile of Ue4ASP_Character successful, but with 3 Warning(s) [in 0 ms]
[2016.02.09-22.43.16:450][442]LogBlueprint:Warning: [compiler Ue4ASP_Character] Warning InputAction Event references unknown Action 'Crouch' for  InputAction Crouch 
[2016.02.09-22.43.16:453][442]LogBlueprint:Warning: [compiler Ue4ASP_Character] Warning [0301.21] Compile of Ue4ASP_Character successful, but with 1 Warning(s) [in 4 ms]
[2016.02.09-22.43.16:453][442]LogBlueprint:Warning: [compiler Ue4ASP_Character] Warning [0301.21] Compile of Ue4ASP_Character successful, but with 2 Warning(s) [in 0 ms]
[2016.02.09-22.43.16:453][442]LogBlueprint:Warning: [compiler Ue4ASP_Character] Warning [0301.21] Compile of Ue4ASP_Character successful, but with 3 Warning(s) [in 0 ms]
[2016.02.09-22.43.16:505][442]LogTexture:Display: Building textures: UE4Man_Logo_N (BC5)
[2016.02.09-22.43.16:541][442]LogTexture:Display: Building textures: T_ML_Aluminum01 (DXT1)
[2016.02.09-22.43.16:679][442]LogTexture:Display: Building textures: T_ML_Rubber_Blue_01_D (DXT1)
[2016.02.09-22.43.16:849][442]LogTexture:Display: Building textures: T_ML_Rubber_Blue_01_N (BC5)
[2016.02.09-22.43.16:886][442]LogTexture:Display: Building textures: T_ML_Aluminum01_N (BC5)
[2016.02.09-22.43.16:927][442]LogTexture:Display: Building textures: UE4_Mannequin_MAT_MASKA (AutoDXT)
[2016.02.09-22.43.17:133][442]LogTexture:Display: Building textures: UE4_Mannequin__normals (BC5)
[2016.02.09-22.43.17:552][442]LogTexture:Display: Building textures: UE4_Mannequin_occlusion_Mobile (DXT1)
[2016.02.09-22.43.17:649][442]LogMaterial: Missing cached shader map for material M_UE4Man_Body, compiling. 
[2016.02.09-22.43.17:672][442]LogMaterial: Missing cached shader map for material M_UE4Man_Body, compiling. 
[2016.02.09-22.43.26:225][ 77]LogBlueprintUserMessages: Early PlayInEditor Detection: Level '/Game/ThirdPersonBP/Maps/ThirdPersonExampleMap.ThirdPersonExampleMap:PersistentLevel' has LevelScriptBlueprint '/Game/ThirdPersonBP/Maps/ThirdPersonExampleMap.ThirdPersonExampleMap:PersistentLevel.ThirdPersonExampleMap' with GeneratedClass '/Game/ThirdPersonBP/Maps/ThirdPersonExampleMap.ThirdPersonExampleMap_C' with ClassGeneratedBy '/Game/ThirdPersonBP/Maps/ThirdPersonExampleMap.ThirdPersonExampleMap:PersistentLevel.ThirdPersonExampleMap'
[2016.02.09-22.43.26:225][ 77]LogPlayLevel: PlayLevel: No blueprints needed recompiling
[2016.02.09-22.43.26:225][ 77]PIE: New page: PIE session: ThirdPersonExampleMap (Feb 9, 2016, 10:43:26 AM)
[2016.02.09-22.43.26:225][ 77]LogPlayLevel: Creating play world package: /Game/ThirdPersonBP/Maps/UEDPIE_0_ThirdPersonExampleMap
[2016.02.09-22.43.26:243][ 77]LogPlayLevel: PIE: StaticDuplicateObject took: (0.018318s)
[2016.02.09-22.43.26:244][ 77]LogAIModule: Creating AISystem for world ThirdPersonExampleMap
[2016.02.09-22.43.26:244][ 77]LogPlayLevel: PIE: World Init took: (0.000911s)
[2016.02.09-22.43.26:244][ 77]LogPlayLevel: PIE: Created PIE world by copying editor world from /Game/ThirdPersonBP/Maps/ThirdPersonExampleMap.ThirdPersonExampleMap to /Game/ThirdPersonBP/Maps/UEDPIE_0_ThirdPersonExampleMap.ThirdPersonExampleMap (0.019432s)
[2016.02.09-22.43.26:272][ 77]LogInit: XAudio2 using 'Speakers (2- Logitech USB Headset)' : 2 channels at 44.1 kHz using 16 bits per sample (channel mask 0x3)
[2016.02.09-22.43.26:278][ 77]LogInit: FAudioDevice initialized.
[2016.02.09-22.43.26:307][ 77]LogWorld: Game class is 'ThirdPersonGameMode_C'
[2016.02.09-22.43.26:311][ 77]LogWorld: Bringing World /Game/ThirdPersonBP/Maps/UEDPIE_0_ThirdPersonExampleMap.ThirdPersonExampleMap up for play (max tick rate 0) at 2016.02.09-16.43.26
[2016.02.09-22.43.26:311][ 77]LogActor:Warning: GameSession /Game/ThirdPersonBP/Maps/UEDPIE_0_ThirdPersonExampleMap.ThirdPersonExampleMap:PersistentLevel.GameSession_3 has natively added scene component(s), but none of them were set as the actor's RootComponent - picking one arbitrarily
[2016.02.09-22.43.26:311][ 77]LogActor:Warning: GameNetworkManager /Game/ThirdPersonBP/Maps/UEDPIE_0_ThirdPersonExampleMap.ThirdPersonExampleMap:PersistentLevel.GameNetworkManager_3 has natively added scene component(s), but none of them were set as the actor's RootComponent - picking one arbitrarily
[2016.02.09-22.43.26:312][ 77]LogWorld: Bringing up level for play took: 0.003502
[2016.02.09-22.43.26:313][ 77]PIE: Info Play in editor start time for /Game/ThirdPersonBP/Maps/UEDPIE_0_ThirdPersonExampleMap -0.104
[2016.02.09-22.43.26:313][ 77]LogBlueprintUserMessages: Late PlayInEditor Detection: Level '/Game/ThirdPersonBP/Maps/ThirdPersonExampleMap.ThirdPersonExampleMap:PersistentLevel' has LevelScriptBlueprint '/Game/ThirdPersonBP/Maps/ThirdPersonExampleMap.ThirdPersonExampleMap:PersistentLevel.ThirdPersonExampleMap' with GeneratedClass '/Game/ThirdPersonBP/Maps/ThirdPersonExampleMap.ThirdPersonExampleMap_C' with ClassGeneratedBy '/Game/ThirdPersonBP/Maps/ThirdPersonExampleMap.ThirdPersonExampleMap:PersistentLevel.ThirdPersonExampleMap'
[2016.02.09-22.43.29:790][447]LogBlueprintUserMessages: Early EndPlayMap Detection: Level '/Game/ThirdPersonBP/Maps/ThirdPersonExampleMap.ThirdPersonExampleMap:PersistentLevel' has LevelScriptBlueprint '/Game/ThirdPersonBP/Maps/ThirdPersonExampleMap.ThirdPersonExampleMap:PersistentLevel.ThirdPersonExampleMap' with GeneratedClass '/Game/ThirdPersonBP/Maps/ThirdPersonExampleMap.ThirdPersonExampleMap_C' with ClassGeneratedBy '/Game/ThirdPersonBP/Maps/ThirdPersonExampleMap.ThirdPersonExampleMap:PersistentLevel.ThirdPersonExampleMap'
[2016.02.09-22.43.29:839][447]LogBlueprintUserMessages: Late EndPlayMap Detection: Level '/Game/ThirdPersonBP/Maps/ThirdPersonExampleMap.ThirdPersonExampleMap:PersistentLevel' has LevelScriptBlueprint '/Game/ThirdPersonBP/Maps/ThirdPersonExampleMap.ThirdPersonExampleMap:PersistentLevel.ThirdPersonExampleMap' with GeneratedClass '/Game/ThirdPersonBP/Maps/ThirdPersonExampleMap.ThirdPersonExampleMap_C' with ClassGeneratedBy '/Game/ThirdPersonBP/Maps/ThirdPersonExampleMap.ThirdPersonExampleMap:PersistentLevel.ThirdPersonExampleMap'
[2016.02.09-22.43.29:851][447]LogParticles: Destroying 0 GPU particle simulations for FXSystem 0x000001B5AAC17BA0
[2016.02.09-22.43.38:050][810]LogSlate:Warning: Prevented a slow task dialog from being summoned while a context menu was open
[2016.02.09-22.44.33:042][629]Cmd: QUIT_EDITOR
[2016.02.09-22.44.33:398][629]LogWindowsTextInputMethodSystem:Display: IME system now deactivated.
[2016.02.09-22.44.33:493][629]LogExit: Preparing to exit.
[2016.02.09-22.44.33:674][629]LogExit: Editor shut down
[2016.02.09-22.44.33:674][629]LogExit: Transaction tracking system shut down
[2016.02.09-22.44.33:677][629]LogParticles: Destroying 0 GPU particle simulations for FXSystem 0x000001B5CDCE4860
[2016.02.09-22.44.33:678][629]LogParticles: Destroying 0 GPU particle simulations for FXSystem 0x000001B5EA6A71A0
[2016.02.09-22.44.33:678][629]LogParticles: Destroying 0 GPU particle simulations for FXSystem 0x000001B5EAEE31A0
[2016.02.09-22.44.33:678][629]LogParticles: Destroying 0 GPU particle simulations for FXSystem 0x000001B5EAEE3060
[2016.02.09-22.44.33:678][629]LogParticles: Destroying 0 GPU particle simulations for FXSystem 0x000001B5E9C8C400
[2016.02.09-22.44.33:818][629]LogExit: Object subsystem successfully closed.
[2016.02.09-22.44.33:833][629]LogD3D11RHI: Shutdown
[2016.02.09-22.44.33:834][629]LogD3D11RHI: CleanupD3DDevice
[2016.02.09-22.44.33:882][629]LogD3D11RHI: ~FD3D11DynamicRHI
[2016.02.09-22.44.33:905][629]LogModuleManager: Shutting down and abandoning module CrashTracker (198)
[2016.02.09-22.44.33:905][629]LogModuleManager: Shutting down and abandoning module SceneOutliner (197)
[2016.02.09-22.44.33:905][629]LogModuleManager: Shutting down and abandoning module SuperSearch (196)
[2016.02.09-22.44.33:905][629]LogModuleManager: Shutting down and abandoning module WidgetCarousel (195)
[2016.02.09-22.44.33:905][629]LogModuleManager: Shutting down and abandoning module AddContentDialog (194)
[2016.02.09-22.44.33:906][629]LogModuleManager: Shutting down and abandoning module EditorWidgets (193)
[2016.02.09-22.44.33:906][629]LogModuleManager: Shutting down and abandoning module CollectionManager (192)
[2016.02.09-22.44.33:906][629]LogModuleManager: Shutting down and abandoning module StatsViewer (191)
[2016.02.09-22.44.33:906][629]LogModuleManager: Shutting down and abandoning module FoliageEdit (190)
[2016.02.09-22.44.33:906][629]LogModuleManager: Shutting down and abandoning module LandscapeEditor (189)
[2016.02.09-22.44.33:906][629]LogModuleManager: Shutting down and abandoning module ActorPickerMode (188)
[2016.02.09-22.44.33:906][629]LogModuleManager: Shutting down and abandoning module GeometryMode (187)
[2016.02.09-22.44.33:906][629]LogModuleManager: Shutting down and abandoning module TextureAlignMode (186)
[2016.02.09-22.44.33:906][629]LogModuleManager: Shutting down and abandoning module BspMode (185)
[2016.02.09-22.44.33:906][629]LogModuleManager: Shutting down and abandoning module PlacementMode (184)
[2016.02.09-22.44.33:906][629]LogModuleManager: Shutting down and abandoning module AutomationWorker (183)
[2016.02.09-22.44.33:906][629]LogModuleManager: Shutting down and abandoning module CharacterAI (182)
[2016.02.09-22.44.33:906][629]LogModuleManager: Shutting down and abandoning module SmartSnapping (181)
[2016.02.09-22.44.33:906][629]LogModuleManager: Shutting down and abandoning module ViewportSnapping (180)
[2016.02.09-22.44.33:906][629]LogModuleManager: Shutting down and abandoning module LogVisualizer (179)
[2016.02.09-22.44.33:906][629]LogModuleManager: Shutting down and abandoning module GameProjectGeneration (178)
[2016.02.09-22.44.33:906][629]LogModuleManager: Shutting down and abandoning module IntroTutorials (177)
[2016.02.09-22.44.33:906][629]LogModuleManager: Shutting down and abandoning module EditorLiveStreaming (176)
[2016.02.09-22.44.33:906][629]LogModuleManager: Shutting down and abandoning module IOSPlatformEditor (175)
[2016.02.09-22.44.33:906][629]LogModuleManager: Shutting down and abandoning module HTML5PlatformEditor (174)
[2016.02.09-22.44.33:906][629]LogModuleManager: Shutting down and abandoning module AndroidDeviceDetection (173)
[2016.02.09-22.44.34:482][629]LogModuleManager: Shutting down and abandoning module AndroidPlatformEditor (172)
[2016.02.09-22.44.34:482][629]LogModuleManager: Shutting down and abandoning module IOSRuntimeSettings (171)
[2016.02.09-22.44.34:482][629]LogModuleManager: Shutting down and abandoning module AndroidRuntimeSettings (170)
[2016.02.09-22.44.34:482][629]LogModuleManager: Shutting down and abandoning module MergeActors (169)
[2016.02.09-22.44.34:482][629]LogModuleManager: Shutting down and abandoning module SizeMap (168)
[2016.02.09-22.44.34:482][629]LogModuleManager: Shutting down and abandoning module TreeMap (167)
[2016.02.09-22.44.34:482][629]LogModuleManager: Shutting down and abandoning module ReferenceViewer (166)
[2016.02.09-22.44.34:482][629]LogModuleManager: Shutting down and abandoning module LocalizationService (165)
[2016.02.09-22.44.34:482][629]LogModuleManager: Shutting down and abandoning module LocalizationDashboard (164)
[2016.02.09-22.44.34:482][629]LogModuleManager: Shutting down and abandoning module HardwareTargeting (163)
[2016.02.09-22.44.34:482][629]LogModuleManager: Shutting down and abandoning module DeviceProfileEditor (162)
[2016.02.09-22.44.34:482][629]LogModuleManager: Shutting down and abandoning module UndoHistory (161)
[2016.02.09-22.44.34:482][629]LogModuleManager: Shutting down and abandoning module GameplayTagsEditor (160)
[2016.02.09-22.44.34:482][629]LogModuleManager: Shutting down and abandoning module UserFeedback (159)
[2016.02.09-22.44.34:482][629]LogModuleManager: Shutting down and abandoning module XmlParser (158)
[2016.02.09-22.44.34:482][629]LogModuleManager: Shutting down and abandoning module Blutility (157)
[2016.02.09-22.44.34:482][629]LogModuleManager: Shutting down and abandoning module ProjectTargetPlatformEditor (156)
[2016.02.09-22.44.34:482][629]LogModuleManager: Shutting down and abandoning module ProjectSettingsViewer (155)
[2016.02.09-22.44.34:484][629]LogModuleManager: Shutting down and abandoning module InputBindingEditor (154)
[2016.02.09-22.44.34:484][629]LogModuleManager: Shutting down and abandoning module EditorSettingsViewer (153)
[2016.02.09-22.44.34:484][629]LogModuleManager: Shutting down and abandoning module SettingsEditor (152)
[2016.02.09-22.44.34:484][629]LogModuleManager: Shutting down and abandoning module ProjectLauncher (151)
[2016.02.09-22.44.34:484][629]LogModuleManager: Shutting down and abandoning module SessionFrontend (150)
[2016.02.09-22.44.34:484][629]LogModuleManager: Shutting down and abandoning module ProfilerClient (149)
[2016.02.09-22.44.34:484][629]LogModuleManager: Shutting down and abandoning module TargetDeviceServices (148)
[2016.02.09-22.44.34:484][629]LogModuleManager: Shutting down and abandoning module DeviceManager (147)
[2016.02.09-22.44.34:484][629]LogModuleManager: Shutting down and abandoning module AutomationController (146)
[2016.02.09-22.44.34:484][629]LogModuleManager: Shutting down and abandoning module AutomationWindow (145)
[2016.02.09-22.44.34:484][629]LogModuleManager: Shutting down and abandoning module Layers (144)
[2016.02.09-22.44.34:485][629]LogModuleManager: Shutting down and abandoning module ComponentVisualizers (143)
[2016.02.09-22.44.34:485][629]LogModuleManager: Shutting down and abandoning module DetailCustomizations (142)
[2016.02.09-22.44.34:485][629]LogModuleManager: Shutting down and abandoning module PackagesDialog (141)
[2016.02.09-22.44.34:486][629]LogModuleManager: Shutting down and abandoning module Persona (140)
[2016.02.09-22.44.34:486][629]LogModuleManager: Shutting down and abandoning module Kismet (139)
[2016.02.09-22.44.34:487][629]LogModuleManager: Shutting down and abandoning module GraphEditor (138)
[2016.02.09-22.44.34:487][629]LogModuleManager: Shutting down and abandoning module ClassViewer (137)
[2016.02.09-22.44.34:490][629]LogModuleManager: Shutting down and abandoning module Toolbox (136)
[2016.02.09-22.44.34:490][629]LogModuleManager: Shutting down and abandoning module ModuleUI (135)
[2016.02.09-22.44.34:490][629]LogModuleManager: Shutting down and abandoning module MovieSceneTools (134)
[2016.02.09-22.44.34:490][629]LogModuleManager: Shutting down and abandoning module OutputLog (133)
[2016.02.09-22.44.34:490][629]LogModuleManager: Shutting down and abandoning module GammaUI (132)
[2016.02.09-22.44.34:490][629]LogModuleManager: Shutting down and abandoning module Documentation (131)
[2016.02.09-22.44.34:490][629]LogModuleManager: Shutting down and abandoning module GameLiveStreaming (130)
[2016.02.09-22.44.34:491][629]LogModuleManager: Shutting down and abandoning module StreamingPauseRendering (129)
[2016.02.09-22.44.34:491][629]LogModuleManager: Shutting down and abandoning module AnalyticsET (128)
[2016.02.09-22.44.34:491][629]LogModuleManager: Shutting down and abandoning module Analytics (127)
[2016.02.09-22.44.34:491][629]LogModuleManager: Shutting down and abandoning module AITestSuite (126)
[2016.02.09-22.44.34:491][629]LogModuleManager: Shutting down and abandoning module GameplayDebugger (125)
[2016.02.09-22.44.34:491][629]LogModuleManager: Shutting down and abandoning module AIModule (124)
[2016.02.09-22.44.34:491][629]LogModuleManager: Shutting down and abandoning module ProfilerService (123)
[2016.02.09-22.44.34:712][629]LogModuleManager: Shutting down and abandoning module TaskGraph (122)
[2016.02.09-22.44.34:712][629]LogModuleManager: Shutting down and abandoning module SlateRemote (121)
[2016.02.09-22.44.34:712][629]LogModuleManager: Shutting down and abandoning module SteamVRController (120)
[2016.02.09-22.44.34:712][629]LogModuleManager: Shutting down and abandoning module SteamVR (119)
[2016.02.09-22.44.34:712][629]LogModuleManager: Shutting down and abandoning module ProceduralMeshComponent (118)
[2016.02.09-22.44.34:712][629]LogModuleManager: Shutting down and abandoning module OculusLibrary (117)
[2016.02.09-22.44.34:712][629]LogModuleManager: Shutting down and abandoning module OculusInput (116)
[2016.02.09-22.44.34:712][629]LogModuleManager: Shutting down and abandoning module LeapMotionController (115)
[2016.02.09-22.44.34:758][629]LogModuleManager: Shutting down and abandoning module CustomMeshComponent (114)
[2016.02.09-22.44.34:758][629]LogModuleManager: Shutting down and abandoning module CableComponent (113)
[2016.02.09-22.44.34:758][629]LogModuleManager: Shutting down and abandoning module ArchVisCharacter (112)
[2016.02.09-22.44.34:758][629]LogModuleManager: Shutting down and abandoning module MessagingDebugger (111)
[2016.02.09-22.44.34:758][629]LogModuleManager: Shutting down and abandoning module MediaPlayerEditor (110)
[2016.02.09-22.44.34:758][629]LogModuleManager: Shutting down and abandoning module HTML5Networking (109)
[2016.02.09-22.44.34:758][629]LogModuleManager: Shutting down and abandoning module SpeedTreeImporter (108)
[2016.02.09-22.44.34:758][629]LogModuleManager: Shutting down and abandoning module PluginBrowser (107)
[2016.02.09-22.44.34:758][629]LogModuleManager: Shutting down and abandoning module EpicSurvey (106)
[2016.02.09-22.44.34:758][629]LogModuleManager: Shutting down and abandoning module DesktopPlatform (105)
[2016.02.09-22.44.34:758][629]LogModuleManager: Shutting down and abandoning module VisualStudioSourceCodeAccess (104)
[2016.02.09-22.44.34:758][629]LogModuleManager: Shutting down and abandoning module UObjectPlugin (103)
[2016.02.09-22.44.34:758][629]LogModuleManager: Shutting down and abandoning module SubversionSourceControl (102)
[2016.02.09-22.44.34:758][629]LogModuleManager: Shutting down and abandoning module PerforceSourceControl (101)
[2016.02.09-22.44.34:758][629]LogModuleManager: Shutting down and abandoning module SourceControl (100)
[2016.02.09-22.44.34:759][629]LogModuleManager: Shutting down and abandoning module GitSourceControl (99)
[2016.02.09-22.44.34:759][629]LogModuleManager: Shutting down and abandoning module LightPropagationVolumeEditor (98)
[2016.02.09-22.44.34:759][629]LogModuleManager: Shutting down and abandoning module PaperTiledImporter (97)
[2016.02.09-22.44.34:759][629]LogModuleManager: Shutting down and abandoning module PaperSpriteSheetImporter (96)
[2016.02.09-22.44.34:759][629]LogModuleManager: Shutting down and abandoning module MeshPaint (95)
[2016.02.09-22.44.34:759][629]LogModuleManager: Shutting down and abandoning module SlateReflector (94)
[2016.02.09-22.44.34:759][629]LogModuleManager: Shutting down and abandoning module HotReload (93)
[2016.02.09-22.44.34:759][629]LogModuleManager: Shutting down and abandoning module MainFrame (92)
[2016.02.09-22.44.34:759][629]LogModuleManager: Shutting down and abandoning module LevelEditor (91)
[2016.02.09-22.44.34:760][629]LogModuleManager: Shutting down and abandoning module DirectoryWatcher (90)
[2016.02.09-22.44.34:762][629]LogModuleManager: Shutting down and abandoning module AssetRegistry (89)
[2016.02.09-22.44.34:872][629]LogModuleManager: Shutting down and abandoning module ContentBrowser (88)
[2016.02.09-22.44.34:873][629]LogModuleManager: Shutting down and abandoning module Paper2DEditor (87)
[2016.02.09-22.44.34:873][629]LogModuleManager: Shutting down and abandoning module UdpMessaging (86)
[2016.02.09-22.44.34:974][629]LogModuleManager: Shutting down and abandoning module LightPropagationVolumeRuntime (85)
[2016.02.09-22.44.34:974][629]LogModuleManager: Shutting down and abandoning module Paper2D (84)
[2016.02.09-22.44.34:974][629]LogModuleManager: Shutting down and abandoning module WindowsMoviePlayer (83)
[2016.02.09-22.44.34:978][629]LogModuleManager: Shutting down and abandoning module Media (82)
[2016.02.09-22.44.34:978][629]LogModuleManager: Shutting down and abandoning module WmfMedia (81)
[2016.02.09-22.44.34:978][629]LogModuleManager: Shutting down and abandoning module OnlineBlueprintSupport (80)
[2016.02.09-22.44.34:978][629]LogModuleManager: Shutting down and abandoning module GameplayTasksEditor (79)
[2016.02.09-22.44.34:978][629]LogModuleManager: Shutting down and abandoning module PropertyEditor (78)
[2016.02.09-22.44.34:978][629]LogModuleManager: Shutting down and abandoning module BehaviorTreeEditor (77)
[2016.02.09-22.44.34:978][629]LogModuleManager: Shutting down and abandoning module FunctionalTesting (76)
[2016.02.09-22.44.34:979][629]LogModuleManager: Shutting down and abandoning module CollisionAnalyzer (75)
[2016.02.09-22.44.34:979][629]LogModuleManager: Shutting down and abandoning module WorkspaceMenuStructure (74)
[2016.02.09-22.44.34:979][629]LogModuleManager: Shutting down and abandoning module MessageLog (73)
[2016.02.09-22.44.34:979][629]LogModuleManager: Shutting down and abandoning module Sequencer (72)
[2016.02.09-22.44.34:979][629]LogModuleManager: Shutting down and abandoning module AssetTools (71)
[2016.02.09-22.44.34:979][629]LogModuleManager: Shutting down and abandoning module UMGEditor (70)
[2016.02.09-22.44.34:979][629]LogModuleManager: Shutting down and abandoning module UMG (69)
[2016.02.09-22.44.34:979][629]LogModuleManager: Shutting down and abandoning module Slate (68)
[2016.02.09-22.44.34:979][629]LogModuleManager: Shutting down and abandoning module EditorStyle (67)
[2016.02.09-22.44.34:983][629]LogModuleManager: Shutting down and abandoning module SessionServices (66)
[2016.02.09-22.44.34:983][629]LogModuleManager: Shutting down and abandoning module SourceCodeAccess (65)
[2016.02.09-22.44.34:983][629]LogModuleManager: Shutting down and abandoning module HeadMountedDisplay (64)
[2016.02.09-22.44.34:983][629]LogModuleManager: Shutting down and abandoning module XAudio2 (63)
[2016.02.09-22.44.34:983][629]LogModuleManager: Shutting down and abandoning module Networking (61)
[2016.02.09-22.44.34:983][629]LogModuleManager: Shutting down and abandoning module Core (60)
[2016.02.09-22.44.34:983][629]LogModuleManager: Shutting down and abandoning module KismetCompiler (59)
[2016.02.09-22.44.34:983][629]LogModuleManager: Shutting down and abandoning module PhysXFormats (58)
[2016.02.09-22.44.34:983][629]LogModuleManager: Shutting down and abandoning module MeshUtilities (57)
[2016.02.09-22.44.34:983][629]LogModuleManager: Shutting down and abandoning module DerivedDataCache (56)
[2016.02.09-22.44.35:065][629]LogDerivedDataCache: Shutdown
[2016.02.09-22.44.35:066][629]LogModuleManager: Shutting down and abandoning module ShaderFormatOpenGL (55)
[2016.02.09-22.44.35:066][629]LogModuleManager: Shutting down and abandoning module ShaderFormatD3D (54)
[2016.02.09-22.44.35:066][629]LogModuleManager: Shutting down and abandoning module MetalShaderFormat (53)
[2016.02.09-22.44.35:066][629]LogModuleManager: Shutting down and abandoning module TextureFormatUncompressed (52)
[2016.02.09-22.44.35:066][629]LogModuleManager: Shutting down and abandoning module TextureFormatPVR (51)
[2016.02.09-22.44.35:066][629]LogModuleManager: Shutting down and abandoning module TextureFormatIntelISPCTexComp (50)
[2016.02.09-22.44.35:066][629]LogModuleManager: Shutting down and abandoning module TextureFormatDXT (49)
[2016.02.09-22.44.35:066][629]LogModuleManager: Shutting down and abandoning module ImageWrapper (48)
[2016.02.09-22.44.35:066][629]LogModuleManager: Shutting down and abandoning module TextureFormatASTC (47)
[2016.02.09-22.44.35:066][629]LogModuleManager: Shutting down and abandoning module TextureFormatAndroid (46)
[2016.02.09-22.44.35:066][629]LogModuleManager: Shutting down and abandoning module AudioFormatOpus (45)
[2016.02.09-22.44.35:066][629]LogModuleManager: Shutting down and abandoning module AudioFormatOgg (44)
[2016.02.09-22.44.35:066][629]LogModuleManager: Shutting down and abandoning module AudioFormatADPCM (43)
[2016.02.09-22.44.35:066][629]LogModuleManager: Shutting down and abandoning module LinuxTargetPlatform (42)
[2016.02.09-22.44.35:066][629]LogModuleManager: Shutting down and abandoning module LinuxServerTargetPlatform (41)
[2016.02.09-22.44.35:066][629]LogModuleManager: Shutting down and abandoning module LinuxNoEditorTargetPlatform (40)
[2016.02.09-22.44.35:066][629]LogModuleManager: Shutting down and abandoning module Messaging (39)
[2016.02.09-22.44.35:066][629]LogModuleManager: Shutting down and abandoning module IOSTargetPlatform (38)
[2016.02.09-22.44.35:066][629]LogModuleManager: Shutting down and abandoning module HTML5TargetPlatform (37)
[2016.02.09-22.44.35:066][629]LogModuleManager: Shutting down and abandoning module Android_PVRTCTargetPlatform (36)
[2016.02.09-22.44.35:066][629]LogModuleManager: Shutting down and abandoning module Android_MultiTargetPlatform (35)
[2016.02.09-22.44.35:066][629]LogModuleManager: Shutting down and abandoning module Android_ETC2TargetPlatform (34)
[2016.02.09-22.44.35:066][629]LogModuleManager: Shutting down and abandoning module Android_ETC1TargetPlatform (33)
[2016.02.09-22.44.35:066][629]LogModuleManager: Shutting down and abandoning module Android_DXTTargetPlatform (32)
[2016.02.09-22.44.35:066][629]LogModuleManager: Shutting down and abandoning module Android_ATCTargetPlatform (31)
[2016.02.09-22.44.35:066][629]LogModuleManager: Shutting down and abandoning module Android_ASTCTargetPlatform (30)
[2016.02.09-22.44.35:066][629]LogModuleManager: Shutting down and abandoning module AndroidTargetPlatform (29)
[2016.02.09-22.44.35:066][629]LogModuleManager: Shutting down and abandoning module WindowsTargetPlatform (28)
[2016.02.09-22.44.35:066][629]LogModuleManager: Shutting down and abandoning module WindowsServerTargetPlatform (27)
[2016.02.09-22.44.35:066][629]LogModuleManager: Shutting down and abandoning module WindowsNoEditorTargetPlatform (26)
[2016.02.09-22.44.35:066][629]LogModuleManager: Shutting down and abandoning module WindowsClientTargetPlatform (25)
[2016.02.09-22.44.35:066][629]LogModuleManager: Shutting down and abandoning module AllDesktopTargetPlatform (24)
[2016.02.09-22.44.35:066][629]LogModuleManager: Shutting down and abandoning module TargetPlatform (23)
[2016.02.09-22.44.35:066][629]LogModuleManager: Shutting down and abandoning module InputCore (22)
[2016.02.09-22.44.35:066][629]LogModuleManager: Shutting down and abandoning module Settings (21)
[2016.02.09-22.44.35:067][629]LogModuleManager: Shutting down and abandoning module OnlineSubsystem (19)
[2016.02.09-22.44.35:067][629]LogModuleManager: Shutting down and abandoning module HTTP (18)
[2016.02.09-22.44.36:070][629]LogModuleManager: Shutting down and abandoning module XMPP (17)
[2016.02.09-22.44.36:070][629]LogModuleManager: Shutting down and abandoning module OculusRift (16)
[2016.02.09-22.44.36:070][629]LogModuleManager: Shutting down and abandoning module ExampleDeviceProfileSelector (15)
[2016.02.09-22.44.36:070][629]LogModuleManager: Shutting down and abandoning module TextureCompressor (14)
[2016.02.09-22.44.36:070][629]LogModuleManager: Shutting down and abandoning module ShaderCore (13)
[2016.02.09-22.44.36:070][629]LogModuleManager: Shutting down and abandoning module Landscape (12)
[2016.02.09-22.44.36:070][629]LogModuleManager: Shutting down and abandoning module SlateRHIRenderer (11)
[2016.02.09-22.44.36:070][629]LogModuleManager: Shutting down and abandoning module OpenGLDrv (10)
[2016.02.09-22.44.36:070][629]LogModuleManager: Shutting down and abandoning module D3D11RHI (9)
[2016.02.09-22.44.36:070][629]LogModuleManager: Shutting down and abandoning module AnimGraphRuntime (8)
[2016.02.09-22.44.36:070][629]LogModuleManager: Shutting down and abandoning module Renderer (7)
[2016.02.09-22.44.36:070][629]LogModuleManager: Shutting down and abandoning module Engine (6)
[2016.02.09-22.44.36:070][629]LogModuleManager: Shutting down and abandoning module CoreUObject (5)
[2016.02.09-22.44.36:070][629]LogModuleManager: Shutting down and abandoning module NetworkFile (4)
[2016.02.09-22.44.36:070][629]LogModuleManager: Shutting down and abandoning module StreamingFile (3)
[2016.02.09-22.44.36:070][629]LogModuleManager: Shutting down and abandoning module SandboxFile (2)
[2016.02.09-22.44.36:071][629]LogModuleManager: Shutting down and abandoning module PakFile (1)
[2016.02.09-22.44.36:072][629]LogExit: Exiting.
[2016.02.09-22.44.36:081][629]Log file closed, 02/09/16 16:44:36
